Logging PathPlanningMunge
01:18:4107/08/24
Group 0: 2 arcs
Group 1: 0 arcs
Group 2: 0 arcs
Group 3: 0 arcs
Group 4: 0 arcs
Group 5: 0 arcs
Group 6: 0 arcs
Group 7: 0 arcs
Group 1:
  blockleft
  Connection189
Group 0: 2 arcs
Group 1: 0 arcs
Group 2: 0 arcs
Group 3: 0 arcs
Group 4: 0 arcs
Group 5: 0 arcs
Group 6: 0 arcs
Group 7: 0 arcs
Group 1:
  blockleft
  Connection189
Group 0: 2 arcs
Group 1: 0 arcs
Group 2: 0 arcs
Group 3: 0 arcs
Group 4: 0 arcs
Group 5: 0 arcs
Group 6: 0 arcs
Group 7: 0 arcs
Group 1:
  blockleft
  Connection189
Group 0: 2 arcs
Group 1: 0 arcs
Group 2: 0 arcs
Group 3: 0 arcs
Group 4: 0 arcs
Group 5: 0 arcs
Group 6: 0 arcs
Group 7: 0 arcs
Group 1:
  blockleft
  Connection189
   0 Errors    0 Warnings

