Logging LevelPack
13:54:4607/23/24

=== tur_bldg_chaingun_tripod.lvl ===
Missing file com_weap_inf_ord_hum_sm.class
    Reqd by ..\common\munged\pc\com_weap_inf_chaingun_ord.class.req

=== tur_bldg_cis_missile.lvl ===
Missing file hud_all_lascannon_icon.texture
    Reqd by munged\pc\tur_bldg_cis_missile.class.req
Missing file imp_bldg_bandturret_exp.class
    Reqd by munged\pc\tur_bldg_cis_missile.class.req
Missing file hud_com_probedroid_health_icon.texture
    Reqd by ..\common\munged\pc\com_weap_veh_fly_guided_rocket.class.req
Missing file x-wing_icon.texture
    Reqd by ..\common\munged\pc\com_weap_veh_fly_guided_rocket_ord.class.req
Missing file hud_all_xwing_icon.texture
    Reqd by ..\common\munged\pc\com_weap_veh_fly_guided_rocket_ord.class.req
Missing file reticule_rifle.texture
    Reqd by ..\common\munged\pc\com_weap_null.class.req

=== tur_bldg_guided_rocket.lvl ===
Missing file hud_all_lascannon_icon.texture
    Reqd by munged\pc\tur_bldg_guided_rocket.class.req
Missing file hud_enclosedturret_icon.texture
    Reqd by munged\pc\tur_bldg_guided_rocket.class.req
Missing file hud_com_probedroid_health_icon.texture
    Reqd by ..\common\munged\pc\com_weap_veh_guided_rocket.class.req
Missing file x-wing_icon.texture
    Reqd by ..\common\munged\pc\com_weap_veh_guided_rocket_ord.class.req
Missing file hud_all_xwing_icon.texture
    Reqd by ..\common\munged\pc\com_weap_veh_guided_rocket_ord.class.req
Missing file reticule_rifle.texture
    Reqd by ..\common\munged\pc\com_weap_null.class.req

=== tur_bldg_spa_all_guided_rocket.lvl ===
Missing file hud_all_lascannon_icon.texture
    Reqd by munged\pc\tur_bldg_spa_all_guided_rocket.class.req
Missing file all_bldg_moncal_roundturret_exp.class
    Reqd by munged\pc\tur_bldg_spa_all_guided_rocket.class.req
Missing file hud_com_probedroid_health_icon.texture
    Reqd by ..\common\munged\pc\com_weap_veh_fly_guided_rocket.class.req
Missing file x-wing_icon.texture
    Reqd by ..\common\munged\pc\com_weap_veh_fly_guided_rocket_ord.class.req
Missing file hud_all_xwing_icon.texture
    Reqd by ..\common\munged\pc\com_weap_veh_fly_guided_rocket_ord.class.req
Missing file reticule_rifle.texture
    Reqd by ..\common\munged\pc\com_weap_null.class.req

=== tur_bldg_spa_cis_guided_rocket.lvl ===
Missing file hud_all_lascannon_icon.texture
    Reqd by munged\pc\tur_bldg_spa_cis_guided_rocket.class.req
Missing file cis_bldg_boxturret_exp.class
    Reqd by munged\pc\tur_bldg_spa_cis_guided_rocket.class.req
Missing file hud_com_probedroid_health_icon.texture
    Reqd by ..\common\munged\pc\com_weap_veh_fly_guided_rocket.class.req
Missing file x-wing_icon.texture
    Reqd by ..\common\munged\pc\com_weap_veh_fly_guided_rocket_ord.class.req
Missing file hud_all_xwing_icon.texture
    Reqd by ..\common\munged\pc\com_weap_veh_fly_guided_rocket_ord.class.req
Missing file reticule_rifle.texture
    Reqd by ..\common\munged\pc\com_weap_null.class.req

=== tur_bldg_spa_guided_rocket.lvl ===
Missing file hud_all_lascannon_icon.texture
    Reqd by munged\pc\tur_bldg_spa_guided_rocket.class.req
Missing file imp_bldg_bandturret_exp.class
    Reqd by munged\pc\tur_bldg_spa_guided_rocket.class.req
Missing file hud_com_probedroid_health_icon.texture
    Reqd by ..\common\munged\pc\com_weap_veh_fly_guided_rocket.class.req
Missing file x-wing_icon.texture
    Reqd by ..\common\munged\pc\com_weap_veh_fly_guided_rocket_ord.class.req
Missing file hud_all_xwing_icon.texture
    Reqd by ..\common\munged\pc\com_weap_veh_fly_guided_rocket_ord.class.req
Missing file reticule_rifle.texture
    Reqd by ..\common\munged\pc\com_weap_null.class.req

=== tur_bldg_spa_imp_guided_rocket.lvl ===
Missing file hud_all_lascannon_icon.texture
    Reqd by munged\pc\tur_bldg_spa_imp_guided_rocket.class.req
Missing file spa1_bldg_stardestroyer.texture
    Reqd by munged\pc\imp_bldg_bandturret_chunk1.model.req
            munged\pc\imp_bldg_bandturret_chunk2.model.req
Missing file spa1_bldg_stardestroyer_02.texture
    Reqd by munged\pc\imp_bldg_bandturret_chunk2.model.req
Missing file imp_bldg_bandturret_exp.class
    Reqd by munged\pc\tur_bldg_spa_imp_guided_rocket.class.req
Missing file hud_com_probedroid_health_icon.texture
    Reqd by ..\common\munged\pc\com_weap_veh_fly_guided_rocket.class.req
Missing file x-wing_icon.texture
    Reqd by ..\common\munged\pc\com_weap_veh_fly_guided_rocket_ord.class.req
Missing file hud_all_xwing_icon.texture
    Reqd by ..\common\munged\pc\com_weap_veh_fly_guided_rocket_ord.class.req
Missing file reticule_rifle.texture
    Reqd by ..\common\munged\pc\com_weap_null.class.req

=== tur_bldg_spa_rep_guided_rocket.lvl ===
Missing file hud_all_lascannon_icon.texture
    Reqd by munged\pc\tur_bldg_spa_rep_guided_rocket.class.req
Missing file rep_bldg_bandturret_exp.class
    Reqd by munged\pc\tur_bldg_spa_rep_guided_rocket.class.req
Missing file hud_com_probedroid_health_icon.texture
    Reqd by ..\common\munged\pc\com_weap_veh_fly_guided_rocket.class.req
Missing file x-wing_icon.texture
    Reqd by ..\common\munged\pc\com_weap_veh_fly_guided_rocket_ord.class.req
Missing file hud_all_xwing_icon.texture
    Reqd by ..\common\munged\pc\com_weap_veh_fly_guided_rocket_ord.class.req
Missing file reticule_rifle.texture
    Reqd by ..\common\munged\pc\com_weap_null.class.req
   0 Errors    0 Warnings

