Logging LevelPack
19:07:4607/08/24

=== cis_inf_marine.lvl ===
Missing file bdroidlz.zaabin
    Reqd by munged\pc\cis_inf_marine.class.req
Missing file cis_sfx_metaljunk.texture
    Reqd by munged\pc\cis_sfx_droid_explosion.config.req
Missing file boom4.texture
    Reqd by munged\pc\cis_sfx_droid_explosion.config.req
Missing file thicksmoke3.texture
    Reqd by munged\pc\cis_sfx_droid_explosion.config.req
Missing file dirtspray.config
    Reqd by munged\pc\cis_inf_default.class.req
Missing file com_weap_inf_ord_hum_sm.class
    Reqd by ..\common\munged\pc\com_weap_inf_rifle_ord.class.req
            ..\common\munged\pc\com_weap_award_rifle_ord.class.req
Missing file com_weap_inf_equip_med.class
    Reqd by munged\pc\cis_weap_inf_rifle.class.req
            munged\pc\cis_weap_award_rifle.class.req
Missing file com_weap_inf_ord_hum_rocket.class
    Reqd by ..\common\munged\pc\com_weap_inf_rocket_launcher_ord.class.req
Missing file bom_com_weap_inf_rocketlauncher_hum.class
    Reqd by munged\pc\cis_weap_inf_rocket_launcher_ord.class.req
Missing file com_weap_inf_equip_lg.class
    Reqd by munged\pc\cis_weap_inf_rocket_launcher.class.req
Missing file cis_weap_inf_launcher.texture
    Reqd by munged\pc\cis_weap_inf_launcher.model.req
Missing file com_weap_inf_equip_sm.class
    Reqd by munged\pc\cis_weap_inf_thermaldetonator.class.req

=== cis_inf_rocketeer.lvl ===
Missing file bdroidlz.zaabin
    Reqd by munged\pc\cis_inf_rocketeer.class.req
Missing file cis_sfx_metaljunk.texture
    Reqd by munged\pc\cis_sfx_droid_explosion.config.req
Missing file boom4.texture
    Reqd by munged\pc\cis_sfx_droid_explosion.config.req
Missing file thicksmoke3.texture
    Reqd by munged\pc\cis_sfx_droid_explosion.config.req
Missing file dirtspray.config
    Reqd by munged\pc\cis_inf_default.class.req
Missing file com_weap_inf_ord_hum_rocket.class
    Reqd by ..\common\munged\pc\com_weap_inf_rocket_launcher_ord.class.req
Missing file bom_com_weap_inf_rocketlauncher_hum.class
    Reqd by munged\pc\cis_weap_inf_rocket_launcher_ord.class.req
Missing file com_weap_inf_equip_lg.class
    Reqd by munged\pc\cis_weap_inf_rocket_launcher.class.req
            munged\pc\cis_weap_award_rocket_launcher.class.req
Missing file cis_weap_inf_launcher.texture
    Reqd by munged\pc\cis_weap_inf_launcher.model.req
Missing file com_weap_inf_ord_hum_sm.class
    Reqd by ..\common\munged\pc\com_weap_inf_pistol_ord.class.req
            ..\common\munged\pc\com_weap_award_pistol_ord.class.req
Missing file com_weap_inf_equip_sm.class
    Reqd by munged\pc\cis_weap_inf_pistol.class.req
            munged\pc\cis_weap_inf_thermaldetonator.class.req
            munged\pc\cis_weap_inf_mine_dispenser.class.req
            munged\pc\cis_weap_award_pistol.class.req
Missing file bazooka.zafbin
    Reqd by munged\pc\cis_weap_award_rocket_launcher.class.req
Missing file bazooka.zaabin
    Reqd by munged\pc\cis_weap_award_rocket_launcher.class.req
Missing file hud_com_probedroid_health_icon.texture
    Reqd by ..\common\munged\pc\com_weap_veh_guided_rocket.class.req
Missing file x-wing_icon.texture
    Reqd by ..\common\munged\pc\com_weap_veh_guided_rocket_ord.class.req
            ..\common\munged\pc\com_weap_award_rocket_launcher_ord.class.req
Missing file hud_all_xwing_icon.texture
    Reqd by ..\common\munged\pc\com_weap_veh_guided_rocket_ord.class.req
            ..\common\munged\pc\com_weap_award_rocket_launcher_ord.class.req
Missing file reticule_rifle.texture
    Reqd by ..\common\munged\pc\com_weap_null.class.req
   0 Errors    0 Warnings

