Logging pc_ModelMunge
02:22:4407/05/24
Mesh: cis_droideka_shield
Model cis_droideka_shield1
Root cis_droideka_shield1
Matrix:
1.000000 0.000000 0.000000 0.000000
0.000000 1.000000 0.000000 0.000000
0.000000 0.000000 1.000000 0.000000
0.000000 0.000000 0.000000 1.000000
Mesh: cis_1st_droideka
Model dummyroot
Model cis_droideka_hands
Model bone_shoulders
Model bone_l_forearm
Model bone_l_wrist
Model bone_r_forearm
Model bone_r_wrist
Model hp_weapons
Root dummyroot
Matrix:
1.000000 0.000000 0.000000 0.000000
0.000000 1.000000 0.000000 0.000000
0.000000 0.000000 1.000000 0.000000
0.000000 0.000000 0.000000 1.000000
Name: bone_shoulders
Parent: dummyroot
Matrix:
1.000000 0.000000 0.000000 0.000000
0.000000 1.000000 0.000000 0.000000
0.000000 0.000000 1.000000 0.000000
0.000000 -0.251144 -0.119098 1.000000
Name: bone_r_forearm
Parent: bone_shoulders
Matrix:
-1.000000 0.000000 0.000000 0.000000
0.000000 0.992942 0.118604 0.000000
0.000000 0.118604 -0.992942 0.000000
-0.283090 -0.350589 0.059040 1.000000
Name: bone_r_wrist
Parent: bone_r_forearm
Matrix:
1.000000 0.000000 0.000000 0.000000
0.000000 0.999011 0.044471 0.000000
0.000000 -0.044471 0.999011 0.000000
0.000000 -0.000000 -0.271097 1.000000
Name: hp_weapons
Parent: bone_r_wrist
Matrix:
-0.977879 0.126706 -0.166426 0.000000
0.099097 0.981328 0.164850 0.000000
0.184206 0.144712 -0.972176 0.000000
-0.008484 0.077870 -0.162355 1.000000
Name: bone_l_forearm
Parent: 
Sibling: bone_r_forearm
Matrix:
1.000000 0.000000 0.000000 0.000000
0.000000 0.992942 0.118604 0.000000
0.000000 -0.118604 0.992942 0.000000
0.283090 -0.350589 0.059040 1.000000
Name: bone_l_wrist
Parent: bone_l_forearm
Matrix:
1.000000 0.000000 0.000000 0.000000
0.000000 0.999011 -0.044471 0.000000
0.000000 0.044471 0.999011 0.000000
0.000000 -0.000000 0.271097 1.000000
Name: cis_droideka_hands
Parent: 
Sibling: bone_shoulders
Matrix:
1.000000 0.000000 0.000000 0.000000
0.000000 1.000000 0.000000 0.000000
0.000000 0.000000 1.000000 0.000000
0.000000 -0.704160 -0.107925 1.000000
WARNING[msh\cis_1st_droideka.msh]:cis_1st_droideka has 2908 vertices and NO COLLISION GEOMETRY (WILL BE SLOW)!
Mesh: cis_1st_sbdroid
Model dummyroot
Model bone_shoulders
Model bone_l_forearm
Model bone_l_wrist
Model cis_superbattledroid_l_forearmcap
Model bone_r_forearm
Model bone_r_wrist
Model cis_superbattledroid_r_hand
Model sphere1
Model hp_weapons
Model cis_superbattledroid_r_forearm
Model cylinder4
Model cylinder5
Model cylinder2
Model cylinder3
Model cis_superbattledroid_r_handcap
Model hp_camera
Root dummyroot
Matrix:
1.000000 0.000000 0.000000 0.000000
0.000000 1.000000 0.000000 0.000000
0.000000 0.000000 1.000000 0.000000
0.000000 0.000000 0.000000 1.000000
Name: hp_camera
Parent: dummyroot
Matrix:
1.000000 0.000000 0.000000 0.000000
0.000000 1.000000 0.000000 0.000000
0.000000 0.000000 1.000000 0.000000
0.000000 0.484200 -0.306600 1.000000
Name: bone_shoulders
Parent: 
Sibling: hp_camera
Matrix:
0.827184 0.000000 0.561931 0.000000
0.000000 1.000000 0.000000 0.000000
-0.561931 0.000000 0.827184 0.000000
0.000000 -0.251144 -0.119098 1.000000
Name: bone_r_forearm
Parent: bone_shoulders
Matrix:
-0.596504 0.543982 0.590141 0.000000
0.334324 0.836857 -0.433472 0.000000
-0.729665 -0.061269 -0.681055 0.000000
-0.201533 -0.220231 0.229965 1.000000
Name: cis_superbattledroid_r_handcap
Parent: bone_r_forearm
Matrix:
1.000000 0.000000 0.000000 0.000000
0.000000 0.999045 0.043705 0.000000
0.000000 -0.043705 0.999045 0.000000
-0.283090 -0.084195 -0.056343 1.000000
Name: cis_superbattledroid_r_forearm
Parent: 
Sibling: cis_superbattledroid_r_handcap
Matrix:
1.000000 0.000000 0.000000 0.000000
0.000000 0.999045 0.043705 0.000000
0.000000 -0.043705 0.999045 0.000000
-0.283090 -0.084195 -0.056343 1.000000
Name: cylinder3
Parent: cis_superbattledroid_r_forearm
Matrix:
-1.000000 0.000000 0.000000 0.000000
0.000000 1.000000 0.000000 0.000000
0.000000 0.000000 -1.000000 0.000000
-0.000000 0.082985 0.006156 1.000000
Name: cylinder2
Parent: 
Sibling: cylinder3
Matrix:
-0.015339 0.999882 0.000000 0.000000
0.999882 0.015339 0.000000 0.000000
0.000000 0.000000 -1.000000 0.000000
0.308988 0.450664 0.006156 1.000000
Name: cylinder5
Parent: 
Sibling: cylinder2
Matrix:
-0.015339 0.999882 0.000000 0.000000
0.999882 0.015339 0.000000 0.000000
0.000000 0.000000 -1.000000 0.000000
0.308988 0.399337 -0.033859 1.000000
Name: cylinder4
Parent: 
Sibling: cylinder5
Matrix:
-1.000000 0.000000 0.000000 0.000000
0.000000 1.000000 0.000000 0.000000
0.000000 0.000000 -1.000000 0.000000
-0.000000 0.031658 -0.033859 1.000000
Name: bone_r_wrist
Parent: 
Sibling: cis_superbattledroid_r_forearm
Matrix:
0.873694 -0.486128 -0.018407 0.000000
0.466268 0.847593 -0.253339 0.000000
0.138757 0.212758 0.967202 0.000000
0.000000 -0.000000 -0.271097 1.000000
Name: hp_weapons
Parent: bone_r_wrist
Matrix:
-0.977879 0.126706 -0.166426 0.000000
0.099097 0.981328 0.164850 0.000000
0.184206 0.144712 -0.972176 0.000000
-0.008484 0.077870 -0.162355 1.000000
Name: cis_superbattledroid_r_hand
Parent: 
Sibling: hp_weapons
Matrix:
1.000000 0.000000 0.000000 0.000000
0.000000 1.000000 0.000000 0.000000
0.000000 0.000000 1.000000 0.000000
-0.283090 -0.070261 0.317069 1.000000
Name: sphere1
Parent: cis_superbattledroid_r_hand
Matrix:
1.000000 0.000000 0.000000 0.000000
0.000000 1.000000 0.000000 0.000000
0.000000 0.000000 1.000000 0.000000
-0.000000 0.000000 -0.000000 1.000000
Name: bone_l_forearm
Parent: 
Sibling: bone_r_forearm
Matrix:
0.859602 0.510756 -0.014572 0.000000
-0.474292 0.808193 0.349101 0.000000
0.190082 -0.293177 0.936972 0.000000
0.447759 -0.291329 -0.190397 1.000000
Name: cis_superbattledroid_l_forearmcap
Parent: bone_l_forearm
Matrix:
1.000000 0.000000 0.000000 0.000000
0.000000 0.999045 -0.043704 0.000000
0.000000 0.043704 0.999045 0.000000
-0.283090 -0.084195 0.056343 1.000000
Name: bone_l_wrist
Parent: 
Sibling: cis_superbattledroid_l_forearmcap
Matrix:
0.984863 0.173226 0.006136 0.000000
-0.171228 0.977787 -0.120886 0.000000
-0.026940 0.118005 0.992648 0.000000
-0.000000 -0.000000 0.271097 1.000000
Mesh: cis_1st_weap_inf_fusioncutter
Model cis_1st_weap_inf_fusioncutter
Model wire
Model fx
Model torchneck
Model tip
Model hp_fire
Model fx1
Model tube1
Model tube2
Model dial
Root cis_1st_weap_inf_fusioncutter
Matrix:
1.000000 0.000000 0.000000 0.000000
0.000000 1.000000 0.000000 0.000000
0.000000 0.000000 1.000000 0.000000
0.000000 0.000000 0.000000 1.000000
Name: dial
Parent: cis_1st_weap_inf_fusioncutter
Matrix:
1.000000 0.000000 0.000000 0.000000
0.000000 1.000000 0.000000 0.000000
0.000000 0.000000 1.000000 0.000000
0.000000 0.000000 0.000000 1.000000
Name: tube2
Parent: 
Sibling: dial
Matrix:
1.000000 0.000000 0.000000 0.000000
0.000000 1.000000 0.000000 0.000000
0.000000 0.000000 1.000000 0.000000
0.000000 0.000000 0.000000 1.000000
Name: tube1
Parent: 
Sibling: tube2
Matrix:
1.000000 0.000000 0.000000 0.000000
0.000000 1.000000 0.000000 0.000000
0.000000 0.000000 1.000000 0.000000
0.000000 0.000000 0.000000 1.000000
Name: fx1
Parent: 
Sibling: tube1
Matrix:
1.000000 0.000000 0.000000 0.000000
0.000000 1.000000 0.000000 0.000000
0.000000 0.000000 1.000000 0.000000
-0.017226 -0.002229 0.001426 1.000000
Name: torchneck
Parent: 
Sibling: fx1
Matrix:
1.000000 0.000000 0.000000 0.000000
0.000000 1.000000 0.000000 0.000000
0.000000 0.000000 1.000000 0.000000
0.000000 0.000000 0.000000 1.000000
Name: tip
Parent: torchneck
Matrix:
1.000000 0.000000 0.000000 0.000000
0.000000 1.000000 0.000000 0.000000
0.000000 0.000000 1.000000 0.000000
0.000000 0.000000 0.000000 1.000000
Name: hp_fire
Parent: tip
Matrix:
1.000000 0.000000 0.000000 0.000000
0.000000 1.000000 0.000000 0.000000
0.000000 0.000000 1.000000 0.000000
0.015567 0.303537 0.318274 1.000000
Name: fx
Parent: 
Sibling: torchneck
Matrix:
1.000000 0.000000 0.000000 0.000000
0.000000 1.000000 0.000000 0.000000
0.000000 0.000000 1.000000 0.000000
0.000000 0.000000 0.000000 1.000000
Name: wire
Parent: 
Sibling: fx
Matrix:
1.000000 0.000000 0.000000 0.000000
0.000000 1.000000 0.000000 0.000000
0.000000 0.000000 1.000000 0.000000
0.000000 0.000000 0.000000 1.000000
Mesh: cis_1st_weap_inf_launcher
Model cis_1st_weap_launcher
Model hp_fire
Model hp_active
Model lighting
Root cis_1st_weap_launcher
Matrix:
1.000000 0.000000 0.000000 0.000000
0.000000 1.000000 0.000000 0.000000
0.000000 0.000000 1.000000 0.000000
0.000000 0.000000 0.000000 1.000000
Name: lighting
Parent: cis_1st_weap_launcher
Matrix:
1.000000 0.000000 0.000000 0.000000
0.000000 1.000000 0.000000 0.000000
0.000000 0.000000 1.000000 0.000000
0.000000 0.000000 0.048065 1.000000
Name: hp_active
Parent: 
Sibling: lighting
Matrix:
1.000000 0.000000 0.000000 0.000000
0.000000 1.000000 0.000000 0.000000
0.000000 0.000000 1.000000 0.000000
-0.003037 0.001116 -0.019019 1.000000
Name: hp_fire
Parent: 
Sibling: hp_active
Matrix:
1.000000 0.000000 0.000000 0.000000
0.000000 1.000000 0.000000 0.000000
0.000000 0.000000 1.000000 0.000000
0.010833 0.077049 0.635129 1.000000
Mesh: cis_1st_weap_inf_pistol
Model cis_1st_weap_inf_pistol
Model hp_fire
Model hp_active
Model scope
Model lens
Model stand2
Model stand1
Root cis_1st_weap_inf_pistol
Matrix:
1.000000 0.000000 0.000000 0.000000
0.000000 1.000000 0.000000 0.000000
0.000000 0.000000 1.000000 0.000000
0.000000 0.000000 0.000000 1.000000
Name: stand1
Parent: cis_1st_weap_inf_pistol
Matrix:
1.000000 0.000000 0.000000 0.000000
0.000000 1.000000 0.000000 0.000000
0.000000 0.000000 1.000000 0.000000
0.000000 0.000000 0.000000 1.000000
Name: stand2
Parent: 
Sibling: stand1
Matrix:
1.000000 0.000000 0.000000 0.000000
0.000000 1.000000 0.000000 0.000000
0.000000 0.000000 1.000000 0.000000
0.000000 0.000000 0.000000 1.000000
Name: lens
Parent: 
Sibling: stand2
Matrix:
1.000000 0.000000 0.000000 0.000000
0.000000 1.000000 0.000000 0.000000
0.000000 0.000000 1.000000 0.000000
0.000000 0.000000 0.000000 1.000000
Name: scope
Parent: 
Sibling: lens
Matrix:
1.000000 0.000000 0.000000 0.000000
0.000000 1.000000 0.000000 0.000000
0.000000 0.000000 1.000000 0.000000
0.000000 0.000000 0.000000 1.000000
Name: hp_active
Parent: 
Sibling: scope
Matrix:
1.000000 0.000000 0.000000 0.000000
0.000000 1.000000 0.000000 0.000000
0.000000 0.000000 1.000000 0.000000
-0.000230 -0.005192 -0.005795 1.000000
Name: hp_fire
Parent: 
Sibling: hp_active
Matrix:
1.000000 0.000000 0.000000 0.000000
0.000000 1.000000 0.000000 0.000000
0.000000 0.000000 1.000000 0.000000
0.010311 0.038662 0.260150 1.000000
Mesh: cis_1st_weap_inf_rifle
Model cis_1st_weap_inf_rifle
Model hp_fire
Model hp_active
Root cis_1st_weap_inf_rifle
Matrix:
1.000000 0.000000 0.000000 0.000000
0.000000 1.000000 0.000000 0.000000
0.000000 0.000000 1.000000 0.000000
0.000000 0.000000 0.000000 1.000000
Name: hp_active
Parent: cis_1st_weap_inf_rifle
Matrix:
1.000000 0.000000 0.000000 0.000000
0.000000 1.000000 0.000000 0.000000
0.000000 0.000000 1.000000 0.000000
0.000000 0.000000 0.000000 1.000000
Name: hp_fire
Parent: 
Sibling: hp_active
Matrix:
1.000000 0.000000 0.000000 0.000000
0.000000 1.000000 0.000000 0.000000
0.000000 0.000000 1.000000 0.000000
0.000000 0.049531 0.355297 1.000000
Mesh: cis_1st_weap_inf_sniperrifle
Model cis_1st_weap_inf_sniperrifle
Model scope_trim
Model hp_fire
Model hp_active
Model scroll
Model scopebracket
Root cis_1st_weap_inf_sniperrifle
Matrix:
1.000000 0.000000 0.000000 0.000000
0.000000 1.000000 0.000000 0.000000
0.000000 0.000000 1.000000 0.000000
0.000000 0.000000 0.000000 1.000000
Name: scopebracket
Parent: cis_1st_weap_inf_sniperrifle
Matrix:
1.000000 0.000000 0.000000 0.000000
0.000000 1.000000 0.000000 0.000000
0.000000 0.000000 1.000000 0.000000
0.000000 0.000000 0.000000 1.000000
Name: scroll
Parent: 
Sibling: scopebracket
Matrix:
1.000000 0.000000 0.000000 0.000000
0.000000 1.000000 0.000000 0.000000
0.000000 0.000000 1.000000 0.000000
0.000000 0.000000 0.000000 1.000000
Name: hp_active
Parent: 
Sibling: scroll
Matrix:
1.000000 0.000000 0.000000 0.000000
0.000000 1.000000 0.000000 0.000000
0.000000 0.000000 1.000000 0.000000
-0.000000 -0.000000 -0.012384 1.000000
Name: hp_fire
Parent: 
Sibling: hp_active
Matrix:
1.000000 0.000000 0.000000 0.000000
0.000000 1.000000 0.000000 0.000000
0.000000 0.000000 1.000000 0.000000
-0.000000 0.044517 1.337016 1.000000
Name: scope_trim
Parent: 
Sibling: hp_fire
Matrix:
1.000000 0.000000 0.000000 0.000000
0.000000 1.000000 0.000000 0.000000
0.000000 0.000000 1.000000 0.000000
0.000000 0.000000 0.000000 1.000000
Mesh: cis_weap_inf_launcher
Model cis_weap_launcher
Model hp_fire
Model hp_active
Model cis_weap_button
Root cis_weap_launcher
Matrix:
1.000000 0.000000 0.000000 0.000000
0.000000 1.000000 0.000000 0.000000
0.000000 0.000000 1.000000 0.000000
0.000000 0.000000 0.000000 1.000000
Name: cis_weap_button
Parent: cis_weap_launcher
Matrix:
0.984074 -0.177759 0.000000 0.000000
0.177759 0.984074 0.000000 0.000000
0.000000 0.000000 1.000000 0.000000
-0.004926 -0.003443 0.000000 1.000000
Name: hp_active
Parent: 
Sibling: cis_weap_button
Matrix:
1.000000 0.000000 0.000000 0.000000
0.000000 1.000000 0.000000 0.000000
0.000000 0.000000 1.000000 0.000000
-0.023176 -0.036969 -0.000000 1.000000
Name: hp_fire
Parent: 
Sibling: hp_active
Matrix:
1.000000 0.000000 0.000000 0.000000
0.000000 1.000000 0.000000 0.000000
0.000000 0.000000 1.000000 0.000000
0.008271 0.067151 0.577765 1.000000
Mesh: cis_weap_inf_rifle
Model cis_weap_inf_rifle
Model hp_fire
Model hp_active
Root cis_weap_inf_rifle
Matrix:
1.000000 0.000000 0.000000 0.000000
0.000000 1.000000 0.000000 0.000000
0.000000 0.000000 1.000000 0.000000
0.000000 0.000000 0.000000 1.000000
Name: hp_active
Parent: cis_weap_inf_rifle
Matrix:
1.000000 0.000000 0.000000 0.000000
0.000000 1.000000 0.000000 0.000000
0.000000 0.000000 1.000000 0.000000
0.000000 0.000000 0.000000 1.000000
Name: hp_fire
Parent: 
Sibling: hp_active
Matrix:
1.000000 0.000000 0.000000 0.000000
0.000000 1.000000 0.000000 0.000000
0.000000 0.000000 1.000000 0.000000
0.000000 0.049531 0.355297 1.000000
Mesh: cis_weap_inf_sbdroidmuzzle
Model cis_weap_inf_wristblaster
Model hp_fire
Root cis_weap_inf_wristblaster
Matrix:
1.000000 0.000000 0.000000 0.000000
0.000000 1.000000 0.000000 0.000000
0.000000 0.000000 1.000000 0.000000
0.000000 0.000000 0.000000 1.000000
Name: hp_fire
Parent: cis_weap_inf_wristblaster
Matrix:
1.000000 0.000000 0.000000 0.000000
0.000000 1.000000 0.000000 0.000000
0.000000 0.000000 1.000000 0.000000
-0.059735 0.024299 -0.017836 1.000000
Mesh: cis_weap_inf_sniperrifle
Model cis_weap_inf_sniperrifle
Model scope_trim
Model hp_fire
Model hp_active
Model eyepiece
Model scopebracket
Root cis_weap_inf_sniperrifle
Matrix:
1.000000 0.000000 0.000000 0.000000
0.000000 1.000000 0.000000 0.000000
0.000000 0.000000 1.000000 0.000000
0.000000 0.000000 0.000000 1.000000
Name: scopebracket
Parent: cis_weap_inf_sniperrifle
Matrix:
1.000000 0.000000 0.000000 0.000000
0.000000 1.000000 0.000000 0.000000
0.000000 0.000000 1.000000 0.000000
0.000000 0.000000 0.000000 1.000000
Name: eyepiece
Parent: 
Sibling: scopebracket
Matrix:
1.000000 0.000000 0.000000 0.000000
0.000000 1.000000 0.000000 0.000000
0.000000 0.000000 1.000000 0.000000
0.000000 0.000000 0.000000 1.000000
Name: hp_active
Parent: 
Sibling: eyepiece
Matrix:
1.000000 0.000000 0.000000 0.000000
0.000000 1.000000 0.000000 0.000000
0.000000 0.000000 1.000000 0.000000
-0.000000 -0.042883 -0.099506 1.000000
Name: hp_fire
Parent: 
Sibling: hp_active
Matrix:
1.000000 0.000000 0.000000 0.000000
0.000000 1.000000 0.000000 0.000000
0.000000 0.000000 1.000000 0.000000
-0.000000 0.019362 1.249893 1.000000
Name: scope_trim
Parent: 
Sibling: hp_fire
Matrix:
1.000000 0.000000 0.000000 0.000000
0.000000 1.000000 0.000000 0.000000
0.000000 0.000000 1.000000 0.000000
0.000000 0.000000 0.000000 1.000000
Mesh: bdroid_chunk1
Model bdroid_chunk1
Model p_bdroid_head
Root bdroid_chunk1
Matrix:
1.000000 0.000000 0.000000 0.000000
0.000000 1.000000 0.000000 0.000000
0.000000 0.000000 1.000000 0.000000
0.000000 0.000000 0.000000 1.000000
Name: p_bdroid_head
Parent: bdroid_chunk1
Matrix:
0.000000 0.000000 1.000000 0.000000
0.972227 -0.234042 0.000000 0.000000
0.234042 0.972227 0.000000 0.000000
0.164615 -0.023025 -0.008704 1.000000
Mesh: bdroid_chunk2
Model bdroid_chunk2
Model p_bdroid_l_arm
Root bdroid_chunk2
Matrix:
1.000000 0.000000 0.000000 0.000000
0.000000 1.000000 0.000000 0.000000
0.000000 0.000000 1.000000 0.000000
0.000000 0.000000 0.000000 1.000000
Name: p_bdroid_l_arm
Parent: bdroid_chunk2
Matrix:
0.972579 -0.227822 0.046769 0.000000
-0.046760 0.005439 0.998891 0.000000
-0.227824 -0.973688 -0.005364 0.000000
0.310265 -0.009983 -0.022540 1.000000
Mesh: bdroid_chunk3
Model bdroid_chunk3
Model p_bdroid_l_calf
Root bdroid_chunk3
Matrix:
1.000000 0.000000 0.000000 0.000000
0.000000 1.000000 0.000000 0.000000
0.000000 0.000000 1.000000 0.000000
0.000000 0.000000 0.000000 1.000000
Name: p_bdroid_l_calf
Parent: bdroid_chunk3
Matrix:
0.151168 -0.040837 0.987664 0.000000
-0.961214 0.227096 0.156509 0.000000
-0.230686 -0.973016 -0.004923 0.000000
0.271144 0.010962 -0.010762 1.000000
Mesh: bdroid_chunk4
Model bdroid_chunk4
Model p_bdroid_l_calf1
Root bdroid_chunk4
Matrix:
1.000000 0.000000 0.000000 0.000000
0.000000 1.000000 0.000000 0.000000
0.000000 0.000000 1.000000 0.000000
0.000000 0.000000 0.000000 1.000000
Name: p_bdroid_l_calf1
Parent: bdroid_chunk4
Matrix:
-0.156586 0.000120 0.987664 0.000000
-0.987200 -0.030684 -0.156509 0.000000
0.030287 -0.999529 0.004923 0.000000
0.436442 0.152778 -0.006564 1.000000
Mesh: bdroid_chunk5
Model bdroid_chunk5
Model p_bdroid_torso
Root bdroid_chunk5
Matrix:
1.000000 0.000000 0.000000 0.000000
0.000000 1.000000 0.000000 0.000000
0.000000 0.000000 1.000000 0.000000
0.000000 0.000000 0.000000 1.000000
Name: p_bdroid_torso
Parent: bdroid_chunk5
Matrix:
-0.000000 0.000000 1.000000 0.000000
0.996180 0.087327 0.000000 0.000000
-0.087327 0.996180 -0.000000 0.000000
0.267291 0.005530 -0.026035 1.000000
Mesh: cis_1st_bdroid
Model dummyroot
Model bone_shoulders
Model bone_l_forearm
Model bone_l_wrist
Model bdroid_1st_l_hand
Model sphere
Model bdroid_1st_l_arm
Model bone_r_forearm
Model bone_r_wrist
Model bdroid_1st_r_hand
Model sphere1
Model hp_weapons
Model bdroid_1st_r_arm
Root dummyroot
Matrix:
1.000000 0.000000 0.000000 0.000000
0.000000 1.000000 0.000000 0.000000
0.000000 0.000000 1.000000 0.000000
0.000000 0.000000 0.000000 1.000000
Name: bone_shoulders
Parent: dummyroot
Matrix:
1.000000 0.000000 0.000000 0.000000
0.000000 1.000000 0.000000 0.000000
0.000000 0.000000 1.000000 0.000000
0.000000 -0.251144 -0.119098 1.000000
Name: bone_r_forearm
Parent: bone_shoulders
Matrix:
-1.000000 0.000000 0.000000 0.000000
0.000000 0.992942 0.118604 0.000000
0.000000 0.118604 -0.992942 0.000000
-0.283090 -0.350589 0.059040 1.000000
Name: bdroid_1st_r_arm
Parent: bone_r_forearm
Matrix:
-1.000000 0.000000 0.000000 0.000000
0.000000 0.992942 0.118604 0.000000
0.000000 0.118604 -0.992942 0.000000
-0.283090 -0.107375 0.035400 1.000000
Name: bone_r_wrist
Parent: 
Sibling: bdroid_1st_r_arm
Matrix:
1.000000 0.000000 0.000000 0.000000
0.000000 0.999011 0.044471 0.000000
0.000000 -0.044471 0.999011 0.000000
0.000000 -0.000000 -0.271097 1.000000
Name: hp_weapons
Parent: bone_r_wrist
Matrix:
-0.977879 0.126706 -0.166426 0.000000
0.099097 0.981328 0.164850 0.000000
0.184206 0.144712 -0.972176 0.000000
-0.008484 0.077870 -0.162355 1.000000
Name: bdroid_1st_r_hand
Parent: 
Sibling: hp_weapons
Matrix:
-1.000000 0.000000 0.000000 0.000000
0.000000 0.997234 0.074329 0.000000
0.000000 0.074329 -0.997234 0.000000
-0.283090 -0.093735 0.310940 1.000000
Name: sphere1
Parent: bdroid_1st_r_hand
Matrix:
-0.993934 -0.010673 -0.109460 0.000000
-0.109979 0.099131 0.988978 0.000000
0.000295 0.995017 -0.099704 0.000000
-0.283090 0.070323 0.317056 1.000000
Name: bone_l_forearm
Parent: 
Sibling: bone_r_forearm
Matrix:
1.000000 0.000000 0.000000 0.000000
0.000000 0.992942 0.118604 0.000000
0.000000 -0.118604 0.992942 0.000000
0.283090 -0.350589 0.059040 1.000000
Name: bdroid_1st_l_arm
Parent: bone_l_forearm
Matrix:
1.000000 0.000000 0.000000 0.000000
0.000000 0.992942 -0.118604 0.000000
0.000000 0.118604 0.992942 0.000000
-0.283090 -0.107375 -0.035400 1.000000
Name: bone_l_wrist
Parent: 
Sibling: bdroid_1st_l_arm
Matrix:
1.000000 0.000000 0.000000 0.000000
0.000000 0.999011 -0.044471 0.000000
0.000000 0.044471 0.999011 0.000000
0.000000 -0.000000 0.271097 1.000000
Name: bdroid_1st_l_hand
Parent: bone_l_wrist
Matrix:
1.000000 0.000000 0.000000 0.000000
0.000000 0.997234 -0.074329 0.000000
0.000000 0.074329 0.997234 0.000000
-0.283090 -0.093735 -0.310940 1.000000
Name: sphere
Parent: bdroid_1st_l_hand
Matrix:
1.000000 0.000000 0.000000 0.000000
0.000000 -0.074330 0.997234 0.000000
0.000000 -0.997234 -0.074330 0.000000
0.283090 0.070323 0.317056 1.000000
WARNING[msh\cis_1st_bdroid.msh]:cis_1st_bdroid has 1509 vertices and NO COLLISION GEOMETRY (WILL BE SLOW)!
Mesh: cis_1st_magnaguard
Model dummyroot
Model bone_shoulders
Model bone_l_forearm
Model bone_l_wrist
Model cis_magnaguard_l_hand
Model cis_magnaguard_l_forearm
Model bone_r_forearm
Model bone_r_wrist
Model hp_weapons
Model cis_magnaguard_r_hand
Model cis_magnaguard_r_forearm
Root dummyroot
Matrix:
1.000000 0.000000 0.000000 0.000000
0.000000 1.000000 0.000000 0.000000
0.000000 0.000000 1.000000 0.000000
0.000000 0.000000 0.000000 1.000000
Name: bone_shoulders
Parent: dummyroot
Matrix:
1.000000 0.000000 0.000000 0.000000
0.000000 1.000000 0.000000 0.000000
0.000000 0.000000 1.000000 0.000000
0.000000 -0.251144 -0.119098 1.000000
Name: bone_r_forearm
Parent: bone_shoulders
Matrix:
-1.000000 0.000000 0.000000 0.000000
0.000000 0.992942 0.118604 0.000000
0.000000 0.118604 -0.992942 0.000000
-0.283090 -0.350589 0.059040 1.000000
Name: cis_magnaguard_r_forearm
Parent: bone_r_forearm
Matrix:
-1.000000 0.000000 0.000000 0.000000
0.000000 0.992942 0.118604 0.000000
0.000000 0.118604 -0.992942 0.000000
-0.283090 -0.107375 0.035400 1.000000
Name: bone_r_wrist
Parent: 
Sibling: cis_magnaguard_r_forearm
Matrix:
1.000000 0.000000 0.000000 0.000000
0.000000 0.999011 0.044471 0.000000
0.000000 -0.044471 0.999011 0.000000
0.000000 -0.000000 -0.271097 1.000000
Name: cis_magnaguard_r_hand
Parent: bone_r_wrist
Matrix:
-1.000000 0.000000 0.000000 0.000000
0.000000 0.997234 0.074329 0.000000
0.000000 0.074329 -0.997234 0.000000
-0.283090 -0.093735 0.310940 1.000000
Name: hp_weapons
Parent: 
Sibling: cis_magnaguard_r_hand
Matrix:
-0.977879 0.126706 -0.166426 0.000000
0.099097 0.981328 0.164850 0.000000
0.184206 0.144712 -0.972176 0.000000
-0.008484 0.077870 -0.162355 1.000000
Name: bone_l_forearm
Parent: 
Sibling: bone_r_forearm
Matrix:
1.000000 0.000000 0.000000 0.000000
0.000000 0.992942 0.118604 0.000000
0.000000 -0.118604 0.992942 0.000000
0.283090 -0.350589 0.059040 1.000000
Name: cis_magnaguard_l_forearm
Parent: bone_l_forearm
Matrix:
1.000000 0.000000 0.000000 0.000000
0.000000 0.992942 -0.118604 0.000000
0.000000 0.118604 0.992942 0.000000
-0.283090 -0.107375 -0.035400 1.000000
Name: bone_l_wrist
Parent: 
Sibling: cis_magnaguard_l_forearm
Matrix:
1.000000 0.000000 0.000000 0.000000
0.000000 0.999011 -0.044471 0.000000
0.000000 0.044471 0.999011 0.000000
0.000000 -0.000000 0.271097 1.000000
Name: cis_magnaguard_l_hand
Parent: bone_l_wrist
Matrix:
1.000000 0.000000 0.000000 0.000000
0.000000 0.997234 -0.074329 0.000000
0.000000 0.074329 0.997234 0.000000
-0.283090 -0.093735 -0.310940 1.000000
WARNING[msh\cis_1st_magnaguard.msh]:cis_1st_magnaguard has 1961 vertices and NO COLLISION GEOMETRY (WILL BE SLOW)!
Mesh: cis_droideka_idle_low1
Model CIS_Inf_Droideka_Idle
Root CIS_Inf_Droideka_Idle
Matrix:
1.000000 0.000000 0.000000 0.000000
0.000000 1.000000 0.000000 0.000000
0.000000 0.000000 1.000000 0.000000
0.000000 0.000000 0.000000 1.000000
WARNING[msh\cis_droideka_idle_low1.msh]:cis_droideka_idle_low1 has 1164 vertices and NO COLLISION GEOMETRY (WILL BE SLOW)!
Mesh: cis_droideka_roll_low1
Model CIS_Inf_Droideka_Roll
Root CIS_Inf_Droideka_Roll
Matrix:
1.000000 0.000000 0.000000 0.000000
0.000000 1.000000 0.000000 0.000000
0.000000 0.000000 1.000000 0.000000
0.000000 0.000000 0.000000 1.000000
WARNING[msh\cis_droideka_roll_low1.msh]:cis_droideka_roll_low1 has 1166 vertices and NO COLLISION GEOMETRY (WILL BE SLOW)!
Mesh: cis_inf_bdroid
Model DummyRoot
Model override_texture
Model bone_root
Model root_a_spine
Model bone_a_spine
Model bone_b_spine
Model bone_ribcage
Model eff_ribcage
Model root_l_clavicle
Model bone_l_clavicle
Model eff_l_clavicle
Model root_l_upperarm
Model bone_l_upperarm
Model bone_l_forearm
Model eff_l_forearm
Model root_l_hand
Model bone_l_hand
Model eff_l_hand
Model root_r_clavicle
Model bone_r_clavicle
Model eff_r_clavicle
Model root_r_upperarm
Model bone_r_upperarm
Model bone_r_forearm
Model eff_r_forearm
Model root_r_hand
Model bone_r_hand
Model eff_r_hand
Model hp_weapons
Model root_neck
Model bone_neck
Model bone_head
Model eff_head
Model bone_pelvis
Model root_r_thigh
Model bone_r_thigh
Model bone_r_calf
Model eff_r_calf
Model root_r_foot
Model bone_r_foot
Model bone_r_toe
Model eff_r_toe
Model root_l_thigh
Model bone_l_thigh
Model bone_l_calf
Model eff_l_calf
Model root_l_foot
Model bone_l_foot
Model bone_l_toe
Model eff_l_toe
Model sv_bdroid
Root DummyRoot
Matrix:
1.000000 0.000000 0.000000 0.000000
0.000000 1.000000 0.000000 0.000000
0.000000 0.000000 1.000000 0.000000
0.000000 0.000000 0.000000 1.000000
Name: sv_bdroid
Parent: DummyRoot
Matrix:
1.000000 0.000000 0.000000 0.000000
0.000000 1.000000 0.000000 0.000000
0.000000 0.000000 1.000000 0.000000
0.000000 0.000000 0.000000 1.000000
Name: override_texture
Parent: 
Sibling: sv_bdroid
Matrix:
1.000000 0.000000 0.000000 0.000000
0.000000 1.000000 0.000000 0.000000
0.000000 0.000000 1.000000 0.000000
0.000000 0.000000 0.000000 1.000000
Name: bone_root
Parent: override_texture
Matrix:
1.000000 0.000000 0.000000 0.000000
0.000000 1.000000 0.000000 0.000000
0.000000 0.000000 1.000000 0.000000
0.000000 1.159374 0.000000 1.000000
Name: bone_pelvis
Parent: bone_root
Matrix:
1.000000 0.000000 0.000000 0.000000
0.000000 1.000000 0.000000 0.000000
0.000000 0.000000 1.000000 0.000000
0.000000 0.000000 0.000000 1.000000
Name: root_l_thigh
Parent: bone_pelvis
Matrix:
0.000000 0.000000 -1.000000 0.000000
0.000000 1.000000 0.000000 0.000000
1.000000 0.000000 0.000000 0.000000
0.094280 -0.104937 0.009118 1.000000
Name: bone_l_thigh
Parent: root_l_thigh
Matrix:
-0.032974 -0.987127 0.156501 0.000000
0.999446 -0.033287 0.000618 0.000000
0.004599 0.156434 0.987678 0.000000
0.000000 0.000000 0.000000 1.000000
Name: bone_l_calf
Parent: bone_l_thigh
Matrix:
0.964992 0.262278 -0.000285 0.000000
-0.262278 0.964992 -0.000575 0.000000
0.000125 0.000630 1.000000 0.000000
0.480000 -0.000177 -0.000018 1.000000
Name: eff_l_calf
Parent: bone_l_calf
Matrix:
1.000000 0.000000 0.000000 0.000000
0.000000 1.000000 0.000000 0.000000
0.000000 0.000000 1.000000 0.000000
0.470000 0.000054 0.000076 1.000000
Name: root_l_foot
Parent: eff_l_calf
Matrix:
0.151230 -0.040605 0.987664 0.000000
-0.961561 0.225621 0.156509 0.000000
-0.229193 -0.973369 -0.004923 0.000000
0.000000 0.000000 0.000000 1.000000
Name: bone_l_foot
Parent: root_l_foot
Matrix:
0.089820 -0.573218 0.814465 0.000000
-0.062825 -0.819403 -0.569764 0.000000
0.993975 0.000007 -0.109611 0.000000
0.000000 0.000000 0.000000 1.000000
Name: bone_l_toe
Parent: bone_l_foot
Matrix:
0.818090 -0.575090 -0.000152 0.000000
0.575090 0.818090 -0.000259 0.000000
0.000273 0.000125 1.000000 0.000000
0.165000 -0.000056 -0.000013 1.000000
Name: eff_l_toe
Parent: bone_l_toe
Matrix:
1.000000 0.000000 0.000000 0.000000
0.000000 1.000000 0.000000 0.000000
0.000000 0.000000 1.000000 0.000000
0.100000 0.000001 0.000027 1.000000
Name: root_r_thigh
Parent: 
Sibling: root_l_thigh
Matrix:
0.000000 0.000000 -1.000000 0.000000
0.000000 1.000000 0.000000 0.000000
1.000000 0.000000 0.000000 0.000000
-0.094280 -0.104937 0.009118 1.000000
Name: bone_r_thigh
Parent: root_r_thigh
Matrix:
-0.030674 -0.987200 -0.156512 0.000000
0.999519 -0.031016 -0.000258 0.000000
-0.004600 -0.156445 0.987676 0.000000
0.000000 0.000000 0.000000 1.000000
Name: bone_r_calf
Parent: bone_r_thigh
Matrix:
0.966386 0.257094 0.000310 0.000000
-0.257094 0.966386 0.000573 0.000000
-0.000153 -0.000634 1.000000 0.000000
0.480000 0.000065 0.000050 1.000000
Name: eff_r_calf
Parent: bone_r_calf
Matrix:
1.000000 0.000000 0.000000 0.000000
0.000000 1.000000 0.000000 0.000000
0.000000 0.000000 1.000000 0.000000
0.470000 0.000114 -0.000059 1.000000
Name: root_r_foot
Parent: eff_r_calf
Matrix:
0.151230 -0.040605 -0.987664 0.000000
-0.961561 0.225622 -0.156509 0.000000
0.229194 0.973368 -0.004923 0.000000
-0.000000 -0.000000 0.000000 1.000000
Name: bone_r_foot
Parent: root_r_foot
Matrix:
0.089820 -0.575714 -0.812703 0.000000
-0.062826 -0.817651 0.572276 0.000000
-0.993975 -0.000343 -0.109611 0.000000
0.000000 0.000000 0.000000 1.000000
Name: bone_r_toe
Parent: bone_r_foot
Matrix:
0.816009 -0.578039 0.000210 0.000000
0.578039 0.816009 0.000458 0.000000
-0.000436 -0.000252 1.000000 0.000000
0.165000 -0.000056 0.000017 1.000000
Name: eff_r_toe
Parent: bone_r_toe
Matrix:
1.000000 0.000000 0.000000 0.000000
0.000000 1.000000 0.000000 0.000000
0.000000 0.000000 1.000000 0.000000
0.100000 -0.000001 -0.000031 1.000000
Name: root_a_spine
Parent: 
Sibling: bone_pelvis
Matrix:
0.000000 0.000000 -1.000000 0.000000
0.000000 1.000000 0.000000 0.000000
1.000000 0.000000 0.000000 0.000000
0.000000 0.000000 0.000000 1.000000
Name: bone_a_spine
Parent: root_a_spine
Matrix:
0.086560 0.996247 0.000000 0.000000
-0.996247 0.086560 0.000000 0.000000
0.000000 0.000000 1.000000 0.000000
0.000000 0.000000 0.000000 1.000000
Name: bone_b_spine
Parent: bone_a_spine
Matrix:
0.999481 0.032208 0.000000 0.000000
-0.032208 0.999481 0.000000 0.000000
0.000000 0.000000 1.000000 0.000000
0.163415 -0.000008 0.000000 1.000000
Name: bone_ribcage
Parent: bone_b_spine
Matrix:
0.997060 0.076624 0.000000 0.000000
-0.076624 0.997060 0.000000 0.000000
0.000000 0.000000 1.000000 0.000000
0.159204 -0.000027 -0.000000 1.000000
Name: eff_ribcage
Parent: bone_ribcage
Matrix:
1.000000 0.000000 0.000000 0.000000
0.000000 1.000000 0.000000 0.000000
0.000000 0.000000 1.000000 0.000000
0.230000 -0.000074 -0.000000 1.000000
Name: root_neck
Parent: eff_ribcage
Matrix:
-0.022241 -0.999753 0.000000 0.000000
0.999753 -0.022241 0.000000 0.000000
0.000000 0.000000 1.000000 0.000000
-0.000000 0.000000 -0.000000 1.000000
Name: bone_neck
Parent: root_neck
Matrix:
-0.234042 0.972226 0.000000 0.000000
-0.972226 -0.234042 0.000000 0.000000
0.000000 0.000000 1.000000 0.000000
-0.005679 -0.025571 0.000000 1.000000
Name: bone_head
Parent: bone_neck
Matrix:
0.972227 -0.234042 0.000000 0.000000
0.234042 0.972227 0.000000 0.000000
0.000000 0.000000 1.000000 0.000000
0.219052 -0.123977 -0.000000 1.000000
Name: eff_head
Parent: bone_head
Matrix:
1.000000 0.000000 0.000000 0.000000
0.000000 1.000000 0.000000 0.000000
0.000000 0.000000 1.000000 0.000000
0.081447 -0.000427 -0.000000 1.000000
Name: root_r_clavicle
Parent: 
Sibling: root_neck
Matrix:
-0.000000 0.000000 -1.000000 0.000000
-0.021475 -0.999769 -0.000000 0.000000
-0.999769 0.021475 -0.000000 0.000000
-0.084400 0.018122 -0.146130 1.000000
Name: bone_r_clavicle
Parent: root_r_clavicle
Matrix:
0.953181 0.113271 0.280385 0.000000
-0.118127 0.992998 0.000423 0.000000
-0.278374 -0.033524 0.959888 0.000000
0.000000 0.000000 0.000000 1.000000
Name: eff_r_clavicle
Parent: bone_r_clavicle
Matrix:
1.000000 0.000000 0.000000 0.000000
0.000000 1.000000 0.000000 0.000000
0.000000 0.000000 1.000000 0.000000
0.025000 0.000008 -0.000008 1.000000
Name: root_r_upperarm
Parent: eff_r_clavicle
Matrix:
0.953329 -0.118324 -0.277783 0.000000
0.113586 0.992975 -0.033149 0.000000
0.279754 0.000050 0.960072 0.000000
0.000000 0.000000 0.000000 1.000000
Name: bone_r_upperarm
Parent: root_r_upperarm
Matrix:
0.972579 0.228072 0.045536 0.000000
-0.227822 0.973644 -0.010667 0.000000
-0.046769 0.000000 0.998906 0.000000
0.000000 0.000000 0.000000 1.000000
Name: bone_r_forearm
Parent: bone_r_upperarm
Matrix:
0.873842 -0.486210 -0.000000 0.000000
0.486210 0.873842 0.000000 0.000000
0.000000 -0.000000 1.000000 0.000000
0.330000 -0.000004 0.000444 1.000000
Name: eff_r_forearm
Parent: bone_r_forearm
Matrix:
1.000000 0.000000 0.000000 0.000000
0.000000 1.000000 0.000000 0.000000
0.000000 0.000000 1.000000 0.000000
0.285000 0.000038 -0.000354 1.000000
Name: root_r_hand
Parent: eff_r_forearm
Matrix:
0.960650 0.273797 -0.046769 0.000000
-0.274097 0.961702 -0.000000 0.000000
0.044978 0.012819 0.998906 0.000000
-0.000000 -0.000000 0.000000 1.000000
Name: bone_r_hand
Parent: root_r_hand
Matrix:
0.962953 -0.269664 0.001448 0.000000
0.269668 0.962939 -0.005170 0.000000
0.000000 0.005369 0.999986 0.000000
0.000000 0.000000 -0.000000 1.000000
Name: hp_weapons
Parent: bone_r_hand
Matrix:
-0.135201 0.029490 0.990379 0.000000
-0.043027 -0.998789 0.023867 0.000000
0.989883 -0.039386 0.136307 0.000000
0.131062 -0.029957 0.038172 1.000000
Name: eff_r_hand
Parent: 
Sibling: hp_weapons
Matrix:
1.000000 0.000000 0.000000 0.000000
0.000000 1.000000 0.000000 0.000000
0.000000 0.000000 1.000000 0.000000
0.127133 -0.000011 0.000000 1.000000
Name: root_l_clavicle
Parent: 
Sibling: root_r_clavicle
Matrix:
-0.000000 0.000000 1.000000 0.000000
-0.021475 -0.999769 0.000000 0.000000
0.999769 -0.021475 -0.000000 0.000000
-0.084400 0.018122 0.145435 1.000000
Name: bone_l_clavicle
Parent: root_l_clavicle
Matrix:
0.953181 0.113271 -0.280385 0.000000
-0.118127 0.992998 -0.000423 0.000000
0.278374 0.033524 0.959888 0.000000
0.000000 0.000000 0.000000 1.000000
Name: eff_l_clavicle
Parent: bone_l_clavicle
Matrix:
1.000000 0.000000 0.000000 0.000000
0.000000 1.000000 0.000000 0.000000
0.000000 0.000000 1.000000 0.000000
0.025000 0.000008 0.000008 1.000000
Name: root_l_upperarm
Parent: eff_l_clavicle
Matrix:
0.953329 -0.118324 0.277783 0.000000
0.113586 0.992975 0.033150 0.000000
-0.279754 -0.000051 0.960072 0.000000
0.000000 0.000000 -0.000000 1.000000
Name: bone_l_upperarm
Parent: root_l_upperarm
Matrix:
0.972579 0.228072 -0.045536 0.000000
-0.227822 0.973644 0.010667 0.000000
0.046769 0.000000 0.998906 0.000000
0.000000 0.000000 0.000000 1.000000
Name: bone_l_forearm
Parent: bone_l_upperarm
Matrix:
0.873842 -0.486210 0.000000 0.000000
0.486210 0.873842 -0.000000 0.000000
-0.000000 0.000000 1.000000 0.000000
0.330000 -0.000004 -0.000444 1.000000
Name: eff_l_forearm
Parent: bone_l_forearm
Matrix:
1.000000 0.000000 0.000000 0.000000
0.000000 1.000000 0.000000 0.000000
0.000000 0.000000 1.000000 0.000000
0.285000 0.000038 0.000354 1.000000
Name: root_l_hand
Parent: eff_l_forearm
Matrix:
0.960650 0.273797 0.046769 0.000000
-0.274097 0.961702 0.000000 0.000000
-0.044978 -0.012819 0.998906 0.000000
-0.000000 0.000000 0.000000 1.000000
Name: bone_l_hand
Parent: root_l_hand
Matrix:
0.962953 -0.269660 -0.002186 0.000000
0.269669 0.962926 0.007264 0.000000
0.000146 -0.007585 0.999971 0.000000
0.000000 0.000000 0.000000 1.000000
Name: eff_l_hand
Parent: bone_l_hand
Matrix:
1.000000 0.000000 0.000000 0.000000
0.000000 1.000000 0.000000 0.000000
0.000000 0.000000 1.000000 0.000000
0.127133 -0.000026 0.000024 1.000000
WARNING[msh\cis_inf_bdroid.msh]:cis_inf_bdroid has 2633 vertices and NO COLLISION GEOMETRY (WILL BE SLOW)!
Mesh: cis_inf_bdroid_low1
Model dummyroot
Model override_texture
Model bone_pelvis
Model bone_r_thigh
Model bone_r_calf
Model bone_ribcage
Model bone_r_upperarm
Model bone_r_forearm
Model hp_weapons
Model bone_l_upperarm
Model bone_l_forearm
Model bone_neck
Model bone_head
Model bone_l_thigh
Model bone_l_calf
Root dummyroot
Matrix:
1.000000 0.000000 0.000000 0.000000
0.000000 1.000000 0.000000 0.000000
0.000000 0.000000 1.000000 0.000000
0.000000 0.000000 0.000000 1.000000
Name: override_texture
Parent: dummyroot
Matrix:
1.000000 0.000000 0.000000 0.000000
0.000000 1.000000 0.000000 0.000000
0.000000 0.000000 1.000000 0.000000
0.000000 0.000000 0.000000 1.000000
Name: bone_pelvis
Parent: override_texture
Matrix:
1.000000 0.000000 0.000000 0.000000
0.000000 1.000000 0.000000 0.000000
0.000000 0.000000 1.000000 0.000000
0.000000 1.159374 0.000000 1.000000
Name: bone_l_thigh
Parent: bone_pelvis
Matrix:
0.156501 -0.987127 0.032974 0.000000
0.000618 -0.033287 -0.999446 0.000000
0.987678 0.156435 -0.004599 0.000000
0.094280 -0.104937 0.009118 1.000000
Name: bone_l_calf
Parent: bone_l_thigh
Matrix:
0.964992 0.262278 -0.000285 0.000000
-0.262278 0.964992 -0.000575 0.000000
0.000125 0.000630 1.000000 0.000000
0.480000 -0.000177 -0.000018 1.000000
Name: bone_neck
Parent: 
Sibling: bone_l_thigh
Matrix:
0.000000 0.999753 0.022241 0.000000
0.000000 -0.022241 0.999753 0.000000
1.000000 0.000000 -0.000000 0.000000
-0.000000 0.321768 -0.022846 1.000000
Name: bone_head
Parent: bone_neck
Matrix:
0.999753 -0.022241 0.000000 0.000000
0.022241 0.999753 0.000000 0.000000
0.000000 0.000000 1.000000 0.000000
0.444945 -0.068458 -0.000000 1.000000
Name: bone_ribcage
Parent: 
Sibling: bone_neck
Matrix:
0.000000 0.999753 0.022241 0.000000
0.000000 -0.022241 0.999753 0.000000
1.000000 0.000000 -0.000000 0.000000
-0.000000 0.321768 -0.022846 1.000000
Name: bone_l_upperarm
Parent: bone_ribcage
Matrix:
-0.052089 -0.226970 0.972508 0.000000
-0.016003 -0.973515 -0.228062 0.000000
0.998514 -0.027442 0.047077 0.000000
0.138543 0.015391 0.169266 1.000000
Name: bone_l_forearm
Parent: bone_l_upperarm
Matrix:
0.874465 -0.484917 0.012892 0.000000
0.484958 0.874537 -0.000117 0.000000
-0.011218 0.006354 0.999917 0.000000
0.330000 -0.000004 0.000049 1.000000
Name: bone_r_upperarm
Parent: 
Sibling: bone_l_upperarm
Matrix:
-0.052090 -0.226970 -0.972508 0.000000
-0.016003 -0.973515 0.228062 0.000000
-0.998514 0.027442 0.047078 0.000000
0.138543 0.015391 -0.169961 1.000000
Name: bone_r_forearm
Parent: bone_r_upperarm
Matrix:
0.874465 -0.484917 -0.012893 0.000000
0.484959 0.874537 0.000117 0.000000
0.011219 -0.006355 0.999917 0.000000
0.330000 -0.000004 -0.000049 1.000000
Name: hp_weapons
Parent: bone_r_forearm
Matrix:
0.120693 -0.203127 0.971685 0.000000
-0.056564 -0.978658 -0.197559 0.000000
0.991077 -0.031118 -0.129607 0.000000
0.451560 -0.066056 0.006646 1.000000
Name: bone_r_thigh
Parent: 
Sibling: bone_ribcage
Matrix:
-0.156513 -0.987199 0.030675 0.000000
-0.000258 -0.031017 -0.999519 0.000000
0.987676 -0.156445 0.004600 0.000000
-0.094280 -0.104937 0.009118 1.000000
Name: bone_r_calf
Parent: bone_r_thigh
Matrix:
0.966386 0.257094 0.000310 0.000000
-0.257094 0.966386 0.000573 0.000000
-0.000153 -0.000634 1.000000 0.000000
0.480000 0.000065 0.000050 1.000000
Mesh: cis_inf_magnaguard
Model DummyRoot
Model cis_inf_magnaguard
Model bone_root
Model root_a_spine
Model bone_a_spine
Model bone_b_spine
Model bone_ribcage
Model eff_ribcage
Model root_l_clavicle
Model bone_l_clavicle
Model eff_l_clavicle
Model root_l_upperarm
Model bone_l_upperarm
Model bone_l_forearm
Model eff_l_forearm
Model root_l_hand
Model bone_l_hand
Model eff_l_hand
Model root_r_clavicle
Model bone_r_clavicle
Model eff_r_clavicle
Model root_r_upperarm
Model bone_r_upperarm
Model bone_r_forearm
Model eff_r_forearm
Model root_r_hand
Model bone_r_hand
Model eff_r_hand
Model hp_weapons
Model root_neck
Model bone_neck
Model bone_head
Model eff_head
Model bone_pelvis
Model root_r_thigh
Model bone_r_thigh
Model bone_r_calf
Model eff_r_calf
Model root_r_foot
Model bone_r_foot
Model bone_r_toe
Model eff_r_toe
Model root_l_thigh
Model bone_l_thigh
Model bone_l_calf
Model eff_l_calf
Model root_l_foot
Model bone_l_foot
Model bone_l_toe
Model eff_l_toe
Model sv_magnaguard
Root DummyRoot
Matrix:
1.000000 0.000000 0.000000 0.000000
0.000000 1.000000 0.000000 0.000000
0.000000 0.000000 1.000000 0.000000
0.000000 0.000000 0.000000 1.000000
Name: sv_magnaguard
Parent: DummyRoot
Matrix:
1.000000 0.000000 0.000000 0.000000
0.000000 1.000000 0.000000 0.000000
0.000000 0.000000 1.000000 0.000000
0.000000 0.000000 0.000000 1.000000
Name: cis_inf_magnaguard
Parent: 
Sibling: sv_magnaguard
Matrix:
1.000000 0.000000 0.000000 0.000000
0.000000 1.000000 0.000000 0.000000
0.000000 0.000000 1.000000 0.000000
0.000000 0.000000 0.000000 1.000000
Name: bone_root
Parent: cis_inf_magnaguard
Matrix:
1.000000 0.000000 0.000000 0.000000
0.000000 1.000000 0.000000 0.000000
0.000000 0.000000 1.000000 0.000000
0.000000 1.439076 0.000000 1.000000
Name: bone_pelvis
Parent: bone_root
Matrix:
1.000000 0.000000 0.000000 0.000000
0.000000 1.000000 0.000000 0.000000
0.000000 0.000000 1.000000 0.000000
0.000000 0.000000 0.000000 1.000000
Name: root_l_thigh
Parent: bone_pelvis
Matrix:
0.000000 0.000000 -1.000000 0.000000
0.000000 1.000000 0.000000 0.000000
1.000000 0.000000 0.000000 0.000000
0.194022 -0.104937 0.009118 1.000000
Name: bone_l_thigh
Parent: root_l_thigh
Matrix:
-0.033741 -0.999431 0.000000 0.000000
0.999431 -0.033741 0.000000 0.000000
0.000000 0.000000 1.000000 0.000000
0.000000 0.000000 0.000000 1.000000
Name: bone_l_calf
Parent: bone_l_thigh
Matrix:
0.964792 0.263015 0.000000 0.000000
-0.263015 0.964792 0.000000 0.000000
0.000000 0.000000 1.000000 0.000000
0.595200 -0.000011 0.000000 1.000000
Name: eff_l_calf
Parent: bone_l_calf
Matrix:
1.000000 0.000000 0.000000 0.000000
0.000000 1.000000 0.000000 0.000000
0.000000 0.000000 1.000000 0.000000
0.582800 -0.000173 0.000000 1.000000
Name: root_l_foot
Parent: eff_l_calf
Matrix:
0.151230 -0.040605 0.987664 0.000000
-0.961561 0.225621 0.156509 0.000000
-0.229193 -0.973369 -0.004923 0.000000
0.000000 0.000000 0.000000 1.000000
Name: bone_l_foot
Parent: root_l_foot
Matrix:
0.089499 -0.573206 0.814509 0.000000
-0.062651 -0.819411 -0.569772 0.000000
0.994014 -0.000035 -0.109249 0.000000
0.000000 0.000000 0.000000 1.000000
Name: bone_l_toe
Parent: bone_l_foot
Matrix:
0.818283 -0.574816 0.000212 0.000000
0.574816 0.818283 0.000568 0.000000
-0.000500 -0.000343 1.000000 0.000000
0.204600 0.000003 0.000025 1.000000
Name: eff_l_toe
Parent: bone_l_toe
Matrix:
1.000000 0.000000 0.000000 0.000000
0.000000 1.000000 0.000000 0.000000
0.000000 0.000000 1.000000 0.000000
0.124000 0.000003 -0.000010 1.000000
Name: root_r_thigh
Parent: 
Sibling: root_l_thigh
Matrix:
0.000000 0.000000 -1.000000 0.000000
0.000000 1.000000 0.000000 0.000000
1.000000 0.000000 0.000000 0.000000
-0.194000 -0.104937 0.009118 1.000000
Name: bone_r_thigh
Parent: root_r_thigh
Matrix:
-0.033741 -0.999431 0.000000 0.000000
0.999431 -0.033741 0.000000 0.000000
0.000000 0.000000 1.000000 0.000000
0.000000 0.000000 0.000000 1.000000
Name: bone_r_calf
Parent: bone_r_thigh
Matrix:
0.966387 0.257090 0.000000 0.000000
-0.257090 0.966387 0.000000 0.000000
0.000000 0.000000 1.000000 0.000000
0.595200 -0.000011 0.000000 1.000000
Name: eff_r_calf
Parent: bone_r_calf
Matrix:
1.000000 0.000000 0.000000 0.000000
0.000000 1.000000 0.000000 0.000000
0.000000 0.000000 1.000000 0.000000
0.582800 0.000055 0.000021 1.000000
Name: root_r_foot
Parent: eff_r_calf
Matrix:
0.151230 -0.040605 -0.987664 0.000000
-0.961561 0.225622 -0.156509 0.000000
0.229194 0.973368 -0.004923 0.000000
-0.000000 -0.000000 0.000000 1.000000
Name: bone_r_foot
Parent: root_r_foot
Matrix:
0.089763 -0.575105 -0.813140 0.000000
-0.063579 -0.818080 0.571580 0.000000
-0.993932 0.000392 -0.109998 0.000000
0.000000 0.000000 0.000000 1.000000
Name: bone_r_toe
Parent: bone_r_foot
Matrix:
0.816315 -0.577606 -0.000045 0.000000
0.577606 0.816315 -0.001175 0.000000
0.000715 0.000933 0.999999 0.000000
0.204600 0.000051 -0.000055 1.000000
Name: eff_r_toe
Parent: bone_r_toe
Matrix:
1.000000 0.000000 0.000000 0.000000
0.000000 1.000000 0.000000 0.000000
0.000000 0.000000 1.000000 0.000000
0.124000 0.000005 0.000028 1.000000
Name: root_a_spine
Parent: 
Sibling: bone_pelvis
Matrix:
0.000000 0.000000 -1.000000 0.000000
0.000000 1.000000 0.000000 0.000000
1.000000 0.000000 0.000000 0.000000
0.000000 0.000000 0.000000 1.000000
Name: bone_a_spine
Parent: root_a_spine
Matrix:
0.086560 0.996247 0.000000 0.000000
-0.996247 0.086560 0.000000 0.000000
0.000000 0.000000 1.000000 0.000000
0.000000 0.000000 0.000000 1.000000
Name: bone_b_spine
Parent: bone_a_spine
Matrix:
0.999481 0.032208 0.000000 0.000000
-0.032208 0.999481 0.000000 0.000000
0.000000 0.000000 1.000000 0.000000
0.185000 -0.000009 0.000000 1.000000
Name: bone_ribcage
Parent: bone_b_spine
Matrix:
0.997060 0.076624 0.000000 0.000000
-0.076624 0.997060 0.000000 0.000000
0.000000 0.000000 1.000000 0.000000
0.185000 -0.000031 -0.000000 1.000000
Name: eff_ribcage
Parent: bone_ribcage
Matrix:
1.000000 0.000000 0.000000 0.000000
0.000000 1.000000 0.000000 0.000000
0.000000 0.000000 1.000000 0.000000
0.185000 -0.000059 -0.000000 1.000000
Name: root_neck
Parent: eff_ribcage
Matrix:
-0.022241 -0.999753 0.000000 0.000000
0.999753 -0.022241 0.000000 0.000000
0.000000 0.000000 1.000000 0.000000
-0.000000 0.000000 -0.000000 1.000000
Name: bone_neck
Parent: root_neck
Matrix:
-0.233296 0.972406 0.000000 0.000000
-0.972406 -0.233296 0.000000 0.000000
0.000000 0.000000 1.000000 0.000000
0.000000 0.000000 0.000000 1.000000
Name: bone_head
Parent: bone_neck
Matrix:
0.972406 -0.233296 0.000000 0.000000
0.233296 0.972406 0.000000 0.000000
0.000000 0.000000 1.000000 0.000000
0.100000 -0.000036 -0.000000 1.000000
Name: eff_head
Parent: bone_head
Matrix:
1.000000 0.000000 0.000000 0.000000
0.000000 1.000000 0.000000 0.000000
0.000000 0.000000 1.000000 0.000000
0.247968 0.000000 -0.000000 1.000000
Name: root_r_clavicle
Parent: 
Sibling: root_neck
Matrix:
-0.000000 0.000000 -1.000000 0.000000
-0.021475 -0.999769 -0.000000 0.000000
-0.999769 0.021475 -0.000000 0.000000
-0.000000 0.000000 0.000000 1.000000
Name: bone_r_clavicle
Parent: root_r_clavicle
Matrix:
0.953181 0.113271 0.280385 0.000000
-0.118127 0.992998 0.000423 0.000000
-0.278374 -0.033524 0.959888 0.000000
0.000000 0.000000 0.000000 1.000000
Name: eff_r_clavicle
Parent: bone_r_clavicle
Matrix:
1.000000 0.000000 0.000000 0.000000
0.000000 1.000000 0.000000 0.000000
0.000000 0.000000 1.000000 0.000000
0.330000 0.000111 -0.000109 1.000000
Name: root_r_upperarm
Parent: eff_r_clavicle
Matrix:
0.953329 -0.118324 -0.277783 0.000000
0.113586 0.992975 -0.033149 0.000000
0.279754 0.000050 0.960072 0.000000
0.000000 0.000000 0.000000 1.000000
Name: bone_r_upperarm
Parent: root_r_upperarm
Matrix:
0.707107 0.000000 0.707107 0.000000
0.000000 1.000000 0.000000 0.000000
-0.707107 0.000000 0.707107 0.000000
0.000000 0.000000 0.000000 1.000000
Name: bone_r_forearm
Parent: bone_r_upperarm
Matrix:
0.873842 -0.486210 0.000000 0.000000
0.486210 0.873842 0.000000 0.000000
0.000000 0.000000 1.000000 0.000000
0.340000 -0.000000 0.000000 1.000000
Name: eff_r_forearm
Parent: bone_r_forearm
Matrix:
1.000000 0.000000 0.000000 0.000000
0.000000 1.000000 0.000000 0.000000
0.000000 0.000000 1.000000 0.000000
0.450000 0.000062 0.000000 1.000000
Name: root_r_hand
Parent: eff_r_forearm
Matrix:
0.960650 0.273797 -0.046769 0.000000
-0.274097 0.961702 -0.000000 0.000000
0.044978 0.012819 0.998906 0.000000
-0.000000 -0.000000 0.000000 1.000000
Name: bone_r_hand
Parent: root_r_hand
Matrix:
0.962952 -0.269668 0.001552 0.000000
0.269672 0.962940 -0.004944 0.000000
-0.000161 0.005179 0.999987 0.000000
0.000000 0.000000 0.000000 1.000000
Name: hp_weapons
Parent: bone_r_hand
Matrix:
0.090260 -0.220776 0.971139 0.000000
-0.052098 -0.974831 -0.216773 0.000000
0.994555 -0.031029 -0.099491 0.000000
0.166233 -0.066317 0.006925 1.000000
Name: eff_r_hand
Parent: 
Sibling: hp_weapons
Matrix:
1.000000 0.000000 0.000000 0.000000
0.000000 1.000000 0.000000 0.000000
0.000000 0.000000 1.000000 0.000000
0.157645 -0.000009 -0.000024 1.000000
Name: root_l_clavicle
Parent: 
Sibling: root_r_clavicle
Matrix:
-0.000000 0.000000 1.000000 0.000000
-0.021475 -0.999769 0.000000 0.000000
0.999769 -0.021475 -0.000000 0.000000
-0.000000 0.000000 -0.000000 1.000000
Name: bone_l_clavicle
Parent: root_l_clavicle
Matrix:
0.953181 0.113271 -0.280385 0.000000
-0.118127 0.992998 -0.000423 0.000000
0.278374 0.033524 0.959888 0.000000
0.000000 0.000000 0.000000 1.000000
Name: eff_l_clavicle
Parent: bone_l_clavicle
Matrix:
1.000000 0.000000 0.000000 0.000000
0.000000 1.000000 0.000000 0.000000
0.000000 0.000000 1.000000 0.000000
0.330000 0.000111 0.000109 1.000000
Name: root_l_upperarm
Parent: eff_l_clavicle
Matrix:
0.953329 -0.118324 0.277783 0.000000
0.113586 0.992975 0.033150 0.000000
-0.279754 -0.000051 0.960072 0.000000
0.000000 0.000000 -0.000000 1.000000
Name: bone_l_upperarm
Parent: root_l_upperarm
Matrix:
0.707107 0.000000 -0.707107 0.000000
0.000000 1.000000 0.000000 0.000000
0.707107 0.000000 0.707107 0.000000
0.000000 0.000000 0.000000 1.000000
Name: bone_l_forearm
Parent: bone_l_upperarm
Matrix:
0.873842 -0.486210 0.000000 0.000000
0.486210 0.873842 0.000000 0.000000
0.000000 0.000000 1.000000 0.000000
0.340000 -0.000000 -0.000000 1.000000
Name: eff_l_forearm
Parent: bone_l_forearm
Matrix:
1.000000 0.000000 0.000000 0.000000
0.000000 1.000000 0.000000 0.000000
0.000000 0.000000 1.000000 0.000000
0.450000 0.000062 -0.000000 1.000000
Name: root_l_hand
Parent: eff_l_forearm
Matrix:
0.960650 0.273797 0.046769 0.000000
-0.274097 0.961702 0.000000 0.000000
-0.044978 -0.012819 0.998906 0.000000
0.000000 0.000000 0.000000 1.000000
Name: bone_l_hand
Parent: root_l_hand
Matrix:
0.962953 -0.269660 -0.002224 0.000000
0.269669 0.962928 0.006875 0.000000
0.000288 -0.007220 0.999974 0.000000
0.000000 0.000000 -0.000000 1.000000
Name: eff_l_hand
Parent: bone_l_hand
Matrix:
1.000000 0.000000 0.000000 0.000000
0.000000 1.000000 0.000000 0.000000
0.000000 0.000000 1.000000 0.000000
0.157645 -0.000028 0.000043 1.000000
WARNING[msh\cis_inf_magnaguard.msh]:cis_inf_magnaguard has 3527 vertices and NO COLLISION GEOMETRY (WILL BE SLOW)!
Mesh: cis_inf_magnaguard_low1
Model dummyroot
Model cis_inf_magnaguard_low1
Model bone_pelvis
Model bone_r_thigh
Model bone_r_calf
Model bone_ribcage
Model bone_r_upperarm
Model bone_r_forearm
Model hp_weapons
Model bone_l_upperarm
Model bone_l_forearm
Model bone_neck
Model bone_head
Model bone_l_thigh
Model bone_l_calf
Root dummyroot
Matrix:
1.000000 0.000000 0.000000 0.000000
0.000000 1.000000 0.000000 0.000000
0.000000 0.000000 1.000000 0.000000
0.000000 0.000000 0.000000 1.000000
Name: cis_inf_magnaguard_low1
Parent: dummyroot
Matrix:
1.000000 0.000000 0.000000 0.000000
0.000000 1.000000 0.000000 0.000000
0.000000 0.000000 1.000000 0.000000
0.000000 0.000000 0.000000 1.000000
Name: bone_pelvis
Parent: cis_inf_magnaguard_low1
Matrix:
1.000000 0.000000 0.000000 0.000000
0.000000 1.000000 0.000000 0.000000
0.000000 0.000000 1.000000 0.000000
0.000000 1.439076 0.000000 1.000000
Name: bone_l_thigh
Parent: bone_pelvis
Matrix:
-0.000000 -0.999431 0.033741 0.000000
0.000000 -0.033741 -0.999431 0.000000
1.000000 0.000000 -0.000000 0.000000
0.194022 -0.104937 0.009118 1.000000
Name: bone_l_calf
Parent: bone_l_thigh
Matrix:
0.964792 0.263015 0.000000 0.000000
-0.263015 0.964792 0.000000 0.000000
0.000000 0.000000 1.000000 0.000000
0.595200 -0.000011 0.000000 1.000000
Name: bone_neck
Parent: 
Sibling: bone_l_thigh
Matrix:
0.000000 0.999753 0.022241 0.000000
0.000000 -0.022241 0.999753 0.000000
1.000000 0.000000 -0.000000 0.000000
-0.000000 0.369029 -0.026123 1.000000
Name: bone_head
Parent: bone_neck
Matrix:
0.999753 -0.022241 0.000000 0.000000
0.022241 0.999753 0.000000 0.000000
0.000000 0.000000 1.000000 0.000000
0.282743 0.021067 -0.000000 1.000000
Name: bone_ribcage
Parent: 
Sibling: bone_neck
Matrix:
0.000000 0.999753 0.022241 0.000000
0.000000 -0.022241 0.999753 0.000000
1.000000 0.000000 -0.000000 0.000000
-0.000000 0.369029 -0.026123 1.000000
Name: bone_l_upperarm
Parent: bone_ribcage
Matrix:
-0.706932 0.015727 0.707107 0.000000
-0.022241 -0.999753 0.000000 0.000000
0.706932 -0.015727 0.707107 0.000000
0.091767 -0.035488 0.314567 1.000000
Name: bone_l_forearm
Parent: bone_l_upperarm
Matrix:
0.873842 -0.486210 0.000000 0.000000
0.486210 0.873842 0.000000 0.000000
0.000000 0.000000 1.000000 0.000000
0.340000 -0.000000 -0.000000 1.000000
Name: bone_r_upperarm
Parent: 
Sibling: bone_l_upperarm
Matrix:
-0.706932 0.015727 -0.707107 0.000000
-0.022241 -0.999753 0.000000 0.000000
-0.706932 0.015727 0.707107 0.000000
0.091767 -0.035488 -0.314567 1.000000
Name: bone_r_forearm
Parent: bone_r_upperarm
Matrix:
0.873842 -0.486210 0.000000 0.000000
0.486210 0.873842 0.000000 0.000000
0.000000 0.000000 1.000000 0.000000
0.340000 -0.000000 0.000000 1.000000
Name: hp_weapons
Parent: bone_r_forearm
Matrix:
0.133595 -0.202958 0.970031 0.000000
-0.057059 -0.978757 -0.196925 0.000000
0.989392 -0.029041 -0.142337 0.000000
0.616683 -0.065539 0.000803 1.000000
Name: bone_r_thigh
Parent: 
Sibling: bone_ribcage
Matrix:
-0.000000 -0.999431 0.033741 0.000000
0.000000 -0.033741 -0.999431 0.000000
1.000000 0.000000 -0.000000 0.000000
-0.194000 -0.104937 0.009118 1.000000
Name: bone_r_calf
Parent: bone_r_thigh
Matrix:
0.966387 0.257090 0.000000 0.000000
-0.257090 0.966387 0.000000 0.000000
0.000000 0.000000 1.000000 0.000000
0.595200 -0.000011 0.000000 1.000000
Mesh: cis_inf_sbdroid
Model DummyRoot
Model sv_sbdroid
Model cis_superbattledroid
Model bone_root
Model root_a_spine
Model bone_a_spine
Model bone_b_spine
Model bone_ribcage
Model eff_ribcage
Model root_l_clavicle
Model bone_l_clavicle
Model eff_l_clavicle
Model root_l_upperarm
Model bone_l_upperarm
Model bone_l_forearm
Model eff_l_forearm
Model root_l_hand
Model bone_l_hand
Model eff_l_hand
Model root_r_clavicle
Model bone_r_clavicle
Model eff_r_clavicle
Model root_r_upperarm
Model bone_r_upperarm
Model bone_r_forearm
Model eff_r_forearm
Model root_r_hand
Model bone_r_hand
Model eff_r_hand
Model hp_weapons
Model root_neck
Model bone_neck
Model bone_head
Model bone_pelvis
Model root_r_thigh
Model bone_r_thigh
Model bone_r_calf
Model eff_r_calf
Model root_r_foot
Model bone_r_foot
Model bone_r_toe
Model eff_r_toe
Model root_l_thigh
Model bone_l_thigh
Model bone_l_calf
Model eff_l_calf
Model root_l_foot
Model bone_l_foot
Model bone_l_toe
Model eff_l_toe
Root DummyRoot
Matrix:
1.000000 0.000000 0.000000 0.000000
0.000000 1.000000 0.000000 0.000000
0.000000 0.000000 1.000000 0.000000
0.000000 0.000000 0.000000 1.000000
Name: cis_superbattledroid
Parent: DummyRoot
Matrix:
1.000000 0.000000 0.000000 0.000000
0.000000 1.000000 0.000000 0.000000
0.000000 0.000000 1.000000 0.000000
0.000000 0.000000 0.000000 1.000000
Name: bone_root
Parent: cis_superbattledroid
Matrix:
1.000000 0.000000 0.000000 0.000000
0.000000 1.000000 0.000000 0.000000
0.000000 0.000000 1.000000 0.000000
0.000000 1.159374 0.000000 1.000000
Name: bone_pelvis
Parent: bone_root
Matrix:
1.000000 0.000000 0.000000 0.000000
0.000000 1.000000 0.000000 0.000000
0.000000 0.000000 1.000000 0.000000
0.000000 0.000000 0.000000 1.000000
Name: root_l_thigh
Parent: bone_pelvis
Matrix:
0.000000 0.000000 -1.000000 0.000000
0.000000 1.000000 0.000000 0.000000
1.000000 0.000000 0.000000 0.000000
0.094280 -0.104937 0.009118 1.000000
Name: bone_l_thigh
Parent: root_l_thigh
Matrix:
-0.032974 -0.987127 0.156501 0.000000
0.999446 -0.033287 0.000618 0.000000
0.004599 0.156434 0.987678 0.000000
0.000000 0.000000 0.000000 1.000000
Name: bone_l_calf
Parent: bone_l_thigh
Matrix:
0.964992 0.262278 -0.000285 0.000000
-0.262278 0.964992 -0.000575 0.000000
0.000125 0.000630 1.000000 0.000000
0.480000 -0.000177 -0.000018 1.000000
Name: eff_l_calf
Parent: bone_l_calf
Matrix:
1.000000 0.000000 0.000000 0.000000
0.000000 1.000000 0.000000 0.000000
0.000000 0.000000 1.000000 0.000000
0.470000 0.000054 0.000076 1.000000
Name: root_l_foot
Parent: eff_l_calf
Matrix:
0.151230 -0.040605 0.987664 0.000000
-0.961561 0.225621 0.156509 0.000000
-0.229193 -0.973369 -0.004923 0.000000
0.000000 -0.000000 -0.000000 1.000000
Name: bone_l_foot
Parent: root_l_foot
Matrix:
0.089820 -0.573218 0.814465 0.000000
-0.062825 -0.819403 -0.569764 0.000000
0.993975 0.000007 -0.109611 0.000000
0.000000 0.000000 0.000000 1.000000
Name: bone_l_toe
Parent: bone_l_foot
Matrix:
0.818090 -0.575090 -0.000152 0.000000
0.575090 0.818090 -0.000259 0.000000
0.000273 0.000125 1.000000 0.000000
0.165000 -0.000056 -0.000013 1.000000
Name: eff_l_toe
Parent: bone_l_toe
Matrix:
1.000000 0.000000 0.000000 0.000000
0.000000 1.000000 0.000000 0.000000
0.000000 0.000000 1.000000 0.000000
0.100000 0.000001 0.000027 1.000000
Name: root_r_thigh
Parent: 
Sibling: root_l_thigh
Matrix:
0.000000 0.000000 -1.000000 0.000000
0.000000 1.000000 0.000000 0.000000
1.000000 0.000000 0.000000 0.000000
-0.094280 -0.104937 0.009118 1.000000
Name: bone_r_thigh
Parent: root_r_thigh
Matrix:
-0.030674 -0.987200 -0.156512 0.000000
0.999519 -0.031016 -0.000258 0.000000
-0.004600 -0.156445 0.987676 0.000000
0.000000 0.000000 0.000000 1.000000
Name: bone_r_calf
Parent: bone_r_thigh
Matrix:
0.966386 0.257094 0.000310 0.000000
-0.257094 0.966386 0.000573 0.000000
-0.000153 -0.000634 1.000000 0.000000
0.480000 0.000065 0.000050 1.000000
Name: eff_r_calf
Parent: bone_r_calf
Matrix:
1.000000 0.000000 0.000000 0.000000
0.000000 1.000000 0.000000 0.000000
0.000000 0.000000 1.000000 0.000000
0.470000 0.000114 -0.000059 1.000000
Name: root_r_foot
Parent: eff_r_calf
Matrix:
0.151230 -0.040605 -0.987664 0.000000
-0.961561 0.225622 -0.156509 0.000000
0.229194 0.973368 -0.004923 0.000000
-0.000000 0.000000 -0.000000 1.000000
Name: bone_r_foot
Parent: root_r_foot
Matrix:
0.089820 -0.575714 -0.812703 0.000000
-0.062826 -0.817651 0.572276 0.000000
-0.993975 -0.000343 -0.109611 0.000000
0.000000 0.000000 0.000000 1.000000
Name: bone_r_toe
Parent: bone_r_foot
Matrix:
0.816009 -0.578039 0.000210 0.000000
0.578039 0.816009 0.000458 0.000000
-0.000436 -0.000252 1.000000 0.000000
0.165000 -0.000056 0.000017 1.000000
Name: eff_r_toe
Parent: bone_r_toe
Matrix:
1.000000 0.000000 0.000000 0.000000
0.000000 1.000000 0.000000 0.000000
0.000000 0.000000 1.000000 0.000000
0.100000 -0.000001 -0.000031 1.000000
Name: root_a_spine
Parent: 
Sibling: bone_pelvis
Matrix:
0.000000 0.000000 -1.000000 0.000000
0.000000 1.000000 0.000000 0.000000
1.000000 0.000000 0.000000 0.000000
0.000000 0.000000 0.000000 1.000000
Name: bone_a_spine
Parent: root_a_spine
Matrix:
0.086560 0.996247 0.000000 0.000000
-0.996247 0.086560 0.000000 0.000000
0.000000 0.000000 1.000000 0.000000
0.000000 0.000000 0.000000 1.000000
Name: bone_b_spine
Parent: bone_a_spine
Matrix:
0.999481 0.032208 0.000000 0.000000
-0.032208 0.999481 0.000000 0.000000
0.000000 0.000000 1.000000 0.000000
0.163415 -0.000008 0.000000 1.000000
Name: bone_ribcage
Parent: bone_b_spine
Matrix:
0.997060 0.076624 0.000000 0.000000
-0.076624 0.997060 0.000000 0.000000
0.000000 0.000000 1.000000 0.000000
0.159204 -0.000027 -0.000000 1.000000
Name: eff_ribcage
Parent: bone_ribcage
Matrix:
1.000000 0.000000 0.000000 0.000000
0.000000 1.000000 0.000000 0.000000
0.000000 0.000000 1.000000 0.000000
0.230000 -0.000074 -0.000000 1.000000
Name: root_neck
Parent: eff_ribcage
Matrix:
-0.022241 -0.999753 0.000000 0.000000
0.999753 -0.022241 0.000000 0.000000
0.000000 0.000000 1.000000 0.000000
0.000000 0.000000 0.000000 1.000000
Name: bone_neck
Parent: root_neck
Matrix:
-0.234042 0.972226 0.000000 0.000000
-0.972226 -0.234042 0.000000 0.000000
0.000000 0.000000 1.000000 0.000000
-0.005679 -0.025571 0.000000 1.000000
Name: bone_head
Parent: bone_neck
Matrix:
0.972227 -0.234042 0.000000 0.000000
0.234042 0.972227 0.000000 0.000000
0.000000 0.000000 1.000000 0.000000
0.219052 -0.123977 -0.000000 1.000000
Name: root_r_clavicle
Parent: 
Sibling: root_neck
Matrix:
-0.000000 0.000000 -1.000000 0.000000
-0.021475 -0.999769 -0.000000 0.000000
-0.999769 0.021475 -0.000000 0.000000
0.010643 -0.018542 -0.235741 1.000000
Name: bone_r_clavicle
Parent: root_r_clavicle
Matrix:
0.953181 0.113271 0.280385 0.000000
-0.118127 0.992998 0.000423 0.000000
-0.278374 -0.033524 0.959888 0.000000
0.000000 0.000000 0.000000 1.000000
Name: eff_r_clavicle
Parent: bone_r_clavicle
Matrix:
1.000000 0.000000 0.000000 0.000000
0.000000 1.000000 0.000000 0.000000
0.000000 0.000000 1.000000 0.000000
0.025000 0.000008 -0.000008 1.000000
Name: root_r_upperarm
Parent: eff_r_clavicle
Matrix:
0.953329 -0.118324 -0.277783 0.000000
0.113586 0.992975 -0.033149 0.000000
0.279754 0.000050 0.960072 0.000000
-0.000000 -0.000000 0.000000 1.000000
Name: bone_r_upperarm
Parent: root_r_upperarm
Matrix:
0.038336 0.014572 0.999159 0.000000
-0.227702 0.973716 -0.005464 0.000000
-0.972976 -0.227301 0.040646 0.000000
0.000000 0.000000 0.000000 1.000000
Name: bone_r_forearm
Parent: bone_r_upperarm
Matrix:
0.873908 -0.486092 -0.000187 0.000000
0.486092 0.873908 0.000185 0.000000
0.000074 -0.000253 1.000000 0.000000
0.390000 0.000096 0.000114 1.000000
Name: eff_r_forearm
Parent: bone_r_forearm
Matrix:
1.000000 0.000000 0.000000 0.000000
0.000000 1.000000 0.000000 0.000000
0.000000 0.000000 1.000000 0.000000
0.380000 0.000095 0.000104 1.000000
Name: root_r_hand
Parent: eff_r_forearm
Matrix:
0.960650 0.273797 -0.046769 0.000000
-0.274097 0.961702 -0.000000 0.000000
0.044978 0.012819 0.998906 0.000000
0.000000 0.000000 0.000000 1.000000
Name: bone_r_hand
Parent: root_r_hand
Matrix:
0.962763 -0.270342 0.001782 0.000000
0.270347 0.962747 -0.005480 0.000000
-0.000234 0.005758 0.999983 0.000000
0.000000 0.000000 0.000000 1.000000
Name: hp_weapons
Parent: bone_r_hand
Matrix:
0.090260 -0.220776 0.971139 0.000000
-0.052098 -0.974831 -0.216773 0.000000
0.994555 -0.031029 -0.099491 0.000000
0.166233 -0.066317 0.006925 1.000000
Name: eff_r_hand
Parent: 
Sibling: hp_weapons
Matrix:
1.000000 0.000000 0.000000 0.000000
0.000000 1.000000 0.000000 0.000000
0.000000 0.000000 1.000000 0.000000
0.127133 0.000036 0.000008 1.000000
Name: root_l_clavicle
Parent: 
Sibling: root_r_clavicle
Matrix:
-0.000000 0.000000 1.000000 0.000000
-0.021475 -0.999769 0.000000 0.000000
0.999769 -0.021475 -0.000000 0.000000
0.010643 -0.018542 0.238136 1.000000
Name: bone_l_clavicle
Parent: root_l_clavicle
Matrix:
0.953181 0.113271 -0.280385 0.000000
-0.118127 0.992998 -0.000423 0.000000
0.278374 0.033524 0.959888 0.000000
0.000000 0.000000 0.000000 1.000000
Name: eff_l_clavicle
Parent: bone_l_clavicle
Matrix:
1.000000 0.000000 0.000000 0.000000
0.000000 1.000000 0.000000 0.000000
0.000000 0.000000 1.000000 0.000000
0.025000 0.000008 0.000008 1.000000
Name: root_l_upperarm
Parent: eff_l_clavicle
Matrix:
0.953329 -0.118324 0.277783 0.000000
0.113586 0.992975 0.033150 0.000000
-0.279754 -0.000051 0.960072 0.000000
0.000000 0.000000 0.000000 1.000000
Name: bone_l_upperarm
Parent: root_l_upperarm
Matrix:
0.038336 0.014572 -0.999159 0.000000
-0.227702 0.973716 0.005464 0.000000
0.972976 0.227301 0.040646 0.000000
0.000000 0.000000 0.000000 1.000000
Name: bone_l_forearm
Parent: bone_l_upperarm
Matrix:
0.873908 -0.486092 0.000187 0.000000
0.486092 0.873908 -0.000184 0.000000
-0.000074 0.000252 1.000000 0.000000
0.390000 0.000096 -0.000113 1.000000
Name: eff_l_forearm
Parent: bone_l_forearm
Matrix:
1.000000 0.000000 0.000000 0.000000
0.000000 1.000000 0.000000 0.000000
0.000000 0.000000 1.000000 0.000000
0.380000 0.000095 -0.000104 1.000000
Name: root_l_hand
Parent: eff_l_forearm
Matrix:
0.960650 0.273797 0.046769 0.000000
-0.274097 0.961702 0.000000 0.000000
-0.044978 -0.012819 0.998906 0.000000
0.000000 0.000000 0.000000 1.000000
Name: bone_l_hand
Parent: root_l_hand
Matrix:
0.962811 -0.270167 -0.002444 0.000000
0.270177 0.962782 0.007439 0.000000
0.000343 -0.007823 0.999969 0.000000
0.000000 0.000000 0.000000 1.000000
Name: eff_l_hand
Parent: bone_l_hand
Matrix:
1.000000 0.000000 0.000000 0.000000
0.000000 1.000000 0.000000 0.000000
0.000000 0.000000 1.000000 0.000000
0.127133 -0.000002 0.000006 1.000000
Name: sv_sbdroid
Parent: 
Sibling: cis_superbattledroid
Matrix:
1.000000 0.000000 0.000000 0.000000
0.000000 1.000000 0.000000 0.000000
0.000000 0.000000 1.000000 0.000000
0.000000 0.000000 0.000000 1.000000
WARNING[msh\cis_inf_sbdroid.msh]:cis_inf_sbdroid has 2894 vertices and NO COLLISION GEOMETRY (WILL BE SLOW)!
Mesh: cis_inf_sbdroid_low1
Model dummyroot
Model cis_inf_sbdroid_low1
Model bone_pelvis
Model bone_r_thigh
Model bone_r_calf
Model bone_ribcage
Model bone_r_upperarm
Model bone_r_forearm
Model hp_weapons
Model bone_l_upperarm
Model bone_l_forearm
Model bone_neck
Model bone_head
Model bone_l_thigh
Model bone_l_calf
Root dummyroot
Matrix:
1.000000 0.000000 0.000000 0.000000
0.000000 1.000000 0.000000 0.000000
0.000000 0.000000 1.000000 0.000000
0.000000 0.000000 0.000000 1.000000
Name: cis_inf_sbdroid_low1
Parent: dummyroot
Matrix:
1.000000 0.000000 0.000000 0.000000
0.000000 1.000000 0.000000 0.000000
0.000000 0.000000 1.000000 0.000000
0.000000 0.000000 0.000000 1.000000
Name: bone_pelvis
Parent: cis_inf_sbdroid_low1
Matrix:
1.000000 0.000000 0.000000 0.000000
0.000000 1.000000 0.000000 0.000000
0.000000 0.000000 1.000000 0.000000
0.000000 1.159374 0.000000 1.000000
Name: bone_l_thigh
Parent: bone_pelvis
Matrix:
0.156501 -0.987127 0.032974 0.000000
0.000618 -0.033287 -0.999446 0.000000
0.987678 0.156435 -0.004599 0.000000
0.094280 -0.104937 0.009118 1.000000
Name: bone_l_calf
Parent: bone_l_thigh
Matrix:
0.964992 0.262278 -0.000285 0.000000
-0.262278 0.964992 -0.000575 0.000000
0.000125 0.000630 1.000000 0.000000
0.480000 -0.000177 -0.000018 1.000000
Name: bone_neck
Parent: 
Sibling: bone_l_thigh
Matrix:
0.000000 0.999753 0.022241 0.000000
0.000000 -0.022241 0.999753 0.000000
1.000000 0.000000 -0.000000 0.000000
-0.000000 0.321768 -0.022846 1.000000
Name: bone_head
Parent: bone_neck
Matrix:
0.999753 -0.022241 0.000000 0.000000
0.022241 0.999753 0.000000 0.000000
0.000000 0.000000 1.000000 0.000000
0.444945 -0.068458 -0.000000 1.000000
Name: bone_ribcage
Parent: 
Sibling: bone_neck
Matrix:
0.000000 0.999753 0.022241 0.000000
0.000000 -0.022241 0.999753 0.000000
1.000000 0.000000 -0.000000 0.000000
-0.000000 0.321768 -0.022846 1.000000
Name: bone_l_upperarm
Parent: bone_ribcage
Matrix:
-0.052089 -0.226970 0.972508 0.000000
-0.016003 -0.973515 -0.228062 0.000000
0.998514 -0.027442 0.047077 0.000000
0.233574 -0.021303 0.261967 1.000000
Name: bone_l_forearm
Parent: bone_l_upperarm
Matrix:
0.874465 -0.484917 0.012892 0.000000
0.484958 0.874537 -0.000117 0.000000
-0.011218 0.006354 0.999917 0.000000
0.390000 -0.000005 0.000058 1.000000
Name: bone_r_upperarm
Parent: 
Sibling: bone_l_upperarm
Matrix:
-0.052090 -0.226970 -0.972508 0.000000
-0.016003 -0.973515 0.228062 0.000000
-0.998514 0.027442 0.047078 0.000000
0.233574 -0.021303 -0.259572 1.000000
Name: bone_r_forearm
Parent: bone_r_upperarm
Matrix:
0.874465 -0.484917 -0.012893 0.000000
0.484959 0.874537 0.000117 0.000000
0.011219 -0.006355 0.999917 0.000000
0.390000 -0.000005 -0.000059 1.000000
Name: hp_weapons
Parent: bone_r_forearm
Matrix:
0.120693 -0.203127 0.971685 0.000000
-0.056564 -0.978658 -0.197559 0.000000
0.991077 -0.031118 -0.129607 0.000000
0.546552 -0.066164 0.007874 1.000000
Name: bone_r_thigh
Parent: 
Sibling: bone_ribcage
Matrix:
-0.156513 -0.987199 0.030675 0.000000
-0.000258 -0.031017 -0.999519 0.000000
0.987676 -0.156445 0.004600 0.000000
-0.094280 -0.104937 0.009118 1.000000
Name: bone_r_calf
Parent: bone_r_thigh
Matrix:
0.966386 0.257094 0.000310 0.000000
-0.257094 0.966386 0.000573 0.000000
-0.000153 -0.000634 1.000000 0.000000
0.480000 0.000065 0.000050 1.000000
Mesh: cis_walk_droideka
Model DummyRoot
Model cis_inf_droideka
Model center_box
Model bone_l_legjoint
Model bone_l_leg1
Model bone_l_leg2
Model p_-o-footL
Model p_-o-legL
Model bone_r_legjoint
Model bone_r_leg1
Model bone_r_leg2
Model p_-o-footR
Model bone_b_leg1
Model bone_b_leg2
Model p_-o-footB
Model p_-o-legBack
Model bone_l_flap
Model bone_spine1
Model bone_spine2
Model bone_spine3
Model bone_chest
Model bone_r_shoulder1
Model bone_r_shoulder2
Model bone_r_arm1
Model bone_r_shock1
Model bone_r_arm2
Model bone_r_gun
Model bone_r_shock2
Model p_-o-gunR
Model hp_gun_2
Model p_-o-armR
Model p_-o-shoulderR
Model bone_l_shoulder1
Model bone_l_shoulder2
Model bone_l_arm1
Model bone_l_arm2
Model bone_l_gun
Model bone_l_shock2
Model p_-o-gunL
Model hp_gun_1
Model bone_l_shock1
Model p_-o-armL
Model p_-o-shoulderL
Model bone_head
Model p_-o-head
Model bone_r_flap
Model p_-o-main
Model sv_droideka
Model p_-s-yoda
Model p_rollsphere
Model p_-vbt-building
Root DummyRoot
Matrix:
1.000000 0.000000 0.000000 0.000000
0.000000 1.000000 0.000000 0.000000
0.000000 0.000000 1.000000 0.000000
0.000000 0.000000 0.000000 1.000000
Name: p_-vbt-building
Parent: DummyRoot
Matrix:
1.000000 0.000000 0.000000 0.000000
0.000000 1.000000 0.000000 0.000000
0.000000 0.000000 1.000000 0.000000
0.000000 0.992224 0.421125 1.000000
Name: p_rollsphere
Parent: 
Sibling: p_-vbt-building
Matrix:
1.000000 0.000000 0.000000 0.000000
0.000000 1.000000 0.000000 0.000000
0.000000 0.000000 1.000000 0.000000
0.000000 0.650000 0.000000 1.000000
Name: p_-s-yoda
Parent: 
Sibling: p_rollsphere
Matrix:
1.000000 0.000000 0.000000 0.000000
0.000000 1.000000 0.000000 0.000000
0.000000 0.000000 1.000000 0.000000
0.000000 1.000000 0.000000 1.000000
Name: sv_droideka
Parent: 
Sibling: p_-s-yoda
Matrix:
1.000000 0.000000 0.000000 0.000000
0.000000 1.000000 0.000000 0.000000
0.000000 0.000000 1.000000 0.000000
0.000000 0.000000 0.000000 1.000000
Name: cis_inf_droideka
Parent: 
Sibling: sv_droideka
Matrix:
1.000000 0.000000 0.000000 0.000000
0.000000 1.000000 0.000000 0.000000
0.000000 0.000000 1.000000 0.000000
0.000000 0.000000 0.000000 1.000000
Name: center_box
Parent: cis_inf_droideka
Matrix:
1.000000 0.000000 0.000000 0.000000
0.000000 1.000000 0.000000 0.000000
0.000000 0.000000 1.000000 0.000000
0.000000 0.775424 0.026157 1.000000
Name: p_-o-main
Parent: center_box
Matrix:
1.000000 0.000000 0.000000 0.000000
0.000000 1.000000 0.000000 0.000000
0.000000 0.000000 1.000000 0.000000
0.000000 0.043567 0.041571 1.000000
Name: bone_r_flap
Parent: 
Sibling: p_-o-main
Matrix:
0.707107 0.000000 0.707107 0.000000
0.000000 1.000000 0.000000 0.000000
-0.707107 0.000000 0.707107 0.000000
-0.128049 0.106585 -0.103689 1.000000
Name: bone_spine1
Parent: 
Sibling: bone_r_flap
Matrix:
-0.000000 0.967754 -0.251898 0.000000
0.000000 0.251898 0.967754 0.000000
1.000000 -0.000000 -0.000000 0.000000
0.000000 0.000000 0.000000 1.000000
Name: bone_spine2
Parent: bone_spine1
Matrix:
0.933819 0.357747 0.000000 0.000000
-0.357747 0.933819 0.000000 0.000000
0.000000 0.000000 1.000000 0.000000
0.310270 -0.000030 0.000000 1.000000
Name: bone_spine3
Parent: bone_spine2
Matrix:
0.918811 0.394697 0.000000 0.000000
-0.394697 0.918811 0.000000 0.000000
0.000000 0.000000 1.000000 0.000000
0.200463 0.000018 0.000000 1.000000
Name: p_-o-head
Parent: bone_spine3
Matrix:
-0.869330 0.494232 0.000000 0.000000
0.000000 0.000000 1.000000 0.000000
0.494232 0.869330 0.000000 0.000000
0.361931 0.285429 -0.000000 1.000000
Name: bone_chest
Parent: 
Sibling: p_-o-head
Matrix:
0.000000 0.000000 1.000000 0.000000
0.869330 -0.494232 0.000000 0.000000
0.494232 0.869330 0.000000 0.000000
0.371766 0.148759 0.000000 1.000000
Name: bone_head
Parent: bone_chest
Matrix:
0.000000 0.752682 -0.658384 0.000000
0.000000 0.658384 0.752682 0.000000
1.000000 0.000000 0.000000 0.000000
-0.002904 0.098962 0.173640 1.000000
Name: bone_l_shoulder1
Parent: 
Sibling: bone_head
Matrix:
0.996247 -0.086561 0.000000 0.000000
0.086561 0.996247 0.000000 0.000000
0.000000 0.000000 1.000000 0.000000
0.059497 -0.003850 0.268324 1.000000
Name: p_-o-shoulderL
Parent: bone_l_shoulder1
Matrix:
0.996247 0.086561 0.000000 0.000000
-0.086561 0.996247 0.000000 0.000000
0.000000 0.000000 1.000000 0.000000
0.259224 0.030682 0.001256 1.000000
Name: bone_l_shoulder2
Parent: 
Sibling: p_-o-shoulderL
Matrix:
0.145212 -0.989401 0.000000 0.000000
0.989401 0.145212 0.000000 0.000000
0.000000 0.000000 1.000000 0.000000
0.436478 0.000165 0.000000 1.000000
Name: bone_l_arm1
Parent: bone_l_shoulder2
Matrix:
0.998257 -0.059024 0.000000 0.000000
0.000000 -0.000000 -1.000000 0.000000
0.059024 0.998257 -0.000000 0.000000
0.099375 -0.000016 0.000000 1.000000
Name: p_-o-armL
Parent: bone_l_arm1
Matrix:
0.000000 0.000000 1.000000 0.000000
0.000000 -1.000000 0.000000 0.000000
1.000000 0.000000 -0.000000 0.000000
0.239945 -0.089563 0.000239 1.000000
Name: bone_l_shock1
Parent: 
Sibling: p_-o-armL
Matrix:
0.931047 -0.364899 0.000000 0.000000
0.364899 0.931047 0.000000 0.000000
0.000000 0.000000 1.000000 0.000000
0.099200 -0.051112 0.000031 1.000000
Name: bone_l_arm2
Parent: 
Sibling: bone_l_shock1
Matrix:
0.721597 -0.692313 0.000000 0.000000
0.692313 0.721597 0.000000 0.000000
0.000000 0.000000 1.000000 0.000000
0.405063 -0.000155 0.000000 1.000000
Name: bone_l_gun
Parent: bone_l_arm2
Matrix:
0.689541 -0.724247 -0.000021 0.000000
0.724247 0.689541 -0.000000 0.000000
0.000014 -0.000015 1.000000 0.000000
0.240824 0.002475 0.000000 1.000000
Name: hp_gun_1
Parent: bone_l_gun
Matrix:
-0.000000 0.000000 1.000000 0.000000
0.003835 -0.999993 0.000000 0.000000
0.999993 0.003835 0.000000 0.000000
0.745217 -0.000269 -0.000001 1.000000
Name: p_-o-gunL
Parent: 
Sibling: hp_gun_1
Matrix:
-0.000000 0.000000 1.000000 0.000000
0.003835 -0.999993 0.000000 0.000000
0.999993 0.003835 0.000000 0.000000
0.341647 -0.010131 0.000246 1.000000
Name: bone_l_shock2
Parent: 
Sibling: p_-o-gunL
Matrix:
-0.361326 -0.932439 -0.000007 0.000000
0.932439 -0.361326 0.000019 0.000000
-0.000021 -0.000000 1.000000 0.000000
0.046412 -0.072818 0.000030 1.000000
Name: bone_r_shoulder1
Parent: 
Sibling: bone_l_shoulder1
Matrix:
-0.996313 -0.085797 0.000000 0.000000
-0.085797 0.996313 0.000000 0.000000
0.000000 0.000000 -1.000000 0.000000
-0.065305 -0.003850 0.268324 1.000000
Name: p_-o-shoulderR
Parent: bone_r_shoulder1
Matrix:
-0.996313 -0.085797 0.000000 0.000000
-0.085797 0.996313 0.000000 0.000000
0.000000 0.000000 -1.000000 0.000000
0.253429 0.030079 -0.001256 1.000000
Name: bone_r_shoulder2
Parent: 
Sibling: p_-o-shoulderR
Matrix:
0.085797 -0.996313 0.000000 0.000000
0.996313 0.085797 0.000000 0.000000
0.000000 0.000000 1.000000 0.000000
0.436478 0.000003 0.000000 1.000000
Name: bone_r_arm1
Parent: bone_r_shoulder2
Matrix:
1.000000 0.000000 0.000000 0.000000
0.000000 0.000000 1.000000 0.000000
0.000000 -1.000000 0.000000 0.000000
0.099375 0.000000 0.000000 1.000000
Name: p_-o-armR
Parent: bone_r_arm1
Matrix:
0.000000 0.000000 1.000000 0.000000
0.000767 -1.000000 0.000000 0.000000
1.000000 0.000767 0.000000 0.000000
0.239734 -0.089187 -0.000226 1.000000
Name: bone_r_arm2
Parent: 
Sibling: p_-o-armR
Matrix:
0.721597 -0.692313 0.000000 0.000000
0.692313 0.721597 0.000000 0.000000
0.000000 0.000000 1.000000 0.000000
0.405063 -0.000155 -0.000002 1.000000
Name: bone_r_gun
Parent: bone_r_arm2
Matrix:
0.690096 -0.723718 0.000000 0.000000
0.723718 0.690096 0.000000 0.000000
0.000000 0.000000 1.000000 0.000000
0.240824 0.002475 0.000002 1.000000
Name: hp_gun_2
Parent: bone_r_gun
Matrix:
0.000000 0.000000 1.000000 0.000000
0.003068 -0.999995 0.000000 0.000000
0.999995 0.003068 -0.000000 0.000000
0.744891 -0.000211 0.000000 1.000000
Name: p_-o-gunR
Parent: 
Sibling: hp_gun_2
Matrix:
0.000000 0.000000 1.000000 0.000000
0.003068 -0.999995 0.000000 0.000000
0.999995 0.003068 -0.000000 0.000000
0.341640 -0.010401 -0.000226 1.000000
Name: bone_r_shock2
Parent: 
Sibling: p_-o-gunR
Matrix:
-0.362040 -0.932162 0.000000 0.000000
0.932162 -0.362040 0.000000 0.000000
0.000000 0.000000 1.000000 0.000000
0.046414 -0.072816 -0.000031 1.000000
Name: bone_r_shock1
Parent: 
Sibling: bone_r_arm2
Matrix:
0.931047 -0.364899 0.000000 0.000000
0.364899 0.931047 0.000000 0.000000
0.000000 0.000000 1.000000 0.000000
0.099200 -0.051112 -0.000030 1.000000
Name: bone_l_flap
Parent: 
Sibling: bone_spine1
Matrix:
0.707107 0.000000 -0.707107 0.000000
0.000000 1.000000 0.000000 0.000000
0.707107 0.000000 0.707107 0.000000
0.128049 0.106585 -0.103689 1.000000
Name: bone_b_leg1
Parent: 
Sibling: bone_l_flap
Matrix:
0.000000 -0.468689 -0.883363 0.000000
0.000000 0.883363 -0.468689 0.000000
1.000000 0.000000 0.000000 0.000000
0.000000 -0.046000 -0.313000 1.000000
Name: p_-o-legBack
Parent: bone_b_leg1
Matrix:
0.000000 0.000000 1.000000 0.000000
-0.075095 0.997176 0.000000 0.000000
-0.997176 -0.075095 0.000000 0.000000
0.263795 0.032470 -0.000000 1.000000
Name: bone_b_leg2
Parent: 
Sibling: p_-o-legBack
Matrix:
0.450982 -0.892533 0.000000 0.000000
0.892533 0.450982 0.000000 0.000000
0.000000 0.000000 1.000000 0.000000
0.545826 0.000062 0.000000 1.000000
Name: p_-o-footB
Parent: bone_b_leg2
Matrix:
0.000000 0.000000 1.000000 0.000000
0.058257 0.998302 0.000000 0.000000
-0.998302 0.058257 0.000000 0.000000
0.196926 -0.003997 -0.000000 1.000000
Name: bone_r_legjoint
Parent: 
Sibling: bone_b_leg1
Matrix:
1.000000 0.000000 0.000000 0.000000
0.000000 1.000000 0.000000 0.000000
0.000000 0.000000 1.000000 0.000000
-0.000000 -0.064724 -0.026157 1.000000
Name: bone_r_leg1
Parent: bone_r_legjoint
Matrix:
-0.714492 -0.469522 0.518701 0.000000
-0.379643 0.882921 0.276265 0.000000
-0.587684 0.000468 -0.809090 0.000000
-0.332800 -0.003915 0.265900 1.000000
Name: bone_r_leg2
Parent: bone_r_leg1
Matrix:
0.469522 -0.882921 -0.000468 0.000000
0.882921 0.469522 0.000029 0.000000
0.000194 -0.000427 1.000000 0.000000
0.549105 0.000039 -0.000181 1.000000
Name: p_-o-footR
Parent: bone_r_leg2
Matrix:
0.000000 0.000000 1.000000 0.000000
0.195090 0.980785 0.000000 0.000000
-0.980785 0.195090 0.000000 0.000000
0.139591 -0.002962 0.000101 1.000000
Name: bone_l_legjoint
Parent: 
Sibling: bone_r_legjoint
Matrix:
1.000000 0.000000 0.000000 0.000000
0.000000 1.000000 0.000000 0.000000
0.000000 0.000000 1.000000 0.000000
0.000000 -0.064731 -0.026157 1.000000
Name: bone_l_leg1
Parent: bone_l_legjoint
Matrix:
0.714159 -0.469304 0.519356 0.000000
0.379466 0.883037 0.276137 0.000000
-0.588202 -0.000128 0.808714 0.000000
0.332835 -0.003908 0.265881 1.000000
Name: p_-o-legL
Parent: bone_l_leg1
Matrix:
0.000000 0.000000 1.000000 0.000000
-0.076623 0.997060 -0.000000 0.000000
-0.997060 -0.076623 0.000000 0.000000
0.227906 0.058528 -0.000088 1.000000
Name: bone_l_leg2
Parent: 
Sibling: p_-o-legL
Matrix:
0.469304 -0.883037 0.000128 0.000000
0.883037 0.469303 -0.000669 0.000000
0.000531 0.000427 1.000000 0.000000
0.549104 -0.000097 -0.000171 1.000000
Name: p_-o-footL
Parent: bone_l_leg2
Matrix:
-0.000000 0.000000 1.000000 0.000000
0.136860 0.990590 0.000000 0.000000
-0.990590 0.136860 -0.000000 0.000000
0.201199 -0.007853 0.010124 1.000000
WARNING[msh\cis_walk_droideka.msh]:SplitSkinnedSegments: WARNING: out of space in splitting catalog!
WARNING[msh\cis_walk_droideka.msh]:SplitSkinnedSegments: WARNING: resorting to brute force, this may take a while...
Mesh: cis_walk_droideka_low1
Model dummyroot
Model CIS_Inf_Droideka
Model bone_root
Model bone_l_leg1
Model bone_l_leg2
Model bone_r_leg1
Model bone_r_leg2
Model bone_b_leg1
Model bone_b_leg2
Model bone_spine3
Model bone_chest
Model bone_r_shoulder2
Model bone_r_gun
Model bone_l_shoulder2
Model bone_l_gun
Model bone_head
Root dummyroot
Matrix:
1.000000 0.000000 0.000000 0.000000
0.000000 1.000000 0.000000 0.000000
0.000000 0.000000 1.000000 0.000000
0.000000 0.000000 0.000000 1.000000
Name: CIS_Inf_Droideka
Parent: dummyroot
Matrix:
1.000000 0.000000 0.000000 0.000000
0.000000 1.000000 0.000000 0.000000
0.000000 0.000000 1.000000 0.000000
0.000000 0.000000 0.000000 1.000000
Name: bone_root
Parent: CIS_Inf_Droideka
Matrix:
1.000000 0.000000 0.000000 0.000000
0.000000 1.000000 0.000000 0.000000
0.000000 0.000000 1.000000 0.000000
0.000000 0.775424 0.026157 1.000000
Name: bone_spine3
Parent: bone_root
Matrix:
0.000000 0.869330 0.494232 0.000000
0.000000 -0.494232 0.869330 0.000000
1.000000 0.000000 0.000000 0.000000
0.000000 0.499480 -0.055919 1.000000
Name: bone_chest
Parent: bone_spine3
Matrix:
0.000000 0.000000 1.000000 0.000000
0.869330 -0.494232 0.000000 0.000000
0.494232 0.869330 0.000000 0.000000
0.371766 0.148759 0.000000 1.000000
Name: bone_head
Parent: bone_chest
Matrix:
0.000000 0.752682 -0.658384 0.000000
0.000000 0.658384 0.752682 0.000000
1.000000 0.000000 0.000000 0.000000
-0.002904 0.098962 0.173640 1.000000
Name: bone_l_shoulder2
Parent: 
Sibling: bone_head
Matrix:
0.059024 -0.998257 0.000000 0.000000
0.998257 0.059024 0.000000 0.000000
0.000000 0.000000 1.000000 0.000000
0.494350 -0.041468 0.268324 1.000000
Name: bone_l_gun
Parent: bone_l_shoulder2
Matrix:
0.720339 -0.042592 0.692313 0.000000
0.691106 -0.040863 -0.721597 0.000000
0.059024 0.998257 -0.000000 0.000000
0.588661 -0.028488 0.000000 1.000000
Name: bone_r_shoulder2
Parent: 
Sibling: bone_l_shoulder2
Matrix:
0.000000 -1.000000 0.000000 0.000000
-1.000000 0.000000 0.000000 0.000000
0.000000 0.000000 -1.000000 0.000000
-0.500174 -0.041295 0.268324 1.000000
Name: bone_r_gun
Parent: bone_r_shoulder2
Matrix:
0.721597 0.000000 -0.692313 0.000000
0.692313 -0.000000 0.721597 0.000000
0.000000 -1.000000 -0.000000 0.000000
0.580617 -0.001455 0.000000 1.000000
Name: bone_b_leg1
Parent: 
Sibling: bone_spine3
Matrix:
0.000000 -0.468689 -0.883363 0.000000
0.000000 0.883363 -0.468689 0.000000
1.000000 0.000000 0.000000 0.000000
-0.000000 -0.045801 -0.312907 1.000000
Name: bone_b_leg2
Parent: bone_b_leg1
Matrix:
0.450982 -0.892533 0.000000 0.000000
0.892533 0.450982 0.000000 0.000000
0.000000 0.000000 1.000000 0.000000
0.545826 0.000062 0.000000 1.000000
Name: bone_r_leg1
Parent: 
Sibling: bone_b_leg1
Matrix:
-0.714492 -0.469522 0.518701 0.000000
-0.379643 0.882921 0.276265 0.000000
-0.587684 0.000468 -0.809090 0.000000
-0.332800 -0.068639 0.239743 1.000000
Name: bone_r_leg2
Parent: bone_r_leg1
Matrix:
0.469522 -0.882921 -0.000468 0.000000
0.882921 0.469522 0.000029 0.000000
0.000194 -0.000427 1.000000 0.000000
0.549105 0.000039 -0.000181 1.000000
Name: bone_l_leg1
Parent: 
Sibling: bone_r_leg1
Matrix:
0.714159 -0.469304 0.519356 0.000000
0.379466 0.883037 0.276137 0.000000
-0.588202 -0.000128 0.808714 0.000000
0.332835 -0.068639 0.239723 1.000000
Name: bone_l_leg2
Parent: bone_l_leg1
Matrix:
0.469304 -0.883037 0.000128 0.000000
0.883037 0.469303 -0.000669 0.000000
0.000531 0.000427 1.000000 0.000000
0.549104 -0.000097 -0.000171 1.000000
WARNING[msh\cis_walk_droideka_low1.msh]:cis_walk_droideka_low1 has 1188 vertices and NO COLLISION GEOMETRY (WILL BE SLOW)!
Mesh: cis_weap_inf_fusioncutter
Model cis_weap_inf_fusioncutter
Model wire
Model hp_fire
Model torchneck
Model tip
Model tube1
Model tube2
Model dial
Root cis_weap_inf_fusioncutter
Matrix:
1.000000 0.000000 0.000000 0.000000
0.000000 1.000000 0.000000 0.000000
0.000000 0.000000 1.000000 0.000000
0.000000 0.000000 0.000000 1.000000
Name: dial
Parent: cis_weap_inf_fusioncutter
Matrix:
1.000000 0.000000 0.000000 0.000000
0.000000 1.000000 0.000000 0.000000
0.000000 0.000000 1.000000 0.000000
0.000000 0.000000 0.000000 1.000000
Name: tube2
Parent: 
Sibling: dial
Matrix:
1.000000 0.000000 0.000000 0.000000
0.000000 1.000000 0.000000 0.000000
0.000000 0.000000 1.000000 0.000000
0.000000 0.000000 0.000000 1.000000
Name: tube1
Parent: 
Sibling: tube2
Matrix:
1.000000 0.000000 0.000000 0.000000
0.000000 1.000000 0.000000 0.000000
0.000000 0.000000 1.000000 0.000000
0.000000 0.000000 0.000000 1.000000
Name: torchneck
Parent: 
Sibling: tube1
Matrix:
1.000000 0.000000 0.000000 0.000000
0.000000 1.000000 0.000000 0.000000
0.000000 0.000000 1.000000 0.000000
0.000000 0.000000 0.000000 1.000000
Name: tip
Parent: torchneck
Matrix:
1.000000 0.000000 0.000000 0.000000
0.000000 1.000000 0.000000 0.000000
0.000000 0.000000 1.000000 0.000000
0.000000 0.000000 0.000000 1.000000
Name: hp_fire
Parent: 
Sibling: torchneck
Matrix:
1.000000 0.000000 0.000000 0.000000
0.000000 1.000000 0.000000 0.000000
0.000000 0.000000 1.000000 0.000000
0.037416 0.281071 0.292341 1.000000
Name: wire
Parent: 
Sibling: hp_fire
Matrix:
1.000000 0.000000 0.000000 0.000000
0.000000 1.000000 0.000000 0.000000
0.000000 0.000000 1.000000 0.000000
0.000000 0.000000 0.000000 1.000000
Mesh: cis_weap_inf_pistol
Model cis_weap_inf_pistol
Model hp_fire
Model hp_active
Model scope
Model stand2
Model stand1
Root cis_weap_inf_pistol
Matrix:
1.000000 0.000000 0.000000 0.000000
0.000000 1.000000 0.000000 0.000000
0.000000 0.000000 1.000000 0.000000
0.000000 0.000000 0.000000 1.000000
Name: stand1
Parent: cis_weap_inf_pistol
Matrix:
1.000000 0.000000 0.000000 0.000000
0.000000 1.000000 0.000000 0.000000
0.000000 0.000000 1.000000 0.000000
0.000000 0.000000 0.000000 1.000000
Name: stand2
Parent: 
Sibling: stand1
Matrix:
1.000000 0.000000 0.000000 0.000000
0.000000 1.000000 0.000000 0.000000
0.000000 0.000000 1.000000 0.000000
0.000000 0.000000 0.000000 1.000000
Name: scope
Parent: 
Sibling: stand2
Matrix:
1.000000 0.000000 0.000000 0.000000
0.000000 1.000000 0.000000 0.000000
0.000000 0.000000 1.000000 0.000000
0.000000 0.000000 0.000000 1.000000
Name: hp_active
Parent: 
Sibling: scope
Matrix:
1.000000 0.000000 0.000000 0.000000
0.000000 1.000000 0.000000 0.000000
0.000000 0.000000 1.000000 0.000000
-0.000230 -0.004469 -0.005795 1.000000
Name: hp_fire
Parent: 
Sibling: hp_active
Matrix:
1.000000 0.000000 0.000000 0.000000
0.000000 1.000000 0.000000 0.000000
0.000000 0.000000 1.000000 0.000000
0.010311 0.039385 0.260150 1.000000
Mesh: droideka_chunk1
Model droideka_chunk1
Model p_droideka_hips
Root droideka_chunk1
Matrix:
1.000000 0.000000 0.000000 0.000000
0.000000 1.000000 0.000000 0.000000
0.000000 0.000000 1.000000 0.000000
0.000000 0.000000 0.000000 1.000000
Name: p_droideka_hips
Parent: droideka_chunk1
Matrix:
1.000000 0.000000 0.000000 0.000000
0.000000 1.000000 0.000000 0.000000
0.000000 0.000000 1.000000 0.000000
-0.000000 0.635976 0.085658 1.000000
Mesh: droideka_chunk2
Model droideka_chunk2
Model p_droideka_r_leg
Root droideka_chunk2
Matrix:
1.000000 0.000000 0.000000 0.000000
0.000000 1.000000 0.000000 0.000000
0.000000 0.000000 1.000000 0.000000
0.000000 0.000000 0.000000 1.000000
Name: p_droideka_r_leg
Parent: droideka_chunk2
Matrix:
1.000000 0.000000 0.000000 0.000000
0.000000 1.000000 0.000000 0.000000
0.000000 0.000000 1.000000 0.000000
-0.532130 0.414963 0.441812 1.000000
Mesh: droideka_chunk3
Model droideka_chunk3
Model p_droideka_spine
Root droideka_chunk3
Matrix:
1.000000 0.000000 0.000000 0.000000
0.000000 1.000000 0.000000 0.000000
0.000000 0.000000 1.000000 0.000000
0.000000 0.000000 0.000000 1.000000
Name: p_droideka_spine
Parent: droideka_chunk3
Matrix:
1.000000 0.000000 0.000000 0.000000
0.000000 1.000000 0.000000 0.000000
0.000000 0.000000 1.000000 0.000000
-0.000000 1.177232 0.162298 1.000000
Mesh: droideka_chunk4
Model droideka_chunk4
Model p_droideka_head
Root droideka_chunk4
Matrix:
1.000000 0.000000 0.000000 0.000000
0.000000 1.000000 0.000000 0.000000
0.000000 0.000000 1.000000 0.000000
0.000000 0.000000 0.000000 1.000000
Name: p_droideka_head
Parent: droideka_chunk4
Matrix:
1.000000 0.000000 0.000000 0.000000
0.000000 1.000000 0.000000 0.000000
0.000000 0.000000 1.000000 0.000000
-0.000000 1.763593 0.202873 1.000000
Mesh: droideka_chunk5
Model droideka_chunk5
Model p_droideka_l_arm
Root droideka_chunk5
Matrix:
1.000000 0.000000 0.000000 0.000000
0.000000 1.000000 0.000000 0.000000
0.000000 0.000000 1.000000 0.000000
0.000000 0.000000 0.000000 1.000000
Name: p_droideka_l_arm
Parent: droideka_chunk5
Matrix:
1.000000 0.000000 0.000000 0.000000
0.000000 1.000000 0.000000 0.000000
0.000000 0.000000 1.000000 0.000000
0.244492 1.249399 0.809782 1.000000
Mesh: hud_cis_trishot
Model hud_cis_trishot1
Model Outline1
Model Interiorfield1
Root hud_cis_trishot1
Matrix:
1.000000 0.000000 0.000000 0.000000
0.000000 1.000000 0.000000 0.000000
0.000000 0.000000 1.000000 0.000000
0.000000 0.000000 0.000000 1.000000
Name: Interiorfield1
Parent: hud_cis_trishot1
Matrix:
1.000000 0.000000 0.000000 0.000000
0.000000 1.000000 0.000000 0.000000
0.000000 0.000000 1.000000 0.000000
0.000000 0.000000 0.000000 1.000000
Name: Outline1
Parent: 
Sibling: Interiorfield1
Matrix:
1.000000 0.000000 0.000000 0.000000
0.000000 1.000000 0.000000 0.000000
0.000000 0.000000 1.000000 0.000000
0.000000 0.000000 0.000000 1.000000
Mesh: hud_cis_wristblaster
Model hud_cis_wristblaster
Model Interiorfield
Model midline
Model Outline
Root hud_cis_wristblaster
Matrix:
1.000000 0.000000 0.000000 0.000000
0.000000 1.000000 0.000000 0.000000
0.000000 0.000000 1.000000 0.000000
0.000000 0.000000 0.000000 1.000000
Name: Outline
Parent: hud_cis_wristblaster
Matrix:
1.000000 0.000000 0.000000 0.000000
0.000000 1.000000 0.000000 0.000000
0.000000 0.000000 1.000000 0.000000
0.000000 0.000000 0.000000 1.000000
Name: midline
Parent: 
Sibling: Outline
Matrix:
1.000000 0.000000 0.000000 0.000000
0.000000 1.000000 0.000000 0.000000
0.000000 0.000000 1.000000 0.000000
0.000000 0.000000 0.000000 1.000000
Name: Interiorfield
Parent: 
Sibling: midline
Matrix:
1.000000 0.000000 0.000000 0.000000
0.000000 1.000000 0.000000 0.000000
0.000000 0.000000 1.000000 0.000000
0.000000 0.000000 0.000000 1.000000
Mesh: hud_cis_wristrocket
Model cube
Root cube
Matrix:
1.000000 0.000000 0.000000 0.000000
0.000000 1.000000 0.000000 0.000000
0.000000 0.000000 1.000000 0.000000
0.000000 0.000000 0.000000 1.000000
Mesh: hud_droideka_shield
Model hud_droideka_shield1
Root hud_droideka_shield1
Matrix:
1.000000 0.000000 0.000000 0.000000
0.000000 1.000000 0.000000 0.000000
0.000000 0.000000 1.000000 0.000000
0.000000 0.000000 0.000000 1.000000
Mesh: sbdroid_chunk1
Model sbdroid_chunk1
Model p_sbdroid_torso
Root sbdroid_chunk1
Matrix:
1.000000 0.000000 0.000000 0.000000
0.000000 1.000000 0.000000 0.000000
0.000000 0.000000 1.000000 0.000000
0.000000 0.000000 0.000000 1.000000
Name: p_sbdroid_torso
Parent: sbdroid_chunk1
Matrix:
-0.000000 0.000000 1.000000 0.000000
0.996180 0.087327 0.000000 0.000000
-0.087327 0.996180 -0.000000 0.000000
0.360902 0.031376 -0.004236 1.000000
Mesh: sbdroid_chunk2
Model sbdroid_chunk2
Model p_sbdroid_r_upperarm
Root sbdroid_chunk2
Matrix:
1.000000 0.000000 0.000000 0.000000
0.000000 1.000000 0.000000 0.000000
0.000000 0.000000 1.000000 0.000000
0.000000 0.000000 0.000000 1.000000
Name: p_sbdroid_r_upperarm
Parent: sbdroid_chunk2
Matrix:
-0.972579 0.227822 0.046769 0.000000
-0.046760 0.005439 -0.998891 0.000000
-0.227824 -0.973687 0.005363 0.000000
0.360819 -0.085511 -0.035875 1.000000
Mesh: sbdroid_chunk3
Model sbdroid_chunk3
Model p_sbdroid_l_forearm
Root sbdroid_chunk3
Matrix:
1.000000 0.000000 0.000000 0.000000
0.000000 1.000000 0.000000 0.000000
0.000000 0.000000 1.000000 0.000000
0.000000 0.000000 0.000000 1.000000
Name: p_sbdroid_l_forearm
Parent: sbdroid_chunk3
Matrix:
0.960650 0.273797 0.046769 0.000000
-0.043505 -0.017983 0.998891 0.000000
0.274335 -0.961619 -0.005363 0.000000
0.185570 -0.040466 0.005971 1.000000
Mesh: sbdroid_chunk4
Model sbdroid_chunk4
Model p_sbdroid_r_thigh
Root sbdroid_chunk4
Matrix:
1.000000 0.000000 0.000000 0.000000
0.000000 1.000000 0.000000 0.000000
0.000000 0.000000 1.000000 0.000000
0.000000 0.000000 0.000000 1.000000
Name: p_sbdroid_r_thigh
Parent: sbdroid_chunk4
Matrix:
-0.156586 0.000120 0.987664 0.000000
-0.987200 -0.030684 -0.156509 0.000000
0.030287 -0.999529 0.004923 0.000000
0.497668 -0.001351 -0.057783 1.000000
Mesh: sbdroid_chunk5
Model sbdroid_chunk5
Model p_sbdroid_l_calf
Root sbdroid_chunk5
Matrix:
1.000000 0.000000 0.000000 0.000000
0.000000 1.000000 0.000000 0.000000
0.000000 0.000000 1.000000 0.000000
0.000000 0.000000 0.000000 1.000000
Name: p_sbdroid_l_calf
Parent: sbdroid_chunk5
Matrix:
0.151168 -0.040837 0.987664 0.000000
-0.961214 0.227096 0.156509 0.000000
-0.230686 -0.973016 -0.004923 0.000000
0.303901 -0.054937 0.023823 1.000000
   0 Errors   11 Warnings

