Logging pc_ModelMunge
13:23:4107/12/24
Mesh: gun_weap_inf_fusioncutter
Model gun_1st_weap_inf_fusioncutter
Model wire
Model hp_fire
Model torchneck
Model tip
Model tube1
Model tube2
Model dial
Root gun_1st_weap_inf_fusioncutter
Matrix:
1.000000 0.000000 0.000000 0.000000
0.000000 1.000000 0.000000 0.000000
0.000000 0.000000 1.000000 0.000000
0.000000 0.000000 0.000000 1.000000
Name: dial
Parent: gun_1st_weap_inf_fusioncutter
Matrix:
1.000000 0.000000 0.000000 0.000000
0.000000 1.000000 0.000000 0.000000
0.000000 0.000000 1.000000 0.000000
0.000000 0.000000 0.000000 1.000000
Name: tube2
Parent: 
Sibling: dial
Matrix:
1.000000 0.000000 0.000000 0.000000
0.000000 1.000000 0.000000 0.000000
0.000000 0.000000 1.000000 0.000000
0.000000 0.000000 0.000000 1.000000
Name: tube1
Parent: 
Sibling: tube2
Matrix:
1.000000 0.000000 0.000000 0.000000
0.000000 1.000000 0.000000 0.000000
0.000000 0.000000 1.000000 0.000000
0.000000 0.000000 0.000000 1.000000
Name: torchneck
Parent: 
Sibling: tube1
Matrix:
1.000000 0.000000 0.000000 0.000000
0.000000 1.000000 0.000000 0.000000
0.000000 0.000000 1.000000 0.000000
0.000000 0.000000 0.000000 1.000000
Name: tip
Parent: torchneck
Matrix:
1.000000 0.000000 0.000000 0.000000
0.000000 1.000000 0.000000 0.000000
0.000000 0.000000 1.000000 0.000000
0.000000 0.000000 0.000000 1.000000
Name: hp_fire
Parent: 
Sibling: torchneck
Matrix:
1.000000 0.000000 0.000000 0.000000
0.000000 1.000000 0.000000 0.000000
0.000000 0.000000 1.000000 0.000000
0.015567 0.303537 0.318274 1.000000
Name: wire
Parent: 
Sibling: hp_fire
Matrix:
1.000000 0.000000 0.000000 0.000000
0.000000 1.000000 0.000000 0.000000
0.000000 0.000000 1.000000 0.000000
0.000000 0.000000 0.000000 1.000000
Mesh: gun_weap_inf_grenadethermal
Model nab_weap_boomer
Root nab_weap_boomer
Matrix:
1.000000 0.000000 0.000000 0.000000
0.000000 1.000000 0.000000 0.000000
0.000000 0.000000 1.000000 0.000000
0.000000 0.000000 0.000000 1.000000
Mesh: gun_weap_inf_grenadethermal_ord
Model nab_weap_boomer1
Root nab_weap_boomer1
Matrix:
1.000000 0.000000 0.000000 0.000000
0.000000 1.000000 0.000000 0.000000
0.000000 0.000000 1.000000 0.000000
0.000000 0.000000 0.000000 1.000000
Mesh: nab_inf_gungan
Model DummyRoot
Model override_texture
Model bone_root
Model root_a_spine
Model bone_a_spine
Model bone_b_spine
Model bone_ribcage
Model eff_ribcage
Model root_l_clavicle
Model bone_l_clavicle
Model eff_l_clavicle
Model root_l_upperarm
Model bone_l_upperarm
Model bone_l_forearm
Model eff_l_forearm
Model root_l_hand
Model bone_l_hand
Model eff_l_hand
Model root_r_clavicle
Model bone_r_clavicle
Model eff_r_clavicle
Model root_r_upperarm
Model bone_r_upperarm
Model bone_r_forearm
Model eff_r_forearm
Model root_r_hand
Model bone_r_hand
Model eff_r_hand
Model hp_weapons
Model root_neck
Model bone_neck
Model bone_head
Model eff_head
Model bone_string_4
Model bone_string_5
Model bone_string_6
Model bone_string_1
Model bone_string_2
Model bone_string_3
Model bone_pelvis
Model root_r_thigh
Model bone_r_thigh
Model bone_r_calf
Model eff_r_calf
Model root_r_foot
Model bone_r_foot
Model bone_r_toe
Model eff_r_toe
Model root_l_thigh
Model bone_l_thigh
Model bone_l_calf
Model eff_l_calf
Model root_l_foot
Model bone_l_foot
Model bone_l_toe
Model eff_l_toe
Model sv_gungan
Root DummyRoot
Matrix:
1.000000 0.000000 0.000000 0.000000
0.000000 1.000000 0.000000 0.000000
0.000000 0.000000 1.000000 0.000000
0.000000 0.000000 0.000000 1.000000
Name: sv_gungan
Parent: DummyRoot
Matrix:
1.000000 0.000000 0.000000 0.000000
0.000000 1.000000 0.000000 0.000000
0.000000 0.000000 1.000000 0.000000
0.000000 0.000000 0.000000 1.000000
Name: override_texture
Parent: 
Sibling: sv_gungan
Matrix:
1.000000 0.000000 0.000000 0.000000
0.000000 1.000000 0.000000 0.000000
0.000000 0.000000 1.000000 0.000000
0.000000 0.000000 0.000000 1.000000
Name: bone_root
Parent: override_texture
Matrix:
1.000000 0.000000 0.000000 0.000000
0.000000 1.000000 0.000000 0.000000
0.000000 0.000000 1.000000 0.000000
0.000000 1.273770 0.000000 1.000000
Name: bone_pelvis
Parent: bone_root
Matrix:
1.000000 0.000000 0.000000 0.000000
0.000000 1.000000 0.000000 0.000000
0.000000 0.000000 1.000000 0.000000
0.000000 0.000000 0.000000 1.000000
Name: root_l_thigh
Parent: bone_pelvis
Matrix:
0.000000 0.000000 -1.000000 0.000000
0.000000 1.000000 0.000000 0.000000
1.000000 0.000000 0.000000 0.000000
0.094280 -0.104937 0.009118 1.000000
Name: bone_l_thigh
Parent: root_l_thigh
Matrix:
-0.032974 -0.987127 0.156501 0.000000
0.999446 -0.033287 0.000618 0.000000
0.004599 0.156434 0.987678 0.000000
0.000000 0.000000 0.000000 1.000000
Name: bone_l_calf
Parent: bone_l_thigh
Matrix:
0.964992 0.262278 -0.000285 0.000000
-0.262278 0.964992 -0.000575 0.000000
0.000125 0.000630 1.000000 0.000000
0.400000 -0.000148 -0.000013 1.000000
Name: eff_l_calf
Parent: bone_l_calf
Matrix:
1.000000 0.000000 0.000000 0.000000
0.000000 1.000000 0.000000 0.000000
0.000000 0.000000 1.000000 0.000000
0.670000 0.000078 0.000104 1.000000
Name: root_l_foot
Parent: eff_l_calf
Matrix:
0.151230 -0.040605 0.987664 0.000000
-0.961561 0.225621 0.156509 0.000000
-0.229193 -0.973369 -0.004923 0.000000
0.000000 0.000000 0.000000 1.000000
Name: bone_l_foot
Parent: root_l_foot
Matrix:
0.089820 -0.573218 0.814465 0.000000
-0.062825 -0.819403 -0.569764 0.000000
0.993975 0.000007 -0.109611 0.000000
0.000000 0.000000 -0.000000 1.000000
Name: bone_l_toe
Parent: bone_l_foot
Matrix:
0.818090 -0.575090 -0.000152 0.000000
0.575090 0.818090 -0.000259 0.000000
0.000273 0.000125 1.000000 0.000000
0.165000 -0.000057 -0.000004 1.000000
Name: eff_l_toe
Parent: bone_l_toe
Matrix:
1.000000 0.000000 0.000000 0.000000
0.000000 1.000000 0.000000 0.000000
0.000000 0.000000 1.000000 0.000000
0.100000 0.000000 0.000030 1.000000
Name: root_r_thigh
Parent: 
Sibling: root_l_thigh
Matrix:
0.000000 0.000000 -1.000000 0.000000
0.000000 1.000000 0.000000 0.000000
1.000000 0.000000 0.000000 0.000000
-0.094280 -0.104937 0.009118 1.000000
Name: bone_r_thigh
Parent: root_r_thigh
Matrix:
-0.030674 -0.987200 -0.156512 0.000000
0.999519 -0.031016 -0.000258 0.000000
-0.004600 -0.156445 0.987676 0.000000
0.000000 0.000000 0.000000 1.000000
Name: bone_r_calf
Parent: bone_r_thigh
Matrix:
0.966386 0.257094 0.000310 0.000000
-0.257094 0.966386 0.000573 0.000000
-0.000153 -0.000634 1.000000 0.000000
0.400000 0.000054 0.000039 1.000000
Name: eff_r_calf
Parent: bone_r_calf
Matrix:
1.000000 0.000000 0.000000 0.000000
0.000000 1.000000 0.000000 0.000000
0.000000 0.000000 1.000000 0.000000
0.670000 0.000163 -0.000079 1.000000
Name: root_r_foot
Parent: eff_r_calf
Matrix:
0.151230 -0.040605 -0.987664 0.000000
-0.961561 0.225622 -0.156509 0.000000
0.229194 0.973368 -0.004923 0.000000
-0.000000 -0.000000 0.000000 1.000000
Name: bone_r_foot
Parent: root_r_foot
Matrix:
0.089820 -0.575714 -0.812703 0.000000
-0.062826 -0.817651 0.572276 0.000000
-0.993975 -0.000343 -0.109611 0.000000
0.000000 0.000000 0.000000 1.000000
Name: bone_r_toe
Parent: bone_r_foot
Matrix:
0.816009 -0.578039 0.000210 0.000000
0.578039 0.816009 0.000458 0.000000
-0.000436 -0.000252 1.000000 0.000000
0.165000 -0.000057 0.000008 1.000000
Name: eff_r_toe
Parent: bone_r_toe
Matrix:
1.000000 0.000000 0.000000 0.000000
0.000000 1.000000 0.000000 0.000000
0.000000 0.000000 1.000000 0.000000
0.100000 -0.000002 -0.000033 1.000000
Name: root_a_spine
Parent: 
Sibling: bone_pelvis
Matrix:
0.000000 0.000000 -1.000000 0.000000
0.000000 1.000000 0.000000 0.000000
1.000000 0.000000 0.000000 0.000000
0.000000 0.000000 0.000000 1.000000
Name: bone_a_spine
Parent: root_a_spine
Matrix:
0.086560 0.996247 0.000000 0.000000
-0.996247 0.086560 0.000000 0.000000
0.000000 0.000000 1.000000 0.000000
0.000000 0.000000 0.000000 1.000000
Name: bone_b_spine
Parent: bone_a_spine
Matrix:
0.999481 0.032208 0.000000 0.000000
-0.032208 0.999481 0.000000 0.000000
0.000000 0.000000 1.000000 0.000000
0.150000 -0.000008 0.000000 1.000000
Name: bone_ribcage
Parent: bone_b_spine
Matrix:
0.997060 0.076624 0.000000 0.000000
-0.076624 0.997060 0.000000 0.000000
0.000000 0.000000 1.000000 0.000000
0.150000 -0.000025 -0.000000 1.000000
Name: eff_ribcage
Parent: bone_ribcage
Matrix:
1.000000 0.000000 0.000000 0.000000
0.000000 1.000000 0.000000 0.000000
0.000000 0.000000 1.000000 0.000000
0.150000 -0.000048 -0.000000 1.000000
Name: root_neck
Parent: eff_ribcage
Matrix:
-0.022241 -0.999753 0.000000 0.000000
0.999753 -0.022241 0.000000 0.000000
0.000000 0.000000 1.000000 0.000000
-0.000000 0.000000 -0.000000 1.000000
Name: bone_neck
Parent: root_neck
Matrix:
-0.233296 0.972406 0.000000 0.000000
-0.972406 -0.233296 0.000000 0.000000
0.000000 0.000000 1.000000 0.000000
0.000000 0.000000 0.000000 1.000000
Name: bone_head
Parent: bone_neck
Matrix:
0.972406 -0.233296 0.000000 0.000000
0.233296 0.972406 0.000000 0.000000
0.000000 0.000000 1.000000 0.000000
0.131129 -0.000047 -0.000000 1.000000
Name: bone_string_1
Parent: bone_head
Matrix:
-0.061969 -0.061321 -0.996193 0.000000
0.738999 -0.673691 -0.004501 0.000000
-0.670850 -0.736464 0.087064 0.000000
0.276111 -0.114528 0.086866 1.000000
Name: bone_string_2
Parent: bone_string_1
Matrix:
1.000000 0.000000 0.000000 0.000000
0.000000 1.000000 0.000000 0.000000
0.000000 0.000000 1.000000 0.000000
0.000001 -0.000062 0.261115 1.000000
Name: bone_string_3
Parent: bone_string_2
Matrix:
1.000000 0.000000 0.000000 0.000000
0.000000 1.000000 0.000000 0.000000
0.000000 0.000000 1.000000 0.000000
0.000000 -0.000048 0.200140 1.000000
Name: bone_string_4
Parent: 
Sibling: bone_string_1
Matrix:
0.061969 -0.061321 -0.996193 0.000000
0.733860 -0.673691 0.087120 0.000000
-0.676469 -0.736464 0.003253 0.000000
0.276111 -0.114528 -0.086866 1.000000
Name: bone_string_5
Parent: bone_string_4
Matrix:
1.000000 0.000000 0.000000 0.000000
0.000000 1.000000 0.000000 0.000000
0.000000 0.000000 1.000000 0.000000
0.023579 -0.001040 0.260047 1.000000
Name: bone_string_6
Parent: bone_string_5
Matrix:
1.000000 0.000000 0.000000 0.000000
0.000000 1.000000 0.000000 0.000000
0.000000 0.000000 1.000000 0.000000
0.018072 -0.000797 0.199321 1.000000
Name: eff_head
Parent: 
Sibling: bone_string_4
Matrix:
1.000000 0.000000 0.000000 0.000000
0.000000 1.000000 0.000000 0.000000
0.000000 0.000000 1.000000 0.000000
0.199974 0.000000 -0.000000 1.000000
Name: root_r_clavicle
Parent: 
Sibling: root_neck
Matrix:
-0.000000 0.000000 -1.000000 0.000000
-0.021475 -0.999769 -0.000000 0.000000
-0.999769 0.021475 -0.000000 0.000000
-0.000000 0.000000 0.000000 1.000000
Name: bone_r_clavicle
Parent: root_r_clavicle
Matrix:
0.953181 0.113271 0.280385 0.000000
-0.118127 0.992998 0.000423 0.000000
-0.278374 -0.033524 0.959888 0.000000
0.000000 0.000000 0.000000 1.000000
Name: eff_r_clavicle
Parent: bone_r_clavicle
Matrix:
1.000000 0.000000 0.000000 0.000000
0.000000 1.000000 0.000000 0.000000
0.000000 0.000000 1.000000 0.000000
0.240102 0.000081 -0.000080 1.000000
Name: root_r_upperarm
Parent: eff_r_clavicle
Matrix:
0.953329 -0.118324 -0.277783 0.000000
0.113586 0.992975 -0.033149 0.000000
0.279754 0.000050 0.960072 0.000000
0.000000 0.000000 0.000000 1.000000
Name: bone_r_upperarm
Parent: root_r_upperarm
Matrix:
0.972508 0.228072 0.047029 0.000000
-0.228062 0.973630 -0.005653 0.000000
-0.047078 -0.005227 0.998878 0.000000
0.000000 0.000000 0.000000 1.000000
Name: bone_r_forearm
Parent: bone_r_upperarm
Matrix:
0.873837 -0.486218 -0.000340 0.000000
0.486218 0.873837 -0.000164 0.000000
0.000377 -0.000022 1.000000 0.000000
0.240162 -0.000003 -0.000036 1.000000
Name: eff_r_forearm
Parent: bone_r_forearm
Matrix:
1.000000 0.000000 0.000000 0.000000
0.000000 1.000000 0.000000 0.000000
0.000000 0.000000 1.000000 0.000000
0.340000 0.000046 0.000078 1.000000
Name: root_r_hand
Parent: eff_r_forearm
Matrix:
0.960650 0.273797 -0.046769 0.000000
-0.274097 0.961702 -0.000000 0.000000
0.044978 0.012819 0.998906 0.000000
-0.000000 -0.000000 0.000000 1.000000
Name: bone_r_hand
Parent: root_r_hand
Matrix:
0.962953 -0.269664 0.001448 0.000000
0.269668 0.962939 -0.005170 0.000000
0.000000 0.005369 0.999986 0.000000
0.000000 0.000000 0.000000 1.000000
Name: hp_weapons
Parent: bone_r_hand
Matrix:
0.090260 -0.220776 0.971139 0.000000
-0.052098 -0.974831 -0.216773 0.000000
0.994555 -0.031029 -0.099491 0.000000
0.166233 -0.066317 0.006925 1.000000
Name: eff_r_hand
Parent: 
Sibling: hp_weapons
Matrix:
1.000000 0.000000 0.000000 0.000000
0.000000 1.000000 0.000000 0.000000
0.000000 0.000000 1.000000 0.000000
0.127133 -0.000011 0.000000 1.000000
Name: root_l_clavicle
Parent: 
Sibling: root_r_clavicle
Matrix:
-0.000000 0.000000 1.000000 0.000000
-0.021475 -0.999769 0.000000 0.000000
0.999769 -0.021475 -0.000000 0.000000
-0.000000 0.000000 -0.000000 1.000000
Name: bone_l_clavicle
Parent: root_l_clavicle
Matrix:
0.953181 0.113271 -0.280385 0.000000
-0.118127 0.992998 -0.000423 0.000000
0.278374 0.033524 0.959888 0.000000
0.000000 0.000000 0.000000 1.000000
Name: eff_l_clavicle
Parent: bone_l_clavicle
Matrix:
1.000000 0.000000 0.000000 0.000000
0.000000 1.000000 0.000000 0.000000
0.000000 0.000000 1.000000 0.000000
0.240102 0.000081 0.000080 1.000000
Name: root_l_upperarm
Parent: eff_l_clavicle
Matrix:
0.953329 -0.118324 0.277783 0.000000
0.113586 0.992975 0.033150 0.000000
-0.279754 -0.000051 0.960072 0.000000
0.000000 0.000000 -0.000000 1.000000
Name: bone_l_upperarm
Parent: root_l_upperarm
Matrix:
0.972508 0.228072 -0.047028 0.000000
-0.228062 0.973630 0.005653 0.000000
0.047077 0.005227 0.998878 0.000000
0.000000 0.000000 0.000000 1.000000
Name: bone_l_forearm
Parent: bone_l_upperarm
Matrix:
0.873837 -0.486218 0.000339 0.000000
0.486218 0.873837 0.000163 0.000000
-0.000376 0.000022 1.000000 0.000000
0.240161 -0.000003 0.000036 1.000000
Name: eff_l_forearm
Parent: bone_l_forearm
Matrix:
1.000000 0.000000 0.000000 0.000000
0.000000 1.000000 0.000000 0.000000
0.000000 0.000000 1.000000 0.000000
0.340000 0.000046 -0.000078 1.000000
Name: root_l_hand
Parent: eff_l_forearm
Matrix:
0.960650 0.273797 0.046769 0.000000
-0.274097 0.961702 0.000000 0.000000
-0.044978 -0.012819 0.998906 0.000000
0.000000 0.000000 0.000000 1.000000
Name: bone_l_hand
Parent: root_l_hand
Matrix:
0.962953 -0.269660 -0.002186 0.000000
0.269669 0.962926 0.007264 0.000000
0.000146 -0.007585 0.999971 0.000000
0.000000 0.000000 -0.000000 1.000000
Name: eff_l_hand
Parent: bone_l_hand
Matrix:
1.000000 0.000000 0.000000 0.000000
0.000000 1.000000 0.000000 0.000000
0.000000 0.000000 1.000000 0.000000
0.127133 -0.000026 0.000024 1.000000
WARNING[msh\nab_inf_gungan.msh]:SplitSkinnedSegments: WARNING: out of space in splitting catalog!
WARNING[msh\nab_inf_gungan.msh]:nab_inf_gungan has 1610 vertices and NO COLLISION GEOMETRY (WILL BE SLOW)!
Mesh: nab_inf_gungan_low1
Model dummyroot
Model override_texture
Model bone_pelvis
Model bone_r_thigh
Model bone_r_calf
Model bone_ribcage
Model bone_r_upperarm
Model bone_r_forearm
Model hp_weapons
Model bone_l_upperarm
Model bone_l_forearm
Model bone_neck
Model bone_head
Model bone_l_thigh
Model bone_l_calf
Root dummyroot
Matrix:
1.000000 0.000000 0.000000 0.000000
0.000000 1.000000 0.000000 0.000000
0.000000 0.000000 1.000000 0.000000
0.000000 0.000000 0.000000 1.000000
Name: override_texture
Parent: dummyroot
Matrix:
1.000000 0.000000 0.000000 0.000000
0.000000 1.000000 0.000000 0.000000
0.000000 0.000000 1.000000 0.000000
0.000000 0.000000 0.000000 1.000000
Name: bone_pelvis
Parent: override_texture
Matrix:
1.000000 0.000000 0.000000 0.000000
0.000000 1.000000 0.000000 0.000000
0.000000 0.000000 1.000000 0.000000
0.000000 1.273770 0.000000 1.000000
Name: bone_l_thigh
Parent: bone_pelvis
Matrix:
0.156501 -0.987127 0.032974 0.000000
0.000618 -0.033287 -0.999446 0.000000
0.987678 0.156435 -0.004599 0.000000
0.094280 -0.104937 0.009118 1.000000
Name: bone_l_calf
Parent: bone_l_thigh
Matrix:
0.964992 0.262278 -0.000285 0.000000
-0.262278 0.964992 -0.000575 0.000000
0.000125 0.000630 1.000000 0.000000
0.400000 -0.000148 -0.000013 1.000000
Name: bone_neck
Parent: 
Sibling: bone_l_thigh
Matrix:
0.000000 0.999753 0.022241 0.000000
0.000000 -0.022241 0.999753 0.000000
1.000000 0.000000 -0.000000 0.000000
-0.000000 0.299213 -0.021181 1.000000
Name: bone_head
Parent: bone_neck
Matrix:
0.999753 -0.022241 0.000000 0.000000
0.022241 0.999753 0.000000 0.000000
0.000000 0.000000 1.000000 0.000000
0.278169 0.027654 -0.000000 1.000000
Name: bone_ribcage
Parent: 
Sibling: bone_neck
Matrix:
0.000000 0.999753 0.022241 0.000000
0.000000 -0.022241 0.999753 0.000000
1.000000 0.000000 -0.000000 0.000000
-0.000000 0.299213 -0.021181 1.000000
Name: bone_l_upperarm
Parent: bone_ribcage
Matrix:
-0.052089 -0.226970 0.972508 0.000000
-0.016003 -0.973515 -0.228062 0.000000
0.998514 -0.027442 0.047077 0.000000
0.082165 -0.025825 0.228874 1.000000
Name: bone_l_forearm
Parent: bone_l_upperarm
Matrix:
0.874465 -0.484917 0.012892 0.000000
0.484958 0.874537 -0.000117 0.000000
-0.011218 0.006354 0.999917 0.000000
0.240161 -0.000003 0.000036 1.000000
Name: bone_r_upperarm
Parent: 
Sibling: bone_l_upperarm
Matrix:
-0.052090 -0.226970 -0.972508 0.000000
-0.016003 -0.973515 0.228062 0.000000
-0.998514 0.027442 0.047078 0.000000
0.082165 -0.025825 -0.228874 1.000000
Name: bone_r_forearm
Parent: bone_r_upperarm
Matrix:
0.874465 -0.484917 -0.012893 0.000000
0.484959 0.874537 0.000117 0.000000
0.011219 -0.006355 0.999917 0.000000
0.240162 -0.000003 -0.000036 1.000000
Name: hp_weapons
Parent: bone_r_forearm
Matrix:
0.120693 -0.203127 0.971685 0.000000
-0.056564 -0.978658 -0.197559 0.000000
0.991077 -0.031118 -0.129607 0.000000
0.506555 -0.066118 0.007357 1.000000
Name: bone_r_thigh
Parent: 
Sibling: bone_ribcage
Matrix:
-0.156513 -0.987199 0.030675 0.000000
-0.000258 -0.031017 -0.999519 0.000000
0.987676 -0.156445 0.004600 0.000000
-0.094280 -0.104937 0.009118 1.000000
Name: bone_r_calf
Parent: bone_r_thigh
Matrix:
0.966386 0.257094 0.000310 0.000000
-0.257094 0.966386 0.000573 0.000000
-0.000153 -0.000634 1.000000 0.000000
0.400000 0.000054 0.000039 1.000000
   0 Errors    2 Warnings

