Logging LevelPack
00:48:0807/11/24

=== all_inf_officer_desert.lvl ===
Missing file com_weap_inf_equip_med.class
    Reqd by munged\pc\all_weap_inf_incinerator.class.req
            munged\pc\all_weap_award_rifle.class.req
Missing file com_weap_inf_ord_hum_sm.class
    Reqd by ..\common\munged\pc\com_weap_inf_pistol_ord.class.req
            ..\common\munged\pc\com_weap_award_pistol_ord.class.req
            ..\common\munged\pc\com_weap_award_rifle_ord.class.req
Missing file com_weap_inf_equip_sm.class
    Reqd by munged\pc\all_weap_inf_pistol.class.req
            munged\pc\all_weap_award_pistol.class.req

=== all_inf_officer_jungle.lvl ===
Missing file com_weap_inf_equip_med.class
    Reqd by munged\pc\all_weap_inf_incinerator.class.req
            munged\pc\all_weap_award_rifle.class.req
Missing file com_weap_inf_ord_hum_sm.class
    Reqd by ..\common\munged\pc\com_weap_inf_pistol_ord.class.req
            ..\common\munged\pc\com_weap_award_pistol_ord.class.req
            ..\common\munged\pc\com_weap_award_rifle_ord.class.req
Missing file com_weap_inf_equip_sm.class
    Reqd by munged\pc\all_weap_inf_pistol.class.req
            munged\pc\all_weap_award_pistol.class.req

=== all_inf_officer_snow.lvl ===
Missing file com_weap_inf_equip_med.class
    Reqd by munged\pc\all_weap_inf_incinerator.class.req
            munged\pc\all_weap_award_rifle.class.req
Missing file com_weap_inf_ord_hum_sm.class
    Reqd by ..\common\munged\pc\com_weap_inf_pistol_ord.class.req
            ..\common\munged\pc\com_weap_award_pistol_ord.class.req
            ..\common\munged\pc\com_weap_award_rifle_ord.class.req
Missing file com_weap_inf_equip_sm.class
    Reqd by munged\pc\all_weap_inf_pistol.class.req
            munged\pc\all_weap_award_pistol.class.req

=== all_inf_officer_urban.lvl ===
Missing file com_weap_inf_equip_med.class
    Reqd by munged\pc\all_weap_inf_incinerator.class.req
            munged\pc\all_weap_award_rifle.class.req
Missing file com_weap_inf_ord_hum_sm.class
    Reqd by ..\common\munged\pc\com_weap_inf_pistol_ord.class.req
            ..\common\munged\pc\com_weap_award_pistol_ord.class.req
            ..\common\munged\pc\com_weap_award_rifle_ord.class.req
Missing file com_weap_inf_equip_sm.class
    Reqd by munged\pc\all_weap_inf_pistol.class.req
            munged\pc\all_weap_award_pistol.class.req
   0 Errors    0 Warnings

