Logging PathPlanningMunge
03:11:2507/25/24
Group 0: 2 arcs
Group 1: 3 arcs
Group 2: 5 arcs
Group 3: 4 arcs
Group 4: 1 arcs
Group 5: 0 arcs
Group 6: 0 arcs
Group 7: 0 arcs
Group 1:
  group1
  test1
Group 2:
  test2
  Connection52
  group2
Group 3:
  Connection11
  Connection82
  Connection89
  Connection104
  group3
Group 4:
  test3
  group4
  Connection136
  group5
Group 5:
  turbine
Group 0: 0 arcs
Group 1: 0 arcs
Group 2: 0 arcs
Group 3: 0 arcs
Group 4: 0 arcs
Group 5: 0 arcs
Group 6: 0 arcs
Group 7: 0 arcs
   0 Errors    0 Warnings

