Logging LevelPack
19:07:4707/08/24

=== imp_inf_rocketeer.lvl ===
Missing file com_weap_inf_ord_hum_rocket.class
    Reqd by ..\common\munged\pc\com_weap_inf_rocket_launcher_ord.class.req
Missing file com_weap_inf_equip_lg.class
    Reqd by munged\pc\imp_weap_inf_rocket_launcher.class.req
            munged\pc\imp_weap_award_rocket_launcher.class.req
Missing file com_weap_inf_ord_hum_sm.class
    Reqd by ..\common\munged\pc\com_weap_inf_pistol_ord.class.req
            ..\common\munged\pc\com_weap_award_pistol_ord.class.req
Missing file com_weap_inf_equip_sm.class
    Reqd by munged\pc\imp_weap_inf_pistol.class.req
            munged\pc\imp_weap_inf_thermaldetonator.class.req
            munged\pc\imp_weap_award_pistol.class.req
Missing file com_weap_inf_equip_med.class
    Reqd by munged\pc\imp_weap_inf_mine_dispenser.class.req
Missing file bazooka.zafbin
    Reqd by munged\pc\imp_weap_award_rocket_launcher.class.req
Missing file bazooka.zaabin
    Reqd by munged\pc\imp_weap_award_rocket_launcher.class.req
Missing file hud_com_probedroid_health_icon.texture
    Reqd by ..\common\munged\pc\com_weap_veh_guided_rocket.class.req
Missing file x-wing_icon.texture
    Reqd by ..\common\munged\pc\com_weap_veh_guided_rocket_ord.class.req
            ..\common\munged\pc\com_weap_award_rocket_launcher_ord.class.req
Missing file hud_all_xwing_icon.texture
    Reqd by ..\common\munged\pc\com_weap_veh_guided_rocket_ord.class.req
            ..\common\munged\pc\com_weap_award_rocket_launcher_ord.class.req
Missing file reticule_rifle.texture
    Reqd by ..\common\munged\pc\com_weap_null.class.req

=== imp_inf_rocketeer_grunt.lvl ===
Missing file com_weap_inf_ord_hum_rocket.class
    Reqd by ..\common\munged\pc\com_weap_inf_rocket_launcher_ord.class.req
Missing file com_weap_inf_equip_lg.class
    Reqd by munged\pc\imp_weap_inf_rocket_launcher.class.req
            munged\pc\imp_weap_award_rocket_launcher.class.req
Missing file com_weap_inf_ord_hum_sm.class
    Reqd by ..\common\munged\pc\com_weap_inf_pistol_ord.class.req
            ..\common\munged\pc\com_weap_award_pistol_ord.class.req
Missing file com_weap_inf_equip_sm.class
    Reqd by munged\pc\imp_weap_inf_pistol.class.req
            munged\pc\imp_weap_inf_thermaldetonator.class.req
            munged\pc\imp_weap_award_pistol.class.req
Missing file com_weap_inf_equip_med.class
    Reqd by munged\pc\imp_weap_inf_mine_dispenser.class.req
Missing file bazooka.zafbin
    Reqd by munged\pc\imp_weap_award_rocket_launcher.class.req
Missing file bazooka.zaabin
    Reqd by munged\pc\imp_weap_award_rocket_launcher.class.req
Missing file hud_com_probedroid_health_icon.texture
    Reqd by ..\common\munged\pc\com_weap_veh_guided_rocket.class.req
Missing file x-wing_icon.texture
    Reqd by ..\common\munged\pc\com_weap_veh_guided_rocket_ord.class.req
            ..\common\munged\pc\com_weap_award_rocket_launcher_ord.class.req
Missing file hud_all_xwing_icon.texture
    Reqd by ..\common\munged\pc\com_weap_veh_guided_rocket_ord.class.req
            ..\common\munged\pc\com_weap_award_rocket_launcher_ord.class.req
Missing file reticule_rifle.texture
    Reqd by ..\common\munged\pc\com_weap_null.class.req

=== imp_inf_rocketeer_snow.lvl ===
Missing file com_weap_inf_ord_hum_rocket.class
    Reqd by ..\common\munged\pc\com_weap_inf_rocket_launcher_ord.class.req
Missing file com_weap_inf_equip_lg.class
    Reqd by munged\pc\imp_weap_inf_rocket_launcher.class.req
            munged\pc\imp_weap_award_rocket_launcher.class.req
Missing file com_weap_inf_ord_hum_sm.class
    Reqd by ..\common\munged\pc\com_weap_inf_pistol_ord.class.req
            ..\common\munged\pc\com_weap_award_pistol_ord.class.req
Missing file com_weap_inf_equip_sm.class
    Reqd by munged\pc\imp_weap_inf_pistol.class.req
            munged\pc\imp_weap_inf_thermaldetonator.class.req
            munged\pc\imp_weap_award_pistol.class.req
Missing file com_weap_inf_equip_med.class
    Reqd by munged\pc\imp_weap_inf_mine_dispenser.class.req
Missing file bazooka.zafbin
    Reqd by munged\pc\imp_weap_award_rocket_launcher.class.req
Missing file bazooka.zaabin
    Reqd by munged\pc\imp_weap_award_rocket_launcher.class.req
Missing file hud_com_probedroid_health_icon.texture
    Reqd by ..\common\munged\pc\com_weap_veh_guided_rocket.class.req
Missing file x-wing_icon.texture
    Reqd by ..\common\munged\pc\com_weap_veh_guided_rocket_ord.class.req
            ..\common\munged\pc\com_weap_award_rocket_launcher_ord.class.req
Missing file hud_all_xwing_icon.texture
    Reqd by ..\common\munged\pc\com_weap_veh_guided_rocket_ord.class.req
            ..\common\munged\pc\com_weap_award_rocket_launcher_ord.class.req
Missing file reticule_rifle.texture
    Reqd by ..\common\munged\pc\com_weap_null.class.req
   0 Errors    0 Warnings

