Logging LevelPack
09:37:4307/14/24

=== bes2c_con.lvl ===
Missing file bes2c_con.script
    Reqd by ..\..\common\mission\bes2c_con.req

=== bes2c_ctf.lvl ===
Missing file bes2c_ctf.script
    Reqd by ..\..\common\mission\bes2c_ctf.req

=== bes2g_con.lvl ===
Missing file bes2g_con.script
    Reqd by ..\..\common\mission\bes2g_con.req

=== bes2g_ctf.lvl ===
Missing file bes2g_ctf.script
    Reqd by ..\..\common\mission\bes2g_ctf.req

=== bes2g_eli.lvl ===
Missing file bes2g_eli.script
    Reqd by ..\..\common\mission\bes2g_eli.req

=== bomc_con.lvl ===
Missing file bomc_con.script
    Reqd by ..\..\common\mission\BOMc_con.req

=== bomg_con.lvl ===
Missing file bomg_con.script
    Reqd by ..\..\common\mission\BOMg_con.req

=== cor1g_eli.lvl ===
Missing file cor1g_eli.script
    Reqd by ..\..\common\mission\cor1g_eli.req

=== dag1c_1flag.lvl ===
Missing file dag1c_1flag.script
    Reqd by ..\..\common\mission\dag1c_1flag.req

=== dag1g_1flag.lvl ===
Missing file dag1g_1flag.script
    Reqd by ..\..\common\mission\dag1g_1flag.req

=== end1g_c.lvl ===
Missing file end1g_c.script
    Reqd by ..\..\common\mission\end1g_c.req

=== end1g_eli.lvl ===
Missing file end1g_eli.script
    Reqd by ..\..\common\mission\end1g_eli.req

=== fel1c_ctf.lvl ===
Missing file fel1c_ctf.script
    Reqd by ..\..\common\mission\fel1c_ctf.req

=== fel1g_ctf.lvl ===
Missing file fel1g_ctf.script
    Reqd by ..\..\common\mission\fel1g_ctf.req

=== gal1.lvl ===
Missing file gal1.script
    Reqd by ..\..\common\mission\gal1.req

=== geo1c_1flag.lvl ===
Missing file geo1c_1flag.script
    Reqd by ..\..\common\mission\geo1c_1flag.req

=== geo1c_hunt.lvl ===
Missing file geo1c_hunt.script
    Reqd by ..\..\common\mission\geo1c_hunt.req

=== geo1c_xl.lvl ===
Missing file geo1c_xl.script
    Reqd by ..\..\common\mission\geo1c_xl.req

=== hot1g_uber.lvl ===
Missing file hot1g_uber.script
    Reqd by ..\..\common\mission\hot1g_uber.req

=== hot1g_xl.lvl ===
Missing file hot1g_xl.script
    Reqd by ..\..\common\mission\hot1g_xl.req

=== kam1c.lvl ===
Missing file kam1c.script
    Reqd by ..\..\common\mission\kam1c.req

=== kam1c_c.lvl ===
Missing file kam1c_c.script
    Reqd by ..\..\common\mission\kam1c_c.req

=== kam1c_ctf.lvl ===
Missing file kam1c_ctf.script
    Reqd by ..\..\common\mission\kam1c_CTF.req

=== kas2c_obj.lvl ===
Missing file kas2c_obj.script
    Reqd by ..\..\common\mission\kas2c_obj.req

=== kas2c_uber.lvl ===
Missing file kas2c_uber.script
    Reqd by ..\..\common\mission\kas2c_uber.req

=== kas2c_xl.lvl ===
Missing file kas2c_xl.script
    Reqd by ..\..\common\mission\kas2c_xl.req

=== kas2g_hunt.lvl ===
Missing file kas2g_hunt.script
    Reqd by ..\..\common\mission\kas2g_hunt.req

=== kas2g_obj.lvl ===
Missing file kas2g_obj.script
    Reqd by ..\..\common\mission\kas2g_obj.req

=== kas2g_xl.lvl ===
Missing file kas2g_xl.script
    Reqd by ..\..\common\mission\kas2g_xl.req

=== mus1c_c.lvl ===
Missing file mus1c_c.script
    Reqd by ..\..\common\mission\mus1c_c.req

=== myg1c_obj.lvl ===
Missing file myg1c_obj.script
    Reqd by ..\..\common\mission\myg1c_obj.req

=== myg1g_eli.lvl ===
Missing file myg1g_eli.script
    Reqd by ..\..\common\mission\myg1g_eli.req

=== myg1g_obj.lvl ===
Missing file myg1g_obj.script
    Reqd by ..\..\common\mission\myg1g_obj.req

=== nab2c_1flag.lvl ===
Missing file nab2c_1flag.script
    Reqd by ..\..\common\mission\nab2c_1flag.req

=== nab2g_1flag.lvl ===
Missing file nab2g_1flag.script
    Reqd by ..\..\common\mission\nab2g_1flag.req

=== nab2g_c.lvl ===
Missing file nab2g_c.script
    Reqd by ..\..\common\mission\nab2g_c.req

=== nab2g_eli.lvl ===
Missing file nab2g_eli.script
    Reqd by ..\..\common\mission\nab2g_eli.req

=== nab2g_hunt.lvl ===
Missing file nab2g_hunt.script
    Reqd by ..\..\common\mission\nab2g_hunt.req

=== pol1g_c.lvl ===
Missing file pol1g_c.script
    Reqd by ..\..\common\mission\pol1g_c.req

=== rhn1c_1flag.lvl ===
Missing file rhn1c_1flag.script
    Reqd by ..\..\common\mission\rhn1c_1flag.req

=== rhn1c_con.lvl ===
Missing file rhn1c_con.script
    Reqd by ..\..\common\mission\rhn1c_con.req

=== rhn1g_1flag.lvl ===
Missing file rhn1g_1flag.script
    Reqd by ..\..\common\mission\rhn1g_1flag.req

=== rhn1g_con.lvl ===
Missing file rhn1g_con.script
    Reqd by ..\..\common\mission\rhn1g_con.req

=== rhn1g_eli.lvl ===
Missing file rhn1g_eli.script
    Reqd by ..\..\common\mission\rhn1g_eli.req

=== rhn1g_hunt.lvl ===
Missing file rhn1g_hunt.script
    Reqd by ..\..\common\mission\rhn1g_hunt.req

=== rhn2c_1flag.lvl ===
Missing file rhn2c_1flag.script
    Reqd by ..\..\common\mission\rhn2c_1flag.req

=== rhn2c_con.lvl ===
Missing file rhn2c_con.script
    Reqd by ..\..\common\mission\rhn2c_con.req

=== rhn2c_ctf.lvl ===
Missing file rhn2c_ctf.script
    Reqd by ..\..\common\mission\rhn2c_ctf.req

=== rhn2g_1flag.lvl ===
Missing file rhn2g_1flag.script
    Reqd by ..\..\common\mission\rhn2g_1flag.req

=== rhn2g_con.lvl ===
Missing file rhn2g_con.script
    Reqd by ..\..\common\mission\rhn2g_con.req

=== rhn2g_ctf.lvl ===
Missing file rhn2g_ctf.script
    Reqd by ..\..\common\mission\rhn2g_ctf.req

=== rhn2g_eli.lvl ===
Missing file rhn2g_eli.script
    Reqd by ..\..\common\mission\rhn2g_eli.req

=== spa1g_1flag.lvl ===
Missing file spa1g_1flag.script
    Reqd by ..\..\common\mission\spa1g_1flag.req

=== spa1g_ass.lvl ===
Missing file spa1g_ass.script
    Reqd by ..\..\common\mission\spa1g_ass.req

=== spa1g_c.lvl ===
Missing file spa1g_c.script
    Reqd by ..\..\common\mission\spa1g_c.req

=== spa1g_ctf.lvl ===
Missing file spa1g_ctf.script
    Reqd by ..\..\common\mission\spa1g_ctf.req

=== spa1g_eli.lvl ===
Missing file spa1g_eli.script
    Reqd by ..\..\common\mission\spa1g_eli.req

=== spa2c_c.lvl ===
Missing file spa2c_c.script
    Reqd by ..\..\common\mission\spa2c_c.req

=== spa3c_c.lvl ===
Missing file spa3c_c.script
    Reqd by ..\..\common\mission\spa3c_c.req

=== spa3c_ctf.lvl ===
Missing file spa3c_ctf.script
    Reqd by ..\..\common\mission\spa3c_ctf.req

=== spa3c_eli.lvl ===
Missing file spa3c_eli.script
    Reqd by ..\..\common\mission\spa3c_eli.req

=== spa3g_c.lvl ===
Missing file spa3g_c.script
    Reqd by ..\..\common\mission\spa3g_c.req

=== spa3g_con.lvl ===
Missing file spa3g_con.script
    Reqd by ..\..\common\mission\spa3g_con.req

=== spa4c_con.lvl ===
Missing file spa4c_con.script
    Reqd by ..\..\common\mission\spa4c_con.req

=== spa4g_c.lvl ===
Missing file spa4g_c.script
    Reqd by ..\..\common\mission\spa4g_c.req

=== spa5c_c.lvl ===
Missing file spa5c_c.script
    Reqd by ..\..\common\mission\spa5c_c.req

=== spa5c_con.lvl ===
Missing file spa5c_con.script
    Reqd by ..\..\common\mission\spa5c_con.req

=== spa8g_1flag.lvl ===
Missing file spa8g_cmn.script
    Reqd by ..\..\common\mission\spa8g_1flag.req
Missing file spa8g_1flag.script
    Reqd by ..\..\common\mission\spa8g_1flag.req

=== spa8g_ass.lvl ===
Missing file spa8g_cmn.script
    Reqd by ..\..\common\mission\spa8g_ass.req
Missing file spa8g_ass.script
    Reqd by ..\..\common\mission\spa8g_ass.req

=== spa9g_1flag.lvl ===
Missing file spa9g_cmn.script
    Reqd by ..\..\common\mission\spa9g_1flag.req
Missing file spa9g_1flag.script
    Reqd by ..\..\common\mission\spa9g_1flag.req

=== spa9g_ass.lvl ===
Missing file spa9g_cmn.script
    Reqd by ..\..\common\mission\spa9g_ass.req
Missing file spa9g_ass.script
    Reqd by ..\..\common\mission\spa9g_ass.req

=== tan1c_ctf.lvl ===
Missing file tan1c_ctf.script
    Reqd by ..\..\common\mission\tan1c_ctf.req

=== tan1g_c.lvl ===
Missing file tan1g_c.script
    Reqd by ..\..\common\mission\tan1g_c.req

=== tan1g_ctf.lvl ===
Missing file tan1g_ctf.script
    Reqd by ..\..\common\mission\tan1g_ctf.req

=== tat1c_con.lvl ===
Missing file tat1c_m1.script
    Reqd by ..\..\common\mission\tat1c_con.req

=== tat1g_c.lvl ===
Missing file tat1g_c.script
    Reqd by ..\..\common\mission\tat1g_c.req

=== tat1g_con.lvl ===
Missing file tat1g_m1.script
    Reqd by ..\..\common\mission\tat1g_con.req

=== tat2c_1flag.lvl ===
Missing file tat2c_1flag.script
    Reqd by ..\..\common\mission\tat2c_1flag.req

=== tat2c_hunt.lvl ===
Missing file tat2c_hunt.script
    Reqd by ..\..\common\mission\tat2c_hunt.req

=== tat2g_1flag.lvl ===
Missing file tat2g_1flag.script
    Reqd by ..\..\common\mission\tat2g_1flag.req

=== tat2g_ass.lvl ===
Missing file tat2g_ass.script
    Reqd by ..\..\common\mission\tat2g_ass.req

=== tat2g_eli.lvl ===
Missing file tat2g_eli.script
    Reqd by ..\..\common\mission\tat2g_eli.req

=== tat3c_ctf.lvl ===
Missing file tat3c_ctf.script
    Reqd by ..\..\common\mission\tat3c_ctf.req

=== tat3g_ctf.lvl ===
Missing file tat3g_ctf.script
    Reqd by ..\..\common\mission\tat3g_ctf.req

=== tat3g_hunt.lvl ===
Missing file tat3g_hunt.script
    Reqd by ..\..\common\mission\tat3g_hunt.req

=== test1a.lvl ===
Missing file test1a.script
    Reqd by ..\..\common\mission\test1a.req

=== test1c.lvl ===
Missing file test1c.script
    Reqd by ..\..\common\mission\Test1c.req

=== test1g.lvl ===
Missing file test1g.script
    Reqd by ..\..\common\mission\Test1g.req

=== test1r.lvl ===
Missing file test1r.script
    Reqd by ..\..\common\mission\test1r.req

=== uta1c_ctf.lvl ===
Missing file uta1c_ctf.script
    Reqd by ..\..\common\mission\uta1c_ctf.req

=== uta1g_ctf.lvl ===
Missing file uta1g_ctf.script
    Reqd by ..\..\common\mission\uta1g_ctf.req

=== yav1g_c.lvl ===
Missing file yav1g_c.script
    Reqd by ..\..\common\mission\yav1g_c.req

=== yav2c_1flag.lvl ===
Missing file yav2c_1flag.script
    Reqd by ..\..\common\mission\yav2c_1flag.req

=== yav2c_con.lvl ===
Missing file yav2c_con.script
    Reqd by ..\..\common\mission\yav2c_con.req

=== yav2c_ctf.lvl ===
Missing file yav2c_ctf.script
    Reqd by ..\..\common\mission\yav2c_ctf.req

=== yav2g_1flag.lvl ===
Missing file yav2g_1flag.script
    Reqd by ..\..\common\mission\yav2g_1flag.req

=== yav2g_con.lvl ===
Missing file yav2g_con.script
    Reqd by ..\..\common\mission\yav2g_con.req

=== yav2g_ctf.lvl ===
Missing file yav2g_ctf.script
    Reqd by ..\..\common\mission\yav2g_ctf.req

=== yav2g_eli.lvl ===
Missing file yav2g_eli.script
    Reqd by ..\..\common\mission\yav2g_eli.req
   0 Errors    0 Warnings

