Logging LevelPack
19:56:3007/06/24

=== rep_inf_ep3_engineer.lvl ===
Missing file com_weap_inf_ord_hum_sm.class
    Reqd by ..\common\munged\pc\com_weap_inf_shotgun_ord.class.req
            ..\common\munged\pc\com_weap_award_shotgun_ord.class.req
Missing file com_weap_inf_equip_med.class
    Reqd by munged\pc\rep_weap_inf_shotgun.class.req
            munged\pc\rep_weap_inf_fusioncutter.class.req
            munged\pc\rep_weap_inf_powerup_dispenser.class.req
            munged\pc\rep_weap_award_shotgun.class.req
Missing file rep_cockpit_fx.texture
    Reqd by munged\pc\rep_1st_weap_inf_rifle.model.req
            munged\pc\rep_weap_inf_fusioncutter.model.req
            munged\pc\rep_1st_weap_inf_fusioncutter.model.req
Missing file hud_powerup_icon.texture
    Reqd by munged\pc\rep_weap_inf_powerup_dispenser.class.req
Missing file hud_weap_ammo.texture
    Reqd by munged\pc\rep_weap_inf_powerup_dispenser.class.req
Missing file reticule_00.texture
    Reqd by munged\pc\rep_weap_inf_powerup_dispenser.class.req
Missing file noicon.texture
    Reqd by munged\pc\rep_inf_ep3armoredpilot.model.req

=== rep_inf_ep3_engineer_pilot.lvl ===
Missing file com_weap_inf_ord_hum_sm.class
    Reqd by ..\common\munged\pc\com_weap_inf_shotgun_ord.class.req
            ..\common\munged\pc\com_weap_award_shotgun_ord.class.req
Missing file com_weap_inf_equip_med.class
    Reqd by munged\pc\rep_weap_inf_shotgun.class.req
            munged\pc\rep_weap_inf_fusioncutter.class.req
            munged\pc\rep_weap_inf_powerup_dispenser.class.req
            munged\pc\rep_weap_award_shotgun.class.req
            munged\pc\rep_weap_inf_shotgun_shorty.class.req
            munged\pc\rep_weap_award_shotgun_shorty.class.req
Missing file rep_cockpit_fx.texture
    Reqd by munged\pc\rep_1st_weap_inf_rifle.model.req
            munged\pc\rep_weap_inf_fusioncutter.model.req
            munged\pc\rep_1st_weap_inf_fusioncutter.model.req
            munged\pc\rep_1st_weap_inf_pistol.model.req
Missing file hud_powerup_icon.texture
    Reqd by munged\pc\rep_weap_inf_powerup_dispenser.class.req
Missing file hud_weap_ammo.texture
    Reqd by munged\pc\rep_weap_inf_powerup_dispenser.class.req
Missing file reticule_00.texture
    Reqd by munged\pc\rep_weap_inf_powerup_dispenser.class.req

=== rep_inf_ep3_jettrooper.lvl ===
Missing file com_weap_inf_ord_hum_rocket.class
    Reqd by ..\common\munged\pc\com_weap_inf_rocket_launcher_ord.class.req
Missing file com_weap_inf_equip_lg.class
    Reqd by munged\pc\rep_weap_inf_emp_launcher.class.req
Missing file com_weap_inf_ord_hum_sm.class
    Reqd by ..\common\munged\pc\com_weap_inf_commando_pistol_ord.class.req
Missing file com_weap_inf_equip_sm.class
    Reqd by munged\pc\rep_weap_inf_commando_pistol.class.req
            munged\pc\rep_weap_inf_thermaldetonator.class.req
Missing file rep_cockpit_fx.texture
    Reqd by munged\pc\rep_1st_weap_inf_pistol.model.req

=== rep_inf_ep3_marine.lvl ===
Missing file com_weap_inf_ord_hum_sm.class
    Reqd by ..\common\munged\pc\com_weap_inf_rifle_ord.class.req
            ..\common\munged\pc\com_weap_award_rifle_ord.class.req
Missing file com_weap_inf_equip_med.class
    Reqd by munged\pc\rep_weap_inf_rifle.class.req
            munged\pc\rep_weap_award_rifle.class.req
Missing file rep_cockpit_fx.texture
    Reqd by munged\pc\rep_1st_weap_inf_rifle.model.req
Missing file com_weap_inf_ord_hum_rocket.class
    Reqd by ..\common\munged\pc\com_weap_inf_rocket_launcher_ord.class.req
Missing file com_weap_inf_equip_lg.class
    Reqd by munged\pc\rep_weap_inf_rocket_launcher.class.req
Missing file com_weap_inf_equip_sm.class
    Reqd by munged\pc\rep_weap_inf_thermaldetonator.class.req

=== rep_inf_ep3_officer.lvl ===
Missing file com_weap_inf_ord_hum_sm.class
    Reqd by ..\common\munged\pc\com_weap_inf_rifle_ord.class.req
            ..\common\munged\pc\com_weap_inf_pistol_ord.class.req
            ..\common\munged\pc\com_weap_award_pistol_ord.class.req
Missing file com_weap_inf_equip_med.class
    Reqd by munged\pc\rep_weap_inf_commander_rifle.class.req
Missing file rep_cockpit_fx.texture
    Reqd by munged\pc\rep_1st_weap_inf_rifle.model.req
            munged\pc\rep_1st_weap_inf_pistol.model.req
Missing file com_weap_inf_equip_sm.class
    Reqd by munged\pc\rep_weap_inf_pistol.class.req
            munged\pc\rep_weap_inf_thermaldetonator.class.req
            munged\pc\rep_weap_award_pistol.class.req

=== rep_inf_ep3_pilot.lvl ===
Missing file com_weap_inf_ord_hum_sm.class
    Reqd by ..\common\munged\pc\com_weap_inf_pistol_ord.class.req
            ..\common\munged\pc\com_weap_award_pistol_ord.class.req
Missing file com_weap_inf_equip_sm.class
    Reqd by munged\pc\rep_weap_inf_pistol.class.req
            munged\pc\rep_weap_award_pistol.class.req
Missing file rep_cockpit_fx.texture
    Reqd by munged\pc\rep_1st_weap_inf_pistol.model.req
            munged\pc\rep_weap_inf_fusioncutter.model.req
            munged\pc\rep_1st_weap_inf_fusioncutter.model.req
Missing file com_weap_inf_equip_med.class
    Reqd by munged\pc\rep_weap_inf_fusioncutter.class.req

=== rep_inf_ep3_rifleman.lvl ===
Missing file com_weap_inf_ord_hum_sm.class
    Reqd by ..\common\munged\pc\com_weap_inf_rifle_ord.class.req
            ..\common\munged\pc\com_weap_inf_pistol_ord.class.req
            ..\common\munged\pc\com_weap_award_rifle_ord.class.req
            ..\common\munged\pc\com_weap_award_pistol_ord.class.req
Missing file com_weap_inf_equip_med.class
    Reqd by munged\pc\rep_weap_inf_rifle.class.req
            munged\pc\rep_weap_award_rifle.class.req
Missing file rep_cockpit_fx.texture
    Reqd by munged\pc\rep_1st_weap_inf_rifle.model.req
            munged\pc\rep_1st_weap_inf_pistol.model.req
Missing file com_weap_inf_equip_sm.class
    Reqd by munged\pc\rep_weap_inf_pistol.class.req
            munged\pc\rep_weap_inf_thermaldetonator.class.req
            munged\pc\rep_weap_award_pistol.class.req

=== rep_inf_ep3_rifleman_marine.lvl ===
Missing file com_weap_inf_ord_hum_sm.class
    Reqd by ..\common\munged\pc\com_weap_inf_rifle_ord.class.req
            ..\common\munged\pc\com_weap_inf_pistol_ord.class.req
            ..\common\munged\pc\com_weap_award_rifle_ord.class.req
            ..\common\munged\pc\com_weap_award_pistol_ord.class.req
Missing file com_weap_inf_equip_med.class
    Reqd by munged\pc\rep_weap_inf_rifle.class.req
            munged\pc\rep_weap_award_rifle.class.req
Missing file rep_cockpit_fx.texture
    Reqd by munged\pc\rep_1st_weap_inf_rifle.model.req
            munged\pc\rep_1st_weap_inf_pistol.model.req
Missing file com_weap_inf_equip_sm.class
    Reqd by munged\pc\rep_weap_inf_pistol.class.req
            munged\pc\rep_weap_inf_thermaldetonator.class.req
            munged\pc\rep_weap_award_pistol.class.req

=== rep_inf_ep3_rifleman_shiny.lvl ===
Missing file com_weap_inf_ord_hum_sm.class
    Reqd by ..\common\munged\pc\com_weap_inf_rifle_ord.class.req
            ..\common\munged\pc\com_weap_inf_pistol_ord.class.req
            ..\common\munged\pc\com_weap_award_rifle_ord.class.req
            ..\common\munged\pc\com_weap_award_pistol_ord.class.req
Missing file com_weap_inf_equip_med.class
    Reqd by munged\pc\rep_weap_inf_rifle.class.req
            munged\pc\rep_weap_award_rifle.class.req
Missing file rep_cockpit_fx.texture
    Reqd by munged\pc\rep_1st_weap_inf_rifle.model.req
            munged\pc\rep_1st_weap_inf_pistol.model.req
Missing file com_weap_inf_equip_sm.class
    Reqd by munged\pc\rep_weap_inf_pistol.class.req
            munged\pc\rep_weap_inf_thermaldetonator.class.req
            munged\pc\rep_weap_award_pistol.class.req

=== rep_inf_ep3_rocketeer.lvl ===
Missing file com_weap_inf_ord_hum_rocket.class
    Reqd by ..\common\munged\pc\com_weap_inf_rocket_launcher_ord.class.req
Missing file com_weap_inf_equip_lg.class
    Reqd by munged\pc\rep_weap_inf_rocket_launcher.class.req
            munged\pc\rep_weap_award_rocket_launcher.class.req
Missing file com_weap_inf_ord_hum_sm.class
    Reqd by ..\common\munged\pc\com_weap_inf_pistol_ord.class.req
            ..\common\munged\pc\com_weap_award_pistol_ord.class.req
Missing file com_weap_inf_equip_sm.class
    Reqd by munged\pc\rep_weap_inf_pistol.class.req
            munged\pc\rep_weap_inf_thermaldetonator.class.req
            munged\pc\rep_weap_award_pistol.class.req
Missing file rep_cockpit_fx.texture
    Reqd by munged\pc\rep_1st_weap_inf_pistol.model.req
Missing file com_weap_inf_equip_med.class
    Reqd by munged\pc\rep_weap_inf_mine_dispenser.class.req
Missing file bazooka.zafbin
    Reqd by munged\pc\rep_weap_award_rocket_launcher.class.req
Missing file bazooka.zaabin
    Reqd by munged\pc\rep_weap_award_rocket_launcher.class.req
Missing file hud_com_probedroid_health_icon.texture
    Reqd by ..\common\munged\pc\com_weap_veh_guided_rocket.class.req
Missing file x-wing_icon.texture
    Reqd by ..\common\munged\pc\com_weap_veh_guided_rocket_ord.class.req
            ..\common\munged\pc\com_weap_award_rocket_launcher_ord.class.req
Missing file hud_all_xwing_icon.texture
    Reqd by ..\common\munged\pc\com_weap_veh_guided_rocket_ord.class.req
            ..\common\munged\pc\com_weap_award_rocket_launcher_ord.class.req
Missing file reticule_rifle.texture
    Reqd by ..\common\munged\pc\com_weap_null.class.req

=== rep_inf_ep3_rocketeer_marine.lvl ===
Missing file com_weap_inf_ord_hum_rocket.class
    Reqd by ..\common\munged\pc\com_weap_inf_rocket_launcher_ord.class.req
Missing file com_weap_inf_equip_lg.class
    Reqd by munged\pc\rep_weap_inf_rocket_launcher.class.req
            munged\pc\rep_weap_award_rocket_launcher.class.req
Missing file com_weap_inf_ord_hum_sm.class
    Reqd by ..\common\munged\pc\com_weap_inf_pistol_ord.class.req
            ..\common\munged\pc\com_weap_award_pistol_ord.class.req
Missing file com_weap_inf_equip_sm.class
    Reqd by munged\pc\rep_weap_inf_pistol.class.req
            munged\pc\rep_weap_inf_thermaldetonator.class.req
            munged\pc\rep_weap_award_pistol.class.req
Missing file rep_cockpit_fx.texture
    Reqd by munged\pc\rep_1st_weap_inf_pistol.model.req
Missing file com_weap_inf_equip_med.class
    Reqd by munged\pc\rep_weap_inf_mine_dispenser.class.req
Missing file bazooka.zafbin
    Reqd by munged\pc\rep_weap_award_rocket_launcher.class.req
Missing file bazooka.zaabin
    Reqd by munged\pc\rep_weap_award_rocket_launcher.class.req
Missing file hud_com_probedroid_health_icon.texture
    Reqd by ..\common\munged\pc\com_weap_veh_guided_rocket.class.req
Missing file x-wing_icon.texture
    Reqd by ..\common\munged\pc\com_weap_veh_guided_rocket_ord.class.req
            ..\common\munged\pc\com_weap_award_rocket_launcher_ord.class.req
Missing file hud_all_xwing_icon.texture
    Reqd by ..\common\munged\pc\com_weap_veh_guided_rocket_ord.class.req
            ..\common\munged\pc\com_weap_award_rocket_launcher_ord.class.req
Missing file reticule_rifle.texture
    Reqd by ..\common\munged\pc\com_weap_null.class.req

=== rep_inf_ep3_rocketeer_shiny.lvl ===
Missing file com_weap_inf_ord_hum_rocket.class
    Reqd by ..\common\munged\pc\com_weap_inf_rocket_launcher_ord.class.req
Missing file com_weap_inf_equip_lg.class
    Reqd by munged\pc\rep_weap_inf_rocket_launcher.class.req
            munged\pc\rep_weap_award_rocket_launcher.class.req
Missing file com_weap_inf_ord_hum_sm.class
    Reqd by ..\common\munged\pc\com_weap_inf_pistol_ord.class.req
            ..\common\munged\pc\com_weap_award_pistol_ord.class.req
Missing file com_weap_inf_equip_sm.class
    Reqd by munged\pc\rep_weap_inf_pistol.class.req
            munged\pc\rep_weap_inf_thermaldetonator.class.req
            munged\pc\rep_weap_award_pistol.class.req
Missing file rep_cockpit_fx.texture
    Reqd by munged\pc\rep_1st_weap_inf_pistol.model.req
Missing file com_weap_inf_equip_med.class
    Reqd by munged\pc\rep_weap_inf_mine_dispenser.class.req
Missing file bazooka.zafbin
    Reqd by munged\pc\rep_weap_award_rocket_launcher.class.req
Missing file bazooka.zaabin
    Reqd by munged\pc\rep_weap_award_rocket_launcher.class.req
Missing file hud_com_probedroid_health_icon.texture
    Reqd by ..\common\munged\pc\com_weap_veh_guided_rocket.class.req
Missing file x-wing_icon.texture
    Reqd by ..\common\munged\pc\com_weap_veh_guided_rocket_ord.class.req
            ..\common\munged\pc\com_weap_award_rocket_launcher_ord.class.req
Missing file hud_all_xwing_icon.texture
    Reqd by ..\common\munged\pc\com_weap_veh_guided_rocket_ord.class.req
            ..\common\munged\pc\com_weap_award_rocket_launcher_ord.class.req
Missing file reticule_rifle.texture
    Reqd by ..\common\munged\pc\com_weap_null.class.req

=== rep_inf_ep3_sniper.lvl ===
Missing file com_weap_inf_ord_hum_sm.class
    Reqd by ..\common\munged\pc\com_weap_inf_sniper_rifle_ord.class.req
            ..\common\munged\pc\com_weap_inf_pistol_ord.class.req
            ..\common\munged\pc\com_weap_inf_autoturret_ord.class.req
            ..\common\munged\pc\com_weap_award_sniper_rifle_ord.class.req
Missing file com_weap_inf_equip_med.class
    Reqd by munged\pc\rep_weap_inf_sniper_rifle.class.req
            munged\pc\rep_weap_inf_autoturret_dispenser.class.req
            munged\pc\rep_weap_award_sniper_rifle.class.req
Missing file com_weap_inf_equip_sm.class
    Reqd by munged\pc\rep_weap_inf_pistol.class.req
            munged\pc\rep_weap_inf_thermaldetonator.class.req
Missing file rep_cockpit_fx.texture
    Reqd by munged\pc\rep_1st_weap_inf_pistol.model.req

=== rep_inf_ep3_sniper_felucia.lvl ===
Missing file com_weap_inf_ord_hum_sm.class
    Reqd by ..\common\munged\pc\com_weap_inf_sniper_rifle_ord.class.req
            ..\common\munged\pc\com_weap_inf_pistol_ord.class.req
            ..\common\munged\pc\com_weap_inf_autoturret_ord.class.req
            ..\common\munged\pc\com_weap_award_sniper_rifle_ord.class.req
Missing file com_weap_inf_equip_med.class
    Reqd by munged\pc\rep_weap_inf_sniper_rifle.class.req
            munged\pc\rep_weap_inf_autoturret_dispenser.class.req
            munged\pc\rep_weap_award_sniper_rifle.class.req
Missing file com_weap_inf_equip_sm.class
    Reqd by munged\pc\rep_weap_inf_pistol.class.req
            munged\pc\rep_weap_inf_thermaldetonator.class.req
Missing file rep_cockpit_fx.texture
    Reqd by munged\pc\rep_1st_weap_inf_pistol.model.req

=== rep_inf_ep3_sniper_shiny.lvl ===
Missing file com_weap_inf_ord_hum_sm.class
    Reqd by ..\common\munged\pc\com_weap_inf_sniper_rifle_ord.class.req
            ..\common\munged\pc\com_weap_inf_pistol_ord.class.req
            ..\common\munged\pc\com_weap_inf_autoturret_ord.class.req
            ..\common\munged\pc\com_weap_award_sniper_rifle_ord.class.req
Missing file com_weap_inf_equip_med.class
    Reqd by munged\pc\rep_weap_inf_sniper_rifle.class.req
            munged\pc\rep_weap_inf_autoturret_dispenser.class.req
            munged\pc\rep_weap_award_sniper_rifle.class.req
Missing file com_weap_inf_equip_sm.class
    Reqd by munged\pc\rep_weap_inf_pistol.class.req
            munged\pc\rep_weap_inf_thermaldetonator.class.req
Missing file rep_cockpit_fx.texture
    Reqd by munged\pc\rep_1st_weap_inf_pistol.model.req
   0 Errors    0 Warnings

