Logging pc_ModelMunge
13:23:2507/12/24
Mesh: com_weap_inf_dropturret
Model dummyroot
Model sv_turret
Model mainmesh
Model boneroot
Model aimer_y
Model aimer_x
Model hp_fire
Model p_-so_sphere
Model mainmesh_lowrez
Model p_-vbt_cube
Root dummyroot
Matrix:
1.000000 0.000000 0.000000 0.000000
0.000000 1.000000 0.000000 0.000000
0.000000 0.000000 1.000000 0.000000
0.000000 0.000000 0.000000 1.000000
Name: p_-vbt_cube
Parent: dummyroot
Matrix:
1.000000 0.000000 0.000000 0.000000
0.000000 1.000000 0.000000 0.000000
0.000000 0.000000 1.000000 0.000000
0.000000 0.657615 0.000000 1.000000
Name: mainmesh_lowrez
Parent: 
Sibling: p_-vbt_cube
Matrix:
1.000000 0.000000 0.000000 0.000000
0.000000 1.000000 0.000000 0.000000
0.000000 0.000000 1.000000 0.000000
0.000000 0.000000 0.000000 1.000000
Name: mainmesh
Parent: 
Sibling: mainmesh_lowrez
Matrix:
1.000000 0.000000 0.000000 0.000000
0.000000 1.000000 0.000000 0.000000
0.000000 0.000000 1.000000 0.000000
0.000000 0.000000 0.000000 1.000000
Name: boneroot
Parent: mainmesh
Matrix:
1.000000 0.000000 0.000000 0.000000
0.000000 1.000000 0.000000 0.000000
0.000000 0.000000 1.000000 0.000000
-0.000000 1.056407 0.000000 1.000000
Name: p_-so_sphere
Parent: boneroot
Matrix:
1.000000 0.000000 0.000000 0.000000
0.000000 1.000000 0.000000 0.000000
0.000000 0.000000 1.000000 0.000000
0.000000 0.000000 0.000000 1.000000
Name: aimer_y
Parent: 
Sibling: p_-so_sphere
Matrix:
1.000000 0.000000 0.000000 0.000000
0.000000 1.000000 0.000000 0.000000
0.000000 0.000000 1.000000 0.000000
0.000000 0.000000 0.000000 1.000000
Name: aimer_x
Parent: aimer_y
Matrix:
1.000000 0.000000 0.000000 0.000000
0.000000 1.000000 0.000000 0.000000
0.000000 0.000000 1.000000 0.000000
0.000000 0.000000 0.234444 1.000000
Name: hp_fire
Parent: aimer_x
Matrix:
1.000000 0.000000 0.000000 0.000000
0.000000 1.000000 0.000000 0.000000
0.000000 0.000000 1.000000 0.000000
0.000000 0.000000 0.074092 1.000000
Name: sv_turret
Parent: 
Sibling: mainmesh
Matrix:
1.000000 0.000000 0.000000 0.000000
0.000000 1.000000 0.000000 0.000000
0.000000 0.000000 1.000000 0.000000
0.000000 0.000000 0.000000 1.000000
Mesh: com_weap_inf_landmine
Model com_weap_landmine
Model hp_active
Root com_weap_landmine
Matrix:
1.000000 0.000000 0.000000 0.000000
0.000000 1.000000 0.000000 0.000000
0.000000 0.000000 1.000000 0.000000
0.000000 0.000000 0.000000 1.000000
Name: hp_active
Parent: com_weap_landmine
Matrix:
1.000000 0.000000 0.000000 0.000000
0.000000 1.000000 0.000000 0.000000
0.000000 0.000000 1.000000 0.000000
0.000000 0.000000 0.000000 1.000000
Mesh: com_weap_inf_landmine_placed
Model com_weap_inf_landmine_placed
Root com_weap_inf_landmine_placed
Matrix:
1.000000 0.000000 0.000000 0.000000
0.000000 1.000000 0.000000 0.000000
0.000000 0.000000 1.000000 0.000000
0.000000 0.000000 0.000000 1.000000
   0 Errors    0 Warnings

