Logging PathPlanningMunge
01:18:1107/08/24
Group 0: 0 arcs
Group 1: 0 arcs
Group 2: 0 arcs
Group 3: 0 arcs
Group 4: 0 arcs
Group 5: 0 arcs
Group 6: 0 arcs
Group 7: 0 arcs
Group 0: 3 arcs
Group 1: 4 arcs
Group 2: 2 arcs
Group 3: 3 arcs
Group 4: 4 arcs
Group 5: 3 arcs
Group 6: 0 arcs
Group 7: 0 arcs
Group 1:
  Connection55
  Connection180
  Connection225
Group 2:
  Connection54
  Connection63
  Connection185
  Connection223
Group 3:
  Connection127
  Connection251
Group 4:
  Connection79
  Connection83
  Connection123
Group 5:
  Connection261
  Connection262
  Connection263
  Connection266
Group 6:
  Connection269
  Connection272
  Connection275
Group 0: 0 arcs
Group 1: 0 arcs
Group 2: 0 arcs
Group 3: 0 arcs
Group 4: 0 arcs
Group 5: 0 arcs
Group 6: 0 arcs
Group 7: 0 arcs
   0 Errors    0 Warnings

