Logging pc_ModelMunge
09:37:5807/14/24
Mesh: tat_weap_tuskrifle
Model tat_weap_inf_rifle
Model hp_fire
Model SCOPE
Root tat_weap_inf_rifle
Matrix:
1.000000 0.000000 0.000000 0.000000
0.000000 1.000000 0.000000 0.000000
0.000000 0.000000 1.000000 0.000000
0.000000 0.000000 0.000000 1.000000
Name: SCOPE
Parent: tat_weap_inf_rifle
Matrix:
0.000000 0.000000 -1.000000 0.000000
0.000000 1.000000 0.000000 0.000000
1.000000 0.000000 0.000000 0.000000
0.000000 0.000000 0.000000 1.000000
Name: hp_fire
Parent: 
Sibling: SCOPE
Matrix:
1.000000 0.000000 0.000000 0.000000
0.000000 1.000000 0.000000 0.000000
0.000000 0.000000 1.000000 0.000000
0.000000 0.051739 0.924518 1.000000
   0 Errors    0 Warnings

