Logging pc_ModelMunge
09:37:5907/14/24
Mesh: all_1st_trooper
Model dummyroot
Model bone_shoulders
Model bone_l_forearm
Model bone_l_wrist
Model imp_inf_trooper_l_hand
Model imp_inf_trooper_l_forearm
Model sphere
Model bone_r_forearm
Model bone_r_wrist
Model imp_inf_trooper_r_hand
Model hp_weapons
Model imp_inf_trooper_r_forearm
Model sphere1
Root dummyroot
Matrix:
1.000000 0.000000 0.000000 0.000000
0.000000 1.000000 0.000000 0.000000
0.000000 0.000000 1.000000 0.000000
0.000000 0.000000 0.000000 1.000000
Name: bone_shoulders
Parent: dummyroot
Matrix:
1.000000 0.000000 0.000000 0.000000
0.000000 1.000000 0.000000 0.000000
0.000000 0.000000 1.000000 0.000000
0.000000 -0.251144 -0.119098 1.000000
Name: bone_r_forearm
Parent: bone_shoulders
Matrix:
-1.000000 0.000000 0.000000 0.000000
0.000000 0.992942 0.118604 0.000000
0.000000 0.118604 -0.992942 0.000000
-0.283090 -0.350589 0.059040 1.000000
Name: imp_inf_trooper_r_forearm
Parent: bone_r_forearm
Matrix:
1.000000 0.000000 0.000000 0.000000
0.000000 0.992942 0.118604 0.000000
0.000000 -0.118604 0.992942 0.000000
-0.283090 -0.107375 0.035400 1.000000
Name: sphere1
Parent: imp_inf_trooper_r_forearm
Matrix:
-1.000000 0.000000 0.000000 0.000000
0.000000 1.000000 0.000000 0.000000
0.000000 0.000000 -1.000000 0.000000
0.000000 0.000000 -0.000000 1.000000
Name: bone_r_wrist
Parent: 
Sibling: imp_inf_trooper_r_forearm
Matrix:
1.000000 0.000000 0.000000 0.000000
0.000000 0.999011 0.044471 0.000000
0.000000 -0.044471 0.999011 0.000000
0.000000 -0.000000 -0.271097 1.000000
Name: hp_weapons
Parent: bone_r_wrist
Matrix:
-0.977879 0.126706 -0.166426 0.000000
0.099097 0.981328 0.164850 0.000000
0.184206 0.144712 -0.972176 0.000000
-0.008484 0.077870 -0.162355 1.000000
Name: imp_inf_trooper_r_hand
Parent: 
Sibling: hp_weapons
Matrix:
1.000000 0.000000 0.000000 0.000000
0.000000 0.997234 0.074329 0.000000
0.000000 -0.074329 0.997234 0.000000
-0.283090 -0.093735 0.310940 1.000000
Name: bone_l_forearm
Parent: 
Sibling: bone_r_forearm
Matrix:
1.000000 0.000000 0.000000 0.000000
0.000000 0.992942 0.118604 0.000000
0.000000 -0.118604 0.992942 0.000000
0.283090 -0.350589 0.059040 1.000000
Name: imp_inf_trooper_l_forearm
Parent: bone_l_forearm
Matrix:
1.000000 0.000000 0.000000 0.000000
0.000000 0.992942 -0.118604 0.000000
0.000000 0.118604 0.992942 0.000000
-0.283090 -0.107375 -0.035400 1.000000
Name: sphere
Parent: imp_inf_trooper_l_forearm
Matrix:
1.000000 0.000000 0.000000 0.000000
0.000000 1.000000 0.000000 0.000000
0.000000 0.000000 1.000000 0.000000
-0.000000 0.000000 0.000000 1.000000
Name: bone_l_wrist
Parent: 
Sibling: imp_inf_trooper_l_forearm
Matrix:
1.000000 0.000000 0.000000 0.000000
0.000000 0.999011 -0.044471 0.000000
0.000000 0.044471 0.999011 0.000000
0.000000 -0.000000 0.271097 1.000000
Name: imp_inf_trooper_l_hand
Parent: bone_l_wrist
Matrix:
1.000000 0.000000 0.000000 0.000000
0.000000 0.997234 -0.074329 0.000000
0.000000 0.074329 0.997234 0.000000
-0.283090 -0.093735 -0.310940 1.000000
Mesh: all_1st_weap_inf_pistol
Model all_1st_weap_inf_pistol
Model hp_fire
Model hp_active
Model all_1st_weap_inf_pistol_lens
Root all_1st_weap_inf_pistol
Matrix:
1.000000 0.000000 0.000000 0.000000
0.000000 1.000000 0.000000 0.000000
0.000000 0.000000 1.000000 0.000000
0.000000 0.000000 0.000000 1.000000
Name: all_1st_weap_inf_pistol_lens
Parent: all_1st_weap_inf_pistol
Matrix:
1.000000 0.000000 0.000000 0.000000
0.000000 1.000000 0.000000 0.000000
0.000000 0.000000 1.000000 0.000000
0.000000 0.000000 0.000000 1.000000
Name: hp_active
Parent: 
Sibling: all_1st_weap_inf_pistol_lens
Matrix:
1.000000 0.000000 0.000000 0.000000
0.000000 1.000000 0.000000 0.000000
0.000000 0.000000 1.000000 0.000000
0.007279 -0.026847 0.017638 1.000000
Name: hp_fire
Parent: 
Sibling: hp_active
Matrix:
1.000000 0.000000 0.000000 0.000000
0.000000 1.000000 0.000000 0.000000
0.000000 0.000000 1.000000 0.000000
0.000000 0.000000 0.000000 1.000000
Mesh: gar_inf_nabooguard_blue
Model DummyRoot
Model OTH_NabooGuard_Head
Model override_texture
Model bone_root
Model root_a_spine
Model bone_a_spine
Model bone_b_spine
Model bone_ribcage
Model eff_ribcage
Model root_l_clavicle
Model bone_l_clavicle
Model eff_l_clavicle
Model root_l_upperarm
Model bone_l_upperarm
Model bone_l_forearm
Model eff_l_forearm
Model root_l_hand
Model bone_l_hand
Model eff_l_hand
Model root_r_clavicle
Model bone_r_clavicle
Model eff_r_clavicle
Model root_r_upperarm
Model bone_r_upperarm
Model bone_r_forearm
Model eff_r_forearm
Model root_r_hand
Model bone_r_hand
Model eff_r_hand
Model hp_weapons
Model root_neck
Model bone_neck
Model bone_head
Model eff_head
Model hp_camera
Model bone_pelvis
Model root_r_thigh
Model bone_r_thigh
Model bone_r_calf
Model eff_r_calf
Model root_r_foot
Model bone_r_foot
Model bone_r_toe
Model eff_r_toe
Model root_l_thigh
Model bone_l_thigh
Model bone_l_calf
Model eff_l_calf
Model root_l_foot
Model bone_l_foot
Model bone_l_toe
Model eff_l_toe
Model sv_nabooguard
Root DummyRoot
Matrix:
1.000000 0.000000 0.000000 0.000000
0.000000 1.000000 0.000000 0.000000
0.000000 0.000000 1.000000 0.000000
0.000000 0.000000 0.000000 1.000000
Name: sv_nabooguard
Parent: DummyRoot
Matrix:
1.000000 0.000000 0.000000 0.000000
0.000000 1.000000 0.000000 0.000000
0.000000 0.000000 1.000000 0.000000
0.000000 0.000000 0.000000 1.000000
Name: override_texture
Parent: 
Sibling: sv_nabooguard
Matrix:
1.000000 0.000000 0.000000 0.000000
0.000000 1.000000 0.000000 0.000000
0.000000 0.000000 1.000000 0.000000
0.000000 0.000000 0.000000 1.000000
Name: bone_root
Parent: override_texture
Matrix:
1.000000 0.000000 0.000000 0.000000
0.000000 1.000000 0.000000 0.000000
0.000000 0.000000 1.000000 0.000000
0.000000 1.159374 0.000000 1.000000
Name: bone_pelvis
Parent: bone_root
Matrix:
1.000000 0.000000 0.000000 0.000000
0.000000 1.000000 0.000000 0.000000
0.000000 0.000000 1.000000 0.000000
0.000000 0.000000 0.000000 1.000000
Name: root_l_thigh
Parent: bone_pelvis
Matrix:
0.000000 0.000000 -1.000000 0.000000
0.000000 1.000000 0.000000 0.000000
1.000000 0.000000 0.000000 0.000000
0.094280 -0.104937 0.009118 1.000000
Name: bone_l_thigh
Parent: root_l_thigh
Matrix:
-0.032974 -0.987127 0.156501 0.000000
0.999446 -0.033287 0.000618 0.000000
0.004599 0.156434 0.987678 0.000000
0.000000 0.000000 0.000000 1.000000
Name: bone_l_calf
Parent: bone_l_thigh
Matrix:
0.964992 0.262278 -0.000285 0.000000
-0.262278 0.964992 -0.000575 0.000000
0.000125 0.000630 1.000000 0.000000
0.480000 -0.000177 -0.000015 1.000000
Name: eff_l_calf
Parent: bone_l_calf
Matrix:
1.000000 0.000000 0.000000 0.000000
0.000000 1.000000 0.000000 0.000000
0.000000 0.000000 1.000000 0.000000
0.470000 0.000054 0.000073 1.000000
Name: root_l_foot
Parent: eff_l_calf
Matrix:
0.151230 -0.040605 0.987664 0.000000
-0.961561 0.225621 0.156509 0.000000
-0.229193 -0.973369 -0.004923 0.000000
0.000000 0.000000 0.000000 1.000000
Name: bone_l_foot
Parent: root_l_foot
Matrix:
0.089820 -0.573218 0.814465 0.000000
-0.062825 -0.819403 -0.569764 0.000000
0.993975 0.000007 -0.109611 0.000000
0.000000 0.000000 0.000000 1.000000
Name: bone_l_toe
Parent: bone_l_foot
Matrix:
0.818090 -0.575090 -0.000152 0.000000
0.575090 0.818090 -0.000259 0.000000
0.000273 0.000125 1.000000 0.000000
0.165000 -0.000057 -0.000004 1.000000
Name: eff_l_toe
Parent: bone_l_toe
Matrix:
1.000000 0.000000 0.000000 0.000000
0.000000 1.000000 0.000000 0.000000
0.000000 0.000000 1.000000 0.000000
0.100000 0.000000 0.000030 1.000000
Name: root_r_thigh
Parent: 
Sibling: root_l_thigh
Matrix:
0.000000 0.000000 -1.000000 0.000000
0.000000 1.000000 0.000000 0.000000
1.000000 0.000000 0.000000 0.000000
-0.094280 -0.104937 0.009118 1.000000
Name: bone_r_thigh
Parent: root_r_thigh
Matrix:
-0.030674 -0.987200 -0.156512 0.000000
0.999519 -0.031016 -0.000258 0.000000
-0.004600 -0.156445 0.987676 0.000000
0.000000 0.000000 0.000000 1.000000
Name: bone_r_calf
Parent: bone_r_thigh
Matrix:
0.966386 0.257094 0.000310 0.000000
-0.257094 0.966386 0.000573 0.000000
-0.000153 -0.000634 1.000000 0.000000
0.480000 0.000065 0.000047 1.000000
Name: eff_r_calf
Parent: bone_r_calf
Matrix:
1.000000 0.000000 0.000000 0.000000
0.000000 1.000000 0.000000 0.000000
0.000000 0.000000 1.000000 0.000000
0.470000 0.000114 -0.000056 1.000000
Name: root_r_foot
Parent: eff_r_calf
Matrix:
0.151230 -0.040605 -0.987664 0.000000
-0.961561 0.225622 -0.156509 0.000000
0.229194 0.973368 -0.004923 0.000000
-0.000000 -0.000000 0.000000 1.000000
Name: bone_r_foot
Parent: root_r_foot
Matrix:
0.089820 -0.575714 -0.812703 0.000000
-0.062826 -0.817651 0.572276 0.000000
-0.993975 -0.000343 -0.109611 0.000000
0.000000 0.000000 0.000000 1.000000
Name: bone_r_toe
Parent: bone_r_foot
Matrix:
0.816009 -0.578039 0.000210 0.000000
0.578039 0.816009 0.000458 0.000000
-0.000436 -0.000252 1.000000 0.000000
0.165000 -0.000057 0.000008 1.000000
Name: eff_r_toe
Parent: bone_r_toe
Matrix:
1.000000 0.000000 0.000000 0.000000
0.000000 1.000000 0.000000 0.000000
0.000000 0.000000 1.000000 0.000000
0.100000 -0.000002 -0.000034 1.000000
Name: root_a_spine
Parent: 
Sibling: bone_pelvis
Matrix:
0.000000 0.000000 -1.000000 0.000000
0.000000 1.000000 0.000000 0.000000
1.000000 0.000000 0.000000 0.000000
0.000000 0.000000 0.000000 1.000000
Name: bone_a_spine
Parent: root_a_spine
Matrix:
0.086560 0.996247 0.000000 0.000000
-0.996247 0.086560 0.000000 0.000000
0.000000 0.000000 1.000000 0.000000
0.000000 0.000000 0.000000 1.000000
Name: bone_b_spine
Parent: bone_a_spine
Matrix:
0.999481 0.032208 0.000000 0.000000
-0.032208 0.999481 0.000000 0.000000
0.000000 0.000000 1.000000 0.000000
0.163415 -0.000008 0.000000 1.000000
Name: bone_ribcage
Parent: bone_b_spine
Matrix:
0.997060 0.076624 0.000000 0.000000
-0.076624 0.997060 0.000000 0.000000
0.000000 0.000000 1.000000 0.000000
0.159204 -0.000027 -0.000000 1.000000
Name: eff_ribcage
Parent: bone_ribcage
Matrix:
1.000000 0.000000 0.000000 0.000000
0.000000 1.000000 0.000000 0.000000
0.000000 0.000000 1.000000 0.000000
0.235115 -0.000075 -0.000000 1.000000
Name: root_neck
Parent: eff_ribcage
Matrix:
-0.022241 -0.999753 0.000000 0.000000
0.999753 -0.022241 0.000000 0.000000
0.000000 0.000000 1.000000 0.000000
-0.000000 0.000000 -0.000000 1.000000
Name: bone_neck
Parent: root_neck
Matrix:
-0.233296 0.972406 0.000000 0.000000
-0.972406 -0.233296 0.000000 0.000000
0.000000 0.000000 1.000000 0.000000
0.000000 0.000000 0.000000 1.000000
Name: bone_head
Parent: bone_neck
Matrix:
0.972406 -0.233296 0.000000 0.000000
0.233296 0.972406 0.000000 0.000000
0.000000 0.000000 1.000000 0.000000
0.131129 -0.000047 -0.000000 1.000000
Name: hp_camera
Parent: bone_head
Matrix:
-0.000000 0.000000 1.000000 0.000000
1.000000 0.000001 0.000000 0.000000
-0.000001 1.000000 0.000000 0.000000
0.137850 0.113461 0.000000 1.000000
Name: eff_head
Parent: 
Sibling: hp_camera
Matrix:
1.000000 0.000000 0.000000 0.000000
0.000000 1.000000 0.000000 0.000000
0.000000 0.000000 1.000000 0.000000
0.199974 0.000000 -0.000000 1.000000
Name: root_r_clavicle
Parent: 
Sibling: root_neck
Matrix:
-0.000000 0.000000 -1.000000 0.000000
-0.021475 -0.999769 -0.000000 0.000000
-0.999769 0.021475 -0.000000 0.000000
-0.000000 0.000000 0.000000 1.000000
Name: bone_r_clavicle
Parent: root_r_clavicle
Matrix:
0.953181 0.113271 0.280385 0.000000
-0.118127 0.992998 0.000423 0.000000
-0.278374 -0.033524 0.959888 0.000000
0.000000 0.000000 0.000000 1.000000
Name: eff_r_clavicle
Parent: bone_r_clavicle
Matrix:
1.000000 0.000000 0.000000 0.000000
0.000000 1.000000 0.000000 0.000000
0.000000 0.000000 1.000000 0.000000
0.240102 0.000081 -0.000080 1.000000
Name: root_r_upperarm
Parent: eff_r_clavicle
Matrix:
0.953329 -0.118324 -0.277783 0.000000
0.113586 0.992975 -0.033149 0.000000
0.279754 0.000050 0.960072 0.000000
0.000000 0.000000 0.000000 1.000000
Name: bone_r_upperarm
Parent: root_r_upperarm
Matrix:
0.972508 0.228072 0.047029 0.000000
-0.228062 0.973630 -0.005653 0.000000
-0.047078 -0.005227 0.998878 0.000000
0.000000 0.000000 0.000000 1.000000
Name: bone_r_forearm
Parent: bone_r_upperarm
Matrix:
0.873837 -0.486218 -0.000340 0.000000
0.486218 0.873837 -0.000164 0.000000
0.000377 -0.000022 1.000000 0.000000
0.240162 -0.000003 -0.000036 1.000000
Name: eff_r_forearm
Parent: bone_r_forearm
Matrix:
1.000000 0.000000 0.000000 0.000000
0.000000 1.000000 0.000000 0.000000
0.000000 0.000000 1.000000 0.000000
0.303566 0.000041 0.000070 1.000000
Name: root_r_hand
Parent: eff_r_forearm
Matrix:
0.960650 0.273797 -0.046769 0.000000
-0.274097 0.961702 -0.000000 0.000000
0.044978 0.012819 0.998906 0.000000
-0.000000 -0.000000 0.000000 1.000000
Name: bone_r_hand
Parent: root_r_hand
Matrix:
0.962953 -0.269668 0.000000 0.000000
0.269668 0.962953 0.000000 0.000000
0.000000 0.000000 1.000000 0.000000
0.000000 0.000000 0.000000 1.000000
Name: hp_weapons
Parent: bone_r_hand
Matrix:
0.090260 -0.220776 0.971139 0.000000
-0.052098 -0.974831 -0.216773 0.000000
0.994555 -0.031029 -0.099491 0.000000
0.166233 -0.066317 0.006925 1.000000
Name: eff_r_hand
Parent: 
Sibling: hp_weapons
Matrix:
1.000000 0.000000 0.000000 0.000000
0.000000 1.000000 0.000000 0.000000
0.000000 0.000000 1.000000 0.000000
0.127133 -0.000011 0.000000 1.000000
Name: root_l_clavicle
Parent: 
Sibling: root_r_clavicle
Matrix:
-0.000000 0.000000 1.000000 0.000000
-0.021475 -0.999769 0.000000 0.000000
0.999769 -0.021475 -0.000000 0.000000
-0.000000 0.000000 -0.000000 1.000000
Name: bone_l_clavicle
Parent: root_l_clavicle
Matrix:
0.953181 0.113271 -0.280385 0.000000
-0.118127 0.992998 -0.000423 0.000000
0.278374 0.033524 0.959888 0.000000
0.000000 0.000000 0.000000 1.000000
Name: eff_l_clavicle
Parent: bone_l_clavicle
Matrix:
1.000000 0.000000 0.000000 0.000000
0.000000 1.000000 0.000000 0.000000
0.000000 0.000000 1.000000 0.000000
0.240102 0.000081 0.000080 1.000000
Name: root_l_upperarm
Parent: eff_l_clavicle
Matrix:
0.953329 -0.118324 0.277783 0.000000
0.113586 0.992975 0.033150 0.000000
-0.279754 -0.000051 0.960072 0.000000
0.000000 0.000000 -0.000000 1.000000
Name: bone_l_upperarm
Parent: root_l_upperarm
Matrix:
0.972508 0.228072 -0.047028 0.000000
-0.228062 0.973630 0.005653 0.000000
0.047077 0.005227 0.998878 0.000000
0.000000 0.000000 0.000000 1.000000
Name: bone_l_forearm
Parent: bone_l_upperarm
Matrix:
0.873837 -0.486218 0.000339 0.000000
0.486218 0.873837 0.000163 0.000000
-0.000376 0.000022 1.000000 0.000000
0.240161 -0.000003 0.000036 1.000000
Name: eff_l_forearm
Parent: bone_l_forearm
Matrix:
1.000000 0.000000 0.000000 0.000000
0.000000 1.000000 0.000000 0.000000
0.000000 0.000000 1.000000 0.000000
0.303566 0.000041 -0.000070 1.000000
Name: root_l_hand
Parent: eff_l_forearm
Matrix:
0.960650 0.273797 0.046769 0.000000
-0.274097 0.961702 0.000000 0.000000
-0.044978 -0.012819 0.998906 0.000000
0.000000 0.000000 0.000000 1.000000
Name: bone_l_hand
Parent: root_l_hand
Matrix:
0.962953 -0.269668 0.000000 0.000000
0.269668 0.962953 0.000000 0.000000
0.000000 0.000000 1.000000 0.000000
0.000000 0.000000 0.000000 1.000000
Name: eff_l_hand
Parent: bone_l_hand
Matrix:
1.000000 0.000000 0.000000 0.000000
0.000000 1.000000 0.000000 0.000000
0.000000 0.000000 1.000000 0.000000
0.127133 -0.000011 -0.000000 1.000000
Name: OTH_NabooGuard_Head
Parent: 
Sibling: override_texture
Matrix:
1.000000 0.000000 0.000000 0.000000
0.000000 1.000000 0.000000 0.000000
0.000000 0.000000 1.000000 0.000000
0.000000 0.000000 0.000000 1.000000
WARNING[msh\gar_inf_nabooguard_blue.msh]:SplitSkinnedSegments: WARNING: out of space in splitting catalog!
WARNING[msh\gar_inf_nabooguard_blue.msh]:gar_inf_nabooguard_blue has 1227 vertices and NO COLLISION GEOMETRY (WILL BE SLOW)!
Mesh: gar_inf_nabooguard_low1
Model dummyroot
Model OTH_NabooGuard_Head
Model override_texture
Model bone_pelvis
Model bone_r_thigh
Model bone_r_calf
Model bone_ribcage
Model bone_r_upperarm
Model bone_r_forearm
Model hp_weapons
Model bone_l_upperarm
Model bone_l_forearm
Model bone_neck
Model bone_head
Model bone_l_thigh
Model bone_l_calf
Root dummyroot
Matrix:
1.000000 0.000000 0.000000 0.000000
0.000000 1.000000 0.000000 0.000000
0.000000 0.000000 1.000000 0.000000
0.000000 0.000000 0.000000 1.000000
Name: override_texture
Parent: dummyroot
Matrix:
1.000000 0.000000 0.000000 0.000000
0.000000 1.000000 0.000000 0.000000
0.000000 0.000000 1.000000 0.000000
0.000000 0.000000 0.000000 1.000000
Name: bone_pelvis
Parent: override_texture
Matrix:
1.000000 0.000000 0.000000 0.000000
0.000000 1.000000 0.000000 0.000000
0.000000 0.000000 1.000000 0.000000
0.000000 1.159374 0.000000 1.000000
Name: bone_l_thigh
Parent: bone_pelvis
Matrix:
0.156501 -0.987127 0.032974 0.000000
0.000618 -0.033287 -0.999446 0.000000
0.987678 0.156435 -0.004599 0.000000
0.094280 -0.104937 0.009118 1.000000
Name: bone_l_calf
Parent: bone_l_thigh
Matrix:
0.964992 0.262278 -0.000285 0.000000
-0.262278 0.964992 -0.000575 0.000000
0.000125 0.000630 1.000000 0.000000
0.480000 -0.000177 -0.000015 1.000000
Name: bone_neck
Parent: 
Sibling: bone_l_thigh
Matrix:
0.000000 0.999753 0.022241 0.000000
0.000000 -0.022241 0.999753 0.000000
1.000000 0.000000 -0.000000 0.000000
-0.000000 0.321768 -0.022846 1.000000
Name: bone_head
Parent: bone_neck
Matrix:
0.999753 -0.022241 0.000000 0.000000
0.022241 0.999753 0.000000 0.000000
0.000000 0.000000 1.000000 0.000000
0.363284 0.027627 -0.000000 1.000000
Name: bone_ribcage
Parent: 
Sibling: bone_neck
Matrix:
0.000000 0.999753 0.022241 0.000000
0.000000 -0.022241 0.999753 0.000000
1.000000 0.000000 -0.000000 0.000000
-0.000000 0.321768 -0.022846 1.000000
Name: bone_l_upperarm
Parent: bone_ribcage
Matrix:
-0.052089 -0.226970 0.972508 0.000000
-0.016003 -0.973515 -0.228062 0.000000
0.998514 -0.027442 0.047077 0.000000
0.167280 -0.025853 0.228874 1.000000
Name: bone_l_forearm
Parent: bone_l_upperarm
Matrix:
0.874465 -0.484917 0.012892 0.000000
0.484958 0.874537 -0.000117 0.000000
-0.011218 0.006354 0.999917 0.000000
0.240161 -0.000003 0.000036 1.000000
Name: bone_r_upperarm
Parent: 
Sibling: bone_l_upperarm
Matrix:
-0.052090 -0.226970 -0.972508 0.000000
-0.016003 -0.973515 0.228062 0.000000
-0.998514 0.027442 0.047078 0.000000
0.167280 -0.025853 -0.228874 1.000000
Name: bone_r_forearm
Parent: bone_r_upperarm
Matrix:
0.874465 -0.484917 -0.012893 0.000000
0.484959 0.874537 0.000117 0.000000
0.011219 -0.006355 0.999917 0.000000
0.240162 -0.000003 -0.000036 1.000000
Name: hp_weapons
Parent: bone_r_forearm
Matrix:
0.121220 -0.203073 0.971631 0.000000
-0.056793 -0.978665 -0.197458 0.000000
0.991000 -0.031246 -0.130167 0.000000
0.470114 -0.066152 0.006828 1.000000
Name: bone_r_thigh
Parent: 
Sibling: bone_ribcage
Matrix:
-0.156513 -0.987199 0.030675 0.000000
-0.000258 -0.031017 -0.999519 0.000000
0.987676 -0.156445 0.004600 0.000000
-0.094280 -0.104937 0.009118 1.000000
Name: bone_r_calf
Parent: bone_r_thigh
Matrix:
0.966386 0.257094 0.000310 0.000000
-0.257094 0.966386 0.000573 0.000000
-0.000153 -0.000634 1.000000 0.000000
0.480000 0.000065 0.000047 1.000000
Name: OTH_NabooGuard_Head
Parent: 
Sibling: override_texture
Matrix:
1.000000 0.000000 0.000000 0.000000
0.000000 1.000000 0.000000 0.000000
0.000000 0.000000 1.000000 0.000000
0.000000 0.000000 0.000000 1.000000
Mesh: gar_inf_nabooguard_red
Model DummyRoot
Model OTH_NabooGuard_Head
Model override_texture
Model bone_root
Model root_a_spine
Model bone_a_spine
Model bone_b_spine
Model bone_ribcage
Model eff_ribcage
Model root_l_clavicle
Model bone_l_clavicle
Model eff_l_clavicle
Model root_l_upperarm
Model bone_l_upperarm
Model bone_l_forearm
Model eff_l_forearm
Model root_l_hand
Model bone_l_hand
Model eff_l_hand
Model root_r_clavicle
Model bone_r_clavicle
Model eff_r_clavicle
Model root_r_upperarm
Model bone_r_upperarm
Model bone_r_forearm
Model eff_r_forearm
Model root_r_hand
Model bone_r_hand
Model eff_r_hand
Model hp_weapons
Model root_neck
Model bone_neck
Model bone_head
Model eff_head
Model hp_camera
Model bone_pelvis
Model root_r_thigh
Model bone_r_thigh
Model bone_r_calf
Model eff_r_calf
Model root_r_foot
Model bone_r_foot
Model bone_r_toe
Model eff_r_toe
Model root_l_thigh
Model bone_l_thigh
Model bone_l_calf
Model eff_l_calf
Model root_l_foot
Model bone_l_foot
Model bone_l_toe
Model eff_l_toe
Model sv_nabooguard
Root DummyRoot
Matrix:
1.000000 0.000000 0.000000 0.000000
0.000000 1.000000 0.000000 0.000000
0.000000 0.000000 1.000000 0.000000
0.000000 0.000000 0.000000 1.000000
Name: sv_nabooguard
Parent: DummyRoot
Matrix:
1.000000 0.000000 0.000000 0.000000
0.000000 1.000000 0.000000 0.000000
0.000000 0.000000 1.000000 0.000000
0.000000 0.000000 0.000000 1.000000
Name: override_texture
Parent: 
Sibling: sv_nabooguard
Matrix:
1.000000 0.000000 0.000000 0.000000
0.000000 1.000000 0.000000 0.000000
0.000000 0.000000 1.000000 0.000000
0.000000 0.000000 0.000000 1.000000
Name: bone_root
Parent: override_texture
Matrix:
1.000000 0.000000 0.000000 0.000000
0.000000 1.000000 0.000000 0.000000
0.000000 0.000000 1.000000 0.000000
0.000000 1.159374 0.000000 1.000000
Name: bone_pelvis
Parent: bone_root
Matrix:
1.000000 0.000000 0.000000 0.000000
0.000000 1.000000 0.000000 0.000000
0.000000 0.000000 1.000000 0.000000
0.000000 0.000000 0.000000 1.000000
Name: root_l_thigh
Parent: bone_pelvis
Matrix:
0.000000 0.000000 -1.000000 0.000000
0.000000 1.000000 0.000000 0.000000
1.000000 0.000000 0.000000 0.000000
0.094280 -0.104937 0.009118 1.000000
Name: bone_l_thigh
Parent: root_l_thigh
Matrix:
-0.032974 -0.987127 0.156501 0.000000
0.999446 -0.033287 0.000618 0.000000
0.004599 0.156434 0.987678 0.000000
0.000000 0.000000 0.000000 1.000000
Name: bone_l_calf
Parent: bone_l_thigh
Matrix:
0.964992 0.262278 -0.000285 0.000000
-0.262278 0.964992 -0.000575 0.000000
0.000125 0.000630 1.000000 0.000000
0.480000 -0.000177 -0.000015 1.000000
Name: eff_l_calf
Parent: bone_l_calf
Matrix:
1.000000 0.000000 0.000000 0.000000
0.000000 1.000000 0.000000 0.000000
0.000000 0.000000 1.000000 0.000000
0.470000 0.000054 0.000073 1.000000
Name: root_l_foot
Parent: eff_l_calf
Matrix:
0.151230 -0.040605 0.987664 0.000000
-0.961561 0.225621 0.156509 0.000000
-0.229193 -0.973369 -0.004923 0.000000
0.000000 0.000000 0.000000 1.000000
Name: bone_l_foot
Parent: root_l_foot
Matrix:
0.089820 -0.573218 0.814465 0.000000
-0.062825 -0.819403 -0.569764 0.000000
0.993975 0.000007 -0.109611 0.000000
0.000000 0.000000 0.000000 1.000000
Name: bone_l_toe
Parent: bone_l_foot
Matrix:
0.818090 -0.575090 -0.000152 0.000000
0.575090 0.818090 -0.000259 0.000000
0.000273 0.000125 1.000000 0.000000
0.165000 -0.000057 -0.000004 1.000000
Name: eff_l_toe
Parent: bone_l_toe
Matrix:
1.000000 0.000000 0.000000 0.000000
0.000000 1.000000 0.000000 0.000000
0.000000 0.000000 1.000000 0.000000
0.100000 0.000000 0.000030 1.000000
Name: root_r_thigh
Parent: 
Sibling: root_l_thigh
Matrix:
0.000000 0.000000 -1.000000 0.000000
0.000000 1.000000 0.000000 0.000000
1.000000 0.000000 0.000000 0.000000
-0.094280 -0.104937 0.009118 1.000000
Name: bone_r_thigh
Parent: root_r_thigh
Matrix:
-0.030674 -0.987200 -0.156512 0.000000
0.999519 -0.031016 -0.000258 0.000000
-0.004600 -0.156445 0.987676 0.000000
0.000000 0.000000 0.000000 1.000000
Name: bone_r_calf
Parent: bone_r_thigh
Matrix:
0.966386 0.257094 0.000310 0.000000
-0.257094 0.966386 0.000573 0.000000
-0.000153 -0.000634 1.000000 0.000000
0.480000 0.000065 0.000047 1.000000
Name: eff_r_calf
Parent: bone_r_calf
Matrix:
1.000000 0.000000 0.000000 0.000000
0.000000 1.000000 0.000000 0.000000
0.000000 0.000000 1.000000 0.000000
0.470000 0.000114 -0.000056 1.000000
Name: root_r_foot
Parent: eff_r_calf
Matrix:
0.151230 -0.040605 -0.987664 0.000000
-0.961561 0.225622 -0.156509 0.000000
0.229194 0.973368 -0.004923 0.000000
-0.000000 -0.000000 0.000000 1.000000
Name: bone_r_foot
Parent: root_r_foot
Matrix:
0.089820 -0.575714 -0.812703 0.000000
-0.062826 -0.817651 0.572276 0.000000
-0.993975 -0.000343 -0.109611 0.000000
0.000000 0.000000 0.000000 1.000000
Name: bone_r_toe
Parent: bone_r_foot
Matrix:
0.816009 -0.578039 0.000210 0.000000
0.578039 0.816009 0.000458 0.000000
-0.000436 -0.000252 1.000000 0.000000
0.165000 -0.000057 0.000008 1.000000
Name: eff_r_toe
Parent: bone_r_toe
Matrix:
1.000000 0.000000 0.000000 0.000000
0.000000 1.000000 0.000000 0.000000
0.000000 0.000000 1.000000 0.000000
0.100000 -0.000002 -0.000034 1.000000
Name: root_a_spine
Parent: 
Sibling: bone_pelvis
Matrix:
0.000000 0.000000 -1.000000 0.000000
0.000000 1.000000 0.000000 0.000000
1.000000 0.000000 0.000000 0.000000
0.000000 0.000000 0.000000 1.000000
Name: bone_a_spine
Parent: root_a_spine
Matrix:
0.086560 0.996247 0.000000 0.000000
-0.996247 0.086560 0.000000 0.000000
0.000000 0.000000 1.000000 0.000000
0.000000 0.000000 0.000000 1.000000
Name: bone_b_spine
Parent: bone_a_spine
Matrix:
0.999481 0.032208 0.000000 0.000000
-0.032208 0.999481 0.000000 0.000000
0.000000 0.000000 1.000000 0.000000
0.163415 -0.000008 0.000000 1.000000
Name: bone_ribcage
Parent: bone_b_spine
Matrix:
0.997060 0.076624 0.000000 0.000000
-0.076624 0.997060 0.000000 0.000000
0.000000 0.000000 1.000000 0.000000
0.159204 -0.000027 -0.000000 1.000000
Name: eff_ribcage
Parent: bone_ribcage
Matrix:
1.000000 0.000000 0.000000 0.000000
0.000000 1.000000 0.000000 0.000000
0.000000 0.000000 1.000000 0.000000
0.235115 -0.000075 -0.000000 1.000000
Name: root_neck
Parent: eff_ribcage
Matrix:
-0.022241 -0.999753 0.000000 0.000000
0.999753 -0.022241 0.000000 0.000000
0.000000 0.000000 1.000000 0.000000
-0.000000 0.000000 -0.000000 1.000000
Name: bone_neck
Parent: root_neck
Matrix:
-0.233296 0.972406 0.000000 0.000000
-0.972406 -0.233296 0.000000 0.000000
0.000000 0.000000 1.000000 0.000000
0.000000 0.000000 0.000000 1.000000
Name: bone_head
Parent: bone_neck
Matrix:
0.972406 -0.233296 0.000000 0.000000
0.233296 0.972406 0.000000 0.000000
0.000000 0.000000 1.000000 0.000000
0.131129 -0.000047 -0.000000 1.000000
Name: hp_camera
Parent: bone_head
Matrix:
-0.000000 0.000000 1.000000 0.000000
1.000000 0.000001 0.000000 0.000000
-0.000001 1.000000 0.000000 0.000000
0.137850 0.113461 0.000000 1.000000
Name: eff_head
Parent: 
Sibling: hp_camera
Matrix:
1.000000 0.000000 0.000000 0.000000
0.000000 1.000000 0.000000 0.000000
0.000000 0.000000 1.000000 0.000000
0.199974 0.000000 -0.000000 1.000000
Name: root_r_clavicle
Parent: 
Sibling: root_neck
Matrix:
-0.000000 0.000000 -1.000000 0.000000
-0.021475 -0.999769 -0.000000 0.000000
-0.999769 0.021475 -0.000000 0.000000
-0.000000 0.000000 0.000000 1.000000
Name: bone_r_clavicle
Parent: root_r_clavicle
Matrix:
0.953181 0.113271 0.280385 0.000000
-0.118127 0.992998 0.000423 0.000000
-0.278374 -0.033524 0.959888 0.000000
0.000000 0.000000 0.000000 1.000000
Name: eff_r_clavicle
Parent: bone_r_clavicle
Matrix:
1.000000 0.000000 0.000000 0.000000
0.000000 1.000000 0.000000 0.000000
0.000000 0.000000 1.000000 0.000000
0.240102 0.000081 -0.000080 1.000000
Name: root_r_upperarm
Parent: eff_r_clavicle
Matrix:
0.953329 -0.118324 -0.277783 0.000000
0.113586 0.992975 -0.033149 0.000000
0.279754 0.000050 0.960072 0.000000
0.000000 0.000000 0.000000 1.000000
Name: bone_r_upperarm
Parent: root_r_upperarm
Matrix:
0.972508 0.228072 0.047029 0.000000
-0.228062 0.973630 -0.005653 0.000000
-0.047078 -0.005227 0.998878 0.000000
0.000000 0.000000 0.000000 1.000000
Name: bone_r_forearm
Parent: bone_r_upperarm
Matrix:
0.873837 -0.486218 -0.000340 0.000000
0.486218 0.873837 -0.000164 0.000000
0.000377 -0.000022 1.000000 0.000000
0.240162 -0.000003 -0.000036 1.000000
Name: eff_r_forearm
Parent: bone_r_forearm
Matrix:
1.000000 0.000000 0.000000 0.000000
0.000000 1.000000 0.000000 0.000000
0.000000 0.000000 1.000000 0.000000
0.303566 0.000041 0.000070 1.000000
Name: root_r_hand
Parent: eff_r_forearm
Matrix:
0.960650 0.273797 -0.046769 0.000000
-0.274097 0.961702 -0.000000 0.000000
0.044978 0.012819 0.998906 0.000000
-0.000000 -0.000000 0.000000 1.000000
Name: bone_r_hand
Parent: root_r_hand
Matrix:
0.962953 -0.269668 0.000000 0.000000
0.269668 0.962953 0.000000 0.000000
0.000000 0.000000 1.000000 0.000000
0.000000 0.000000 0.000000 1.000000
Name: hp_weapons
Parent: bone_r_hand
Matrix:
0.090260 -0.220776 0.971139 0.000000
-0.052098 -0.974831 -0.216773 0.000000
0.994555 -0.031029 -0.099491 0.000000
0.166233 -0.066317 0.006925 1.000000
Name: eff_r_hand
Parent: 
Sibling: hp_weapons
Matrix:
1.000000 0.000000 0.000000 0.000000
0.000000 1.000000 0.000000 0.000000
0.000000 0.000000 1.000000 0.000000
0.127133 -0.000011 0.000000 1.000000
Name: root_l_clavicle
Parent: 
Sibling: root_r_clavicle
Matrix:
-0.000000 0.000000 1.000000 0.000000
-0.021475 -0.999769 0.000000 0.000000
0.999769 -0.021475 -0.000000 0.000000
-0.000000 0.000000 -0.000000 1.000000
Name: bone_l_clavicle
Parent: root_l_clavicle
Matrix:
0.953181 0.113271 -0.280385 0.000000
-0.118127 0.992998 -0.000423 0.000000
0.278374 0.033524 0.959888 0.000000
0.000000 0.000000 0.000000 1.000000
Name: eff_l_clavicle
Parent: bone_l_clavicle
Matrix:
1.000000 0.000000 0.000000 0.000000
0.000000 1.000000 0.000000 0.000000
0.000000 0.000000 1.000000 0.000000
0.240102 0.000081 0.000080 1.000000
Name: root_l_upperarm
Parent: eff_l_clavicle
Matrix:
0.953329 -0.118324 0.277783 0.000000
0.113586 0.992975 0.033150 0.000000
-0.279754 -0.000051 0.960072 0.000000
0.000000 0.000000 -0.000000 1.000000
Name: bone_l_upperarm
Parent: root_l_upperarm
Matrix:
0.972508 0.228072 -0.047028 0.000000
-0.228062 0.973630 0.005653 0.000000
0.047077 0.005227 0.998878 0.000000
0.000000 0.000000 0.000000 1.000000
Name: bone_l_forearm
Parent: bone_l_upperarm
Matrix:
0.873837 -0.486218 0.000339 0.000000
0.486218 0.873837 0.000163 0.000000
-0.000376 0.000022 1.000000 0.000000
0.240161 -0.000003 0.000036 1.000000
Name: eff_l_forearm
Parent: bone_l_forearm
Matrix:
1.000000 0.000000 0.000000 0.000000
0.000000 1.000000 0.000000 0.000000
0.000000 0.000000 1.000000 0.000000
0.303566 0.000041 -0.000070 1.000000
Name: root_l_hand
Parent: eff_l_forearm
Matrix:
0.960650 0.273797 0.046769 0.000000
-0.274097 0.961702 0.000000 0.000000
-0.044978 -0.012819 0.998906 0.000000
0.000000 0.000000 0.000000 1.000000
Name: bone_l_hand
Parent: root_l_hand
Matrix:
0.962953 -0.269668 0.000000 0.000000
0.269668 0.962953 0.000000 0.000000
0.000000 0.000000 1.000000 0.000000
0.000000 0.000000 0.000000 1.000000
Name: eff_l_hand
Parent: bone_l_hand
Matrix:
1.000000 0.000000 0.000000 0.000000
0.000000 1.000000 0.000000 0.000000
0.000000 0.000000 1.000000 0.000000
0.127133 -0.000011 -0.000000 1.000000
Name: OTH_NabooGuard_Head
Parent: 
Sibling: override_texture
Matrix:
1.000000 0.000000 0.000000 0.000000
0.000000 1.000000 0.000000 0.000000
0.000000 0.000000 1.000000 0.000000
0.000000 0.000000 0.000000 1.000000
WARNING[msh\gar_inf_nabooguard_red.msh]:SplitSkinnedSegments: WARNING: out of space in splitting catalog!
WARNING[msh\gar_inf_nabooguard_red.msh]:gar_inf_nabooguard_red has 1227 vertices and NO COLLISION GEOMETRY (WILL BE SLOW)!
Mesh: gar_inf_nabooguard_yellow
Model DummyRoot
Model OTH_NabooGuard_Head
Model override_texture
Model bone_root
Model root_a_spine
Model bone_a_spine
Model bone_b_spine
Model bone_ribcage
Model eff_ribcage
Model root_l_clavicle
Model bone_l_clavicle
Model eff_l_clavicle
Model root_l_upperarm
Model bone_l_upperarm
Model bone_l_forearm
Model eff_l_forearm
Model root_l_hand
Model bone_l_hand
Model eff_l_hand
Model root_r_clavicle
Model bone_r_clavicle
Model eff_r_clavicle
Model root_r_upperarm
Model bone_r_upperarm
Model bone_r_forearm
Model eff_r_forearm
Model root_r_hand
Model bone_r_hand
Model eff_r_hand
Model hp_weapons
Model root_neck
Model bone_neck
Model bone_head
Model eff_head
Model hp_camera
Model bone_pelvis
Model root_r_thigh
Model bone_r_thigh
Model bone_r_calf
Model eff_r_calf
Model root_r_foot
Model bone_r_foot
Model bone_r_toe
Model eff_r_toe
Model root_l_thigh
Model bone_l_thigh
Model bone_l_calf
Model eff_l_calf
Model root_l_foot
Model bone_l_foot
Model bone_l_toe
Model eff_l_toe
Model sv_nabooguard
Root DummyRoot
Matrix:
1.000000 0.000000 0.000000 0.000000
0.000000 1.000000 0.000000 0.000000
0.000000 0.000000 1.000000 0.000000
0.000000 0.000000 0.000000 1.000000
Name: sv_nabooguard
Parent: DummyRoot
Matrix:
1.000000 0.000000 0.000000 0.000000
0.000000 1.000000 0.000000 0.000000
0.000000 0.000000 1.000000 0.000000
0.000000 0.000000 0.000000 1.000000
Name: override_texture
Parent: 
Sibling: sv_nabooguard
Matrix:
1.000000 0.000000 0.000000 0.000000
0.000000 1.000000 0.000000 0.000000
0.000000 0.000000 1.000000 0.000000
0.000000 0.000000 0.000000 1.000000
Name: bone_root
Parent: override_texture
Matrix:
1.000000 0.000000 0.000000 0.000000
0.000000 1.000000 0.000000 0.000000
0.000000 0.000000 1.000000 0.000000
0.000000 1.159374 0.000000 1.000000
Name: bone_pelvis
Parent: bone_root
Matrix:
1.000000 0.000000 0.000000 0.000000
0.000000 1.000000 0.000000 0.000000
0.000000 0.000000 1.000000 0.000000
0.000000 0.000000 0.000000 1.000000
Name: root_l_thigh
Parent: bone_pelvis
Matrix:
0.000000 0.000000 -1.000000 0.000000
0.000000 1.000000 0.000000 0.000000
1.000000 0.000000 0.000000 0.000000
0.094280 -0.104937 0.009118 1.000000
Name: bone_l_thigh
Parent: root_l_thigh
Matrix:
-0.032974 -0.987127 0.156501 0.000000
0.999446 -0.033287 0.000618 0.000000
0.004599 0.156434 0.987678 0.000000
0.000000 0.000000 0.000000 1.000000
Name: bone_l_calf
Parent: bone_l_thigh
Matrix:
0.964992 0.262278 -0.000285 0.000000
-0.262278 0.964992 -0.000575 0.000000
0.000125 0.000630 1.000000 0.000000
0.480000 -0.000177 -0.000015 1.000000
Name: eff_l_calf
Parent: bone_l_calf
Matrix:
1.000000 0.000000 0.000000 0.000000
0.000000 1.000000 0.000000 0.000000
0.000000 0.000000 1.000000 0.000000
0.470000 0.000054 0.000073 1.000000
Name: root_l_foot
Parent: eff_l_calf
Matrix:
0.151230 -0.040605 0.987664 0.000000
-0.961561 0.225621 0.156509 0.000000
-0.229193 -0.973369 -0.004923 0.000000
0.000000 0.000000 0.000000 1.000000
Name: bone_l_foot
Parent: root_l_foot
Matrix:
0.089820 -0.573218 0.814465 0.000000
-0.062825 -0.819403 -0.569764 0.000000
0.993975 0.000007 -0.109611 0.000000
0.000000 0.000000 0.000000 1.000000
Name: bone_l_toe
Parent: bone_l_foot
Matrix:
0.818090 -0.575090 -0.000152 0.000000
0.575090 0.818090 -0.000259 0.000000
0.000273 0.000125 1.000000 0.000000
0.165000 -0.000057 -0.000004 1.000000
Name: eff_l_toe
Parent: bone_l_toe
Matrix:
1.000000 0.000000 0.000000 0.000000
0.000000 1.000000 0.000000 0.000000
0.000000 0.000000 1.000000 0.000000
0.100000 0.000000 0.000030 1.000000
Name: root_r_thigh
Parent: 
Sibling: root_l_thigh
Matrix:
0.000000 0.000000 -1.000000 0.000000
0.000000 1.000000 0.000000 0.000000
1.000000 0.000000 0.000000 0.000000
-0.094280 -0.104937 0.009118 1.000000
Name: bone_r_thigh
Parent: root_r_thigh
Matrix:
-0.030674 -0.987200 -0.156512 0.000000
0.999519 -0.031016 -0.000258 0.000000
-0.004600 -0.156445 0.987676 0.000000
0.000000 0.000000 0.000000 1.000000
Name: bone_r_calf
Parent: bone_r_thigh
Matrix:
0.966386 0.257094 0.000310 0.000000
-0.257094 0.966386 0.000573 0.000000
-0.000153 -0.000634 1.000000 0.000000
0.480000 0.000065 0.000047 1.000000
Name: eff_r_calf
Parent: bone_r_calf
Matrix:
1.000000 0.000000 0.000000 0.000000
0.000000 1.000000 0.000000 0.000000
0.000000 0.000000 1.000000 0.000000
0.470000 0.000114 -0.000056 1.000000
Name: root_r_foot
Parent: eff_r_calf
Matrix:
0.151230 -0.040605 -0.987664 0.000000
-0.961561 0.225622 -0.156509 0.000000
0.229194 0.973368 -0.004923 0.000000
-0.000000 -0.000000 0.000000 1.000000
Name: bone_r_foot
Parent: root_r_foot
Matrix:
0.089820 -0.575714 -0.812703 0.000000
-0.062826 -0.817651 0.572276 0.000000
-0.993975 -0.000343 -0.109611 0.000000
0.000000 0.000000 0.000000 1.000000
Name: bone_r_toe
Parent: bone_r_foot
Matrix:
0.816009 -0.578039 0.000210 0.000000
0.578039 0.816009 0.000458 0.000000
-0.000436 -0.000252 1.000000 0.000000
0.165000 -0.000057 0.000008 1.000000
Name: eff_r_toe
Parent: bone_r_toe
Matrix:
1.000000 0.000000 0.000000 0.000000
0.000000 1.000000 0.000000 0.000000
0.000000 0.000000 1.000000 0.000000
0.100000 -0.000002 -0.000034 1.000000
Name: root_a_spine
Parent: 
Sibling: bone_pelvis
Matrix:
0.000000 0.000000 -1.000000 0.000000
0.000000 1.000000 0.000000 0.000000
1.000000 0.000000 0.000000 0.000000
0.000000 0.000000 0.000000 1.000000
Name: bone_a_spine
Parent: root_a_spine
Matrix:
0.086560 0.996247 0.000000 0.000000
-0.996247 0.086560 0.000000 0.000000
0.000000 0.000000 1.000000 0.000000
0.000000 0.000000 0.000000 1.000000
Name: bone_b_spine
Parent: bone_a_spine
Matrix:
0.999481 0.032208 0.000000 0.000000
-0.032208 0.999481 0.000000 0.000000
0.000000 0.000000 1.000000 0.000000
0.163415 -0.000008 0.000000 1.000000
Name: bone_ribcage
Parent: bone_b_spine
Matrix:
0.997060 0.076624 0.000000 0.000000
-0.076624 0.997060 0.000000 0.000000
0.000000 0.000000 1.000000 0.000000
0.159204 -0.000027 -0.000000 1.000000
Name: eff_ribcage
Parent: bone_ribcage
Matrix:
1.000000 0.000000 0.000000 0.000000
0.000000 1.000000 0.000000 0.000000
0.000000 0.000000 1.000000 0.000000
0.235115 -0.000075 -0.000000 1.000000
Name: root_neck
Parent: eff_ribcage
Matrix:
-0.022241 -0.999753 0.000000 0.000000
0.999753 -0.022241 0.000000 0.000000
0.000000 0.000000 1.000000 0.000000
-0.000000 0.000000 -0.000000 1.000000
Name: bone_neck
Parent: root_neck
Matrix:
-0.233296 0.972406 0.000000 0.000000
-0.972406 -0.233296 0.000000 0.000000
0.000000 0.000000 1.000000 0.000000
0.000000 0.000000 0.000000 1.000000
Name: bone_head
Parent: bone_neck
Matrix:
0.972406 -0.233296 0.000000 0.000000
0.233296 0.972406 0.000000 0.000000
0.000000 0.000000 1.000000 0.000000
0.131129 -0.000047 -0.000000 1.000000
Name: hp_camera
Parent: bone_head
Matrix:
-0.000000 0.000000 1.000000 0.000000
1.000000 0.000001 0.000000 0.000000
-0.000001 1.000000 0.000000 0.000000
0.137850 0.113461 0.000000 1.000000
Name: eff_head
Parent: 
Sibling: hp_camera
Matrix:
1.000000 0.000000 0.000000 0.000000
0.000000 1.000000 0.000000 0.000000
0.000000 0.000000 1.000000 0.000000
0.199974 0.000000 -0.000000 1.000000
Name: root_r_clavicle
Parent: 
Sibling: root_neck
Matrix:
-0.000000 0.000000 -1.000000 0.000000
-0.021475 -0.999769 -0.000000 0.000000
-0.999769 0.021475 -0.000000 0.000000
-0.000000 0.000000 0.000000 1.000000
Name: bone_r_clavicle
Parent: root_r_clavicle
Matrix:
0.953181 0.113271 0.280385 0.000000
-0.118127 0.992998 0.000423 0.000000
-0.278374 -0.033524 0.959888 0.000000
0.000000 0.000000 0.000000 1.000000
Name: eff_r_clavicle
Parent: bone_r_clavicle
Matrix:
1.000000 0.000000 0.000000 0.000000
0.000000 1.000000 0.000000 0.000000
0.000000 0.000000 1.000000 0.000000
0.240102 0.000081 -0.000080 1.000000
Name: root_r_upperarm
Parent: eff_r_clavicle
Matrix:
0.953329 -0.118324 -0.277783 0.000000
0.113586 0.992975 -0.033149 0.000000
0.279754 0.000050 0.960072 0.000000
0.000000 0.000000 0.000000 1.000000
Name: bone_r_upperarm
Parent: root_r_upperarm
Matrix:
0.972508 0.228072 0.047029 0.000000
-0.228062 0.973630 -0.005653 0.000000
-0.047078 -0.005227 0.998878 0.000000
0.000000 0.000000 0.000000 1.000000
Name: bone_r_forearm
Parent: bone_r_upperarm
Matrix:
0.873837 -0.486218 -0.000340 0.000000
0.486218 0.873837 -0.000164 0.000000
0.000377 -0.000022 1.000000 0.000000
0.240162 -0.000003 -0.000036 1.000000
Name: eff_r_forearm
Parent: bone_r_forearm
Matrix:
1.000000 0.000000 0.000000 0.000000
0.000000 1.000000 0.000000 0.000000
0.000000 0.000000 1.000000 0.000000
0.303566 0.000041 0.000070 1.000000
Name: root_r_hand
Parent: eff_r_forearm
Matrix:
0.960650 0.273797 -0.046769 0.000000
-0.274097 0.961702 -0.000000 0.000000
0.044978 0.012819 0.998906 0.000000
-0.000000 -0.000000 0.000000 1.000000
Name: bone_r_hand
Parent: root_r_hand
Matrix:
0.962953 -0.269668 0.000000 0.000000
0.269668 0.962953 0.000000 0.000000
0.000000 0.000000 1.000000 0.000000
0.000000 0.000000 0.000000 1.000000
Name: hp_weapons
Parent: bone_r_hand
Matrix:
0.090260 -0.220776 0.971139 0.000000
-0.052098 -0.974831 -0.216773 0.000000
0.994555 -0.031029 -0.099491 0.000000
0.166233 -0.066317 0.006925 1.000000
Name: eff_r_hand
Parent: 
Sibling: hp_weapons
Matrix:
1.000000 0.000000 0.000000 0.000000
0.000000 1.000000 0.000000 0.000000
0.000000 0.000000 1.000000 0.000000
0.127133 -0.000011 0.000000 1.000000
Name: root_l_clavicle
Parent: 
Sibling: root_r_clavicle
Matrix:
-0.000000 0.000000 1.000000 0.000000
-0.021475 -0.999769 0.000000 0.000000
0.999769 -0.021475 -0.000000 0.000000
-0.000000 0.000000 -0.000000 1.000000
Name: bone_l_clavicle
Parent: root_l_clavicle
Matrix:
0.953181 0.113271 -0.280385 0.000000
-0.118127 0.992998 -0.000423 0.000000
0.278374 0.033524 0.959888 0.000000
0.000000 0.000000 0.000000 1.000000
Name: eff_l_clavicle
Parent: bone_l_clavicle
Matrix:
1.000000 0.000000 0.000000 0.000000
0.000000 1.000000 0.000000 0.000000
0.000000 0.000000 1.000000 0.000000
0.240102 0.000081 0.000080 1.000000
Name: root_l_upperarm
Parent: eff_l_clavicle
Matrix:
0.953329 -0.118324 0.277783 0.000000
0.113586 0.992975 0.033150 0.000000
-0.279754 -0.000051 0.960072 0.000000
0.000000 0.000000 -0.000000 1.000000
Name: bone_l_upperarm
Parent: root_l_upperarm
Matrix:
0.972508 0.228072 -0.047028 0.000000
-0.228062 0.973630 0.005653 0.000000
0.047077 0.005227 0.998878 0.000000
0.000000 0.000000 0.000000 1.000000
Name: bone_l_forearm
Parent: bone_l_upperarm
Matrix:
0.873837 -0.486218 0.000339 0.000000
0.486218 0.873837 0.000163 0.000000
-0.000376 0.000022 1.000000 0.000000
0.240161 -0.000003 0.000036 1.000000
Name: eff_l_forearm
Parent: bone_l_forearm
Matrix:
1.000000 0.000000 0.000000 0.000000
0.000000 1.000000 0.000000 0.000000
0.000000 0.000000 1.000000 0.000000
0.303566 0.000041 -0.000070 1.000000
Name: root_l_hand
Parent: eff_l_forearm
Matrix:
0.960650 0.273797 0.046769 0.000000
-0.274097 0.961702 0.000000 0.000000
-0.044978 -0.012819 0.998906 0.000000
0.000000 0.000000 0.000000 1.000000
Name: bone_l_hand
Parent: root_l_hand
Matrix:
0.962953 -0.269668 0.000000 0.000000
0.269668 0.962953 0.000000 0.000000
0.000000 0.000000 1.000000 0.000000
0.000000 0.000000 0.000000 1.000000
Name: eff_l_hand
Parent: bone_l_hand
Matrix:
1.000000 0.000000 0.000000 0.000000
0.000000 1.000000 0.000000 0.000000
0.000000 0.000000 1.000000 0.000000
0.127133 -0.000011 -0.000000 1.000000
Name: OTH_NabooGuard_Head
Parent: 
Sibling: override_texture
Matrix:
1.000000 0.000000 0.000000 0.000000
0.000000 1.000000 0.000000 0.000000
0.000000 0.000000 1.000000 0.000000
0.000000 0.000000 0.000000 1.000000
WARNING[msh\gar_inf_nabooguard_yellow.msh]:SplitSkinnedSegments: WARNING: out of space in splitting catalog!
WARNING[msh\gar_inf_nabooguard_yellow.msh]:gar_inf_nabooguard_yellow has 1227 vertices and NO COLLISION GEOMETRY (WILL BE SLOW)!
Mesh: all_weap_inf_pistol
Model all_weap_inf_pistol
Model hp_fire
Model hp_active
Root all_weap_inf_pistol
Matrix:
1.000000 0.000000 0.000000 0.000000
0.000000 1.000000 0.000000 0.000000
0.000000 0.000000 1.000000 0.000000
0.000000 0.000000 0.000000 1.000000
Name: hp_active
Parent: all_weap_inf_pistol
Matrix:
1.000000 0.000000 0.000000 0.000000
0.000000 1.000000 0.000000 0.000000
0.000000 0.000000 1.000000 0.000000
0.000000 -0.018688 0.006327 1.000000
Name: hp_fire
Parent: 
Sibling: hp_active
Matrix:
1.000000 0.000000 0.000000 0.000000
0.000000 1.000000 0.000000 0.000000
0.000000 0.000000 1.000000 0.000000
0.015686 0.066341 0.335261 1.000000
   0 Errors    6 Warnings

